{"/Users/philip/github/pipo/server/models/user.js":{"path":"/Users/philip/github/pipo/server/models/user.js","s":{"1":1,"2":1,"3":1,"4":1,"5":1,"6":1,"7":1,"8":1,"9":1,"10":3,"11":3,"12":1,"13":2,"14":2,"15":0,"16":0,"17":0,"18":0,"19":0,"20":0,"21":0,"22":0,"23":0,"24":0,"25":0,"26":0,"27":0,"28":0,"29":0,"30":0,"31":0,"32":0,"33":0,"34":0,"35":0,"36":0,"37":0,"38":1,"39":0,"40":0,"41":0,"42":0,"43":0,"44":0,"45":0,"46":0,"47":0,"48":0,"49":0,"50":0,"51":0,"52":0,"53":0,"54":0,"55":0,"56":0,"57":0,"58":0,"59":0,"60":0,"61":0,"62":0,"63":0,"64":0,"65":0,"66":0,"67":0,"68":1,"69":0,"70":0,"71":0,"72":0,"73":0,"74":0,"75":0,"76":0,"77":0,"78":0,"79":1,"80":0,"81":0,"82":0,"83":0,"84":0,"85":0,"86":0,"87":1,"88":0,"89":0,"90":0,"91":0,"92":0,"93":0,"94":0,"95":1,"96":0,"97":0,"98":0,"99":0,"100":0,"101":0,"102":0,"103":0,"104":0,"105":0,"106":0,"107":0,"108":1,"109":0,"110":0,"111":0,"112":0,"113":0,"114":1,"115":0,"116":0,"117":0,"118":0,"119":0,"120":0,"121":0,"122":0,"123":0,"124":1,"125":0,"126":0,"127":0,"128":0,"129":0,"130":0,"131":1,"132":0,"133":0,"134":0,"135":0,"136":0,"137":0,"138":0,"139":0,"140":1,"141":0,"142":0,"143":0,"144":0,"145":0,"146":1,"147":0,"148":0,"149":0,"150":0,"151":0,"152":0,"153":0,"154":0,"155":0,"156":0,"157":0,"158":0,"159":0,"160":0,"161":0,"162":0,"163":1,"164":0,"165":0,"166":0,"167":0,"168":0,"169":0,"170":0,"171":0,"172":0,"173":0,"174":0,"175":0,"176":0,"177":1,"178":0,"179":0,"180":0,"181":0,"182":0,"183":0,"184":0,"185":1,"186":0,"187":0,"188":0,"189":0,"190":0,"191":0,"192":1,"193":0,"194":0,"195":0,"196":0,"197":0,"198":0,"199":0,"200":0,"201":0,"202":0,"203":0,"204":0,"205":0,"206":1,"207":0,"208":0,"209":0,"210":1,"211":0,"212":1,"213":0,"214":1,"215":0,"216":0,"217":0,"218":0,"219":0,"220":0,"221":0,"222":1},"b":{"1":[1,2],"2":[3,2],"3":[2,0],"4":[2,0,0],"5":[0,0],"6":[0,0],"7":[0,0],"8":[0,0],"9":[0,0,0],"10":[0,0],"11":[0,0],"12":[0,0],"13":[0,0],"14":[0,0],"15":[0,0],"16":[0,0],"17":[0,0],"18":[0,0],"19":[0,0],"20":[0,0],"21":[0,0],"22":[0,0],"23":[0,0],"24":[0,0],"25":[0,0],"26":[0,0],"27":[0,0],"28":[0,0],"29":[0,0],"30":[0,0],"31":[0,0],"32":[0,0],"33":[0,0],"34":[0,0],"35":[0,0],"36":[0,0],"37":[0,0],"38":[0,0,0],"39":[0,0],"40":[0,0]},"f":{"1":3,"2":0,"3":0,"4":0,"5":0,"6":0,"7":0,"8":0,"9":0,"10":0,"11":0,"12":0,"13":0,"14":0,"15":0,"16":0,"17":0,"18":0,"19":0,"20":0,"21":0,"22":0,"23":0,"24":0,"25":0,"26":0,"27":0,"28":0,"29":0,"30":0,"31":0,"32":0,"33":0,"34":0,"35":0,"36":0,"37":0,"38":0,"39":0,"40":0,"41":0,"42":0,"43":0,"44":0,"45":0,"46":0,"47":0,"48":0},"fnMap":{"1":{"name":"createUser","line":54,"loc":{"start":{"line":54,"column":28},"end":{"line":54,"column":68}}},"2":{"name":"(anonymous_2)","line":86,"loc":{"start":{"line":86,"column":57},"end":{"line":86,"column":77}}},"3":{"name":"(anonymous_3)","line":89,"loc":{"start":{"line":89,"column":19},"end":{"line":89,"column":33}}},"4":{"name":"(anonymous_4)","line":95,"loc":{"start":{"line":95,"column":63},"end":{"line":95,"column":83}}},"5":{"name":"authOrCreate","line":110,"loc":{"start":{"line":110,"column":42},"end":{"line":110,"column":80}}},"6":{"name":"(anonymous_6)","line":133,"loc":{"start":{"line":133,"column":115},"end":{"line":133,"column":135}}},"7":{"name":"(anonymous_7)","line":153,"loc":{"start":{"line":153,"column":70},"end":{"line":153,"column":94}}},"8":{"name":"setEmail","line":170,"loc":{"start":{"line":170,"column":30},"end":{"line":170,"column":64}}},"9":{"name":"(anonymous_9)","line":174,"loc":{"start":{"line":174,"column":44},"end":{"line":174,"column":64}}},"10":{"name":"addAutoJoin","line":183,"loc":{"start":{"line":183,"column":33},"end":{"line":183,"column":70}}},"11":{"name":"(anonymous_11)","line":186,"loc":{"start":{"line":186,"column":82},"end":{"line":186,"column":102}}},"12":{"name":"(anonymous_12)","line":187,"loc":{"start":{"line":187,"column":42},"end":{"line":187,"column":62}}},"13":{"name":"removeAutoJoin","line":195,"loc":{"start":{"line":195,"column":36},"end":{"line":195,"column":76}}},"14":{"name":"(anonymous_14)","line":198,"loc":{"start":{"line":198,"column":77},"end":{"line":198,"column":97}}},"15":{"name":"(anonymous_15)","line":199,"loc":{"start":{"line":199,"column":37},"end":{"line":199,"column":57}}},"16":{"name":"availableRooms","line":210,"loc":{"start":{"line":210,"column":36},"end":{"line":210,"column":76}}},"17":{"name":"(anonymous_17)","line":214,"loc":{"start":{"line":214,"column":37},"end":{"line":214,"column":57}}},"18":{"name":"(anonymous_18)","line":216,"loc":{"start":{"line":216,"column":224},"end":{"line":216,"column":245}}},"19":{"name":"getEmailHash","line":234,"loc":{"start":{"line":234,"column":34},"end":{"line":234,"column":72}}},"20":{"name":"(anonymous_20)","line":236,"loc":{"start":{"line":236,"column":39},"end":{"line":236,"column":59}}},"21":{"name":"getAllUsers","line":242,"loc":{"start":{"line":242,"column":33},"end":{"line":242,"column":70}}},"22":{"name":"(anonymous_22)","line":245,"loc":{"start":{"line":245,"column":16},"end":{"line":245,"column":37}}},"23":{"name":"(anonymous_23)","line":247,"loc":{"start":{"line":247,"column":18},"end":{"line":247,"column":33}}},"24":{"name":"(anonymous_24)","line":248,"loc":{"start":{"line":248,"column":26},"end":{"line":248,"column":50}}},"25":{"name":"sanatize","line":256,"loc":{"start":{"line":256,"column":30},"end":{"line":256,"column":64}}},"26":{"name":"(anonymous_26)","line":260,"loc":{"start":{"line":260,"column":57},"end":{"line":260,"column":72}}},"27":{"name":"buildUserNameMap","line":282,"loc":{"start":{"line":282,"column":38},"end":{"line":282,"column":80}}},"28":{"name":"(anonymous_28)","line":289,"loc":{"start":{"line":289,"column":32},"end":{"line":289,"column":46}}},"29":{"name":"buildProfile","line":298,"loc":{"start":{"line":298,"column":34},"end":{"line":298,"column":72}}},"30":{"name":"(anonymous_30)","line":302,"loc":{"start":{"line":302,"column":22},"end":{"line":302,"column":46}}},"31":{"name":"setActive","line":324,"loc":{"start":{"line":324,"column":31},"end":{"line":324,"column":66}}},"32":{"name":"(anonymous_32)","line":331,"loc":{"start":{"line":331,"column":32},"end":{"line":331,"column":52}}},"33":{"name":"(anonymous_33)","line":340,"loc":{"start":{"line":340,"column":14},"end":{"line":340,"column":28}}},"34":{"name":"addUserIfNotExist","line":356,"loc":{"start":{"line":356,"column":40},"end":{"line":356,"column":87}}},"35":{"name":"(anonymous_35)","line":358,"loc":{"start":{"line":358,"column":39},"end":{"line":358,"column":59}}},"36":{"name":"(anonymous_36)","line":364,"loc":{"start":{"line":364,"column":15},"end":{"line":364,"column":42}}},"37":{"name":"getMasterKeyPair","line":376,"loc":{"start":{"line":376,"column":38},"end":{"line":376,"column":90}}},"38":{"name":"(anonymous_38)","line":377,"loc":{"start":{"line":377,"column":39},"end":{"line":377,"column":59}}},"39":{"name":"findUserBySocketId","line":390,"loc":{"start":{"line":390,"column":36},"end":{"line":390,"column":84}}},"40":{"name":"(anonymous_40)","line":391,"loc":{"start":{"line":391,"column":40},"end":{"line":391,"column":60}}},"41":{"name":"disconnectUser","line":403,"loc":{"start":{"line":403,"column":32},"end":{"line":403,"column":76}}},"42":{"name":"(anonymous_42)","line":404,"loc":{"start":{"line":404,"column":31},"end":{"line":404,"column":51}}},"43":{"name":"(anonymous_43)","line":409,"loc":{"start":{"line":409,"column":42},"end":{"line":409,"column":66}}},"44":{"name":"(anonymous_44)","line":429,"loc":{"start":{"line":429,"column":39},"end":{"line":429,"column":62}}},"45":{"name":"(anonymous_45)","line":437,"loc":{"start":{"line":437,"column":34},"end":{"line":437,"column":54}}},"46":{"name":"(anonymous_46)","line":441,"loc":{"start":{"line":441,"column":36},"end":{"line":441,"column":56}}},"47":{"name":"(anonymous_47)","line":445,"loc":{"start":{"line":445,"column":36},"end":{"line":445,"column":65}}},"48":{"name":"(anonymous_48)","line":446,"loc":{"start":{"line":446,"column":39},"end":{"line":446,"column":59}}}},"statementMap":{"1":{"start":{"line":1,"column":0},"end":{"line":1,"column":35}},"2":{"start":{"line":2,"column":0},"end":{"line":2,"column":29}},"3":{"start":{"line":3,"column":0},"end":{"line":3,"column":38}},"4":{"start":{"line":4,"column":0},"end":{"line":4,"column":31}},"5":{"start":{"line":5,"column":0},"end":{"line":5,"column":29}},"6":{"start":{"line":6,"column":0},"end":{"line":6,"column":29}},"7":{"start":{"line":7,"column":0},"end":{"line":7,"column":44}},"8":{"start":{"line":27,"column":0},"end":{"line":52,"column":3}},"9":{"start":{"line":54,"column":0},"end":{"line":103,"column":2}},"10":{"start":{"line":55,"column":2},"end":{"line":55,"column":18}},"11":{"start":{"line":56,"column":2},"end":{"line":58,"column":3}},"12":{"start":{"line":57,"column":4},"end":{"line":57,"column":65}},"13":{"start":{"line":59,"column":2},"end":{"line":61,"column":3}},"14":{"start":{"line":60,"column":4},"end":{"line":60,"column":66}},"15":{"start":{"line":63,"column":2},"end":{"line":63,"column":152}},"16":{"start":{"line":65,"column":2},"end":{"line":65,"column":35}},"17":{"start":{"line":66,"column":2},"end":{"line":66,"column":29}},"18":{"start":{"line":67,"column":2},"end":{"line":67,"column":35}},"19":{"start":{"line":68,"column":2},"end":{"line":68,"column":23}},"20":{"start":{"line":69,"column":2},"end":{"line":71,"column":3}},"21":{"start":{"line":70,"column":4},"end":{"line":70,"column":69}},"22":{"start":{"line":72,"column":2},"end":{"line":72,"column":49}},"23":{"start":{"line":73,"column":2},"end":{"line":73,"column":37}},"24":{"start":{"line":74,"column":2},"end":{"line":74,"column":36}},"25":{"start":{"line":75,"column":2},"end":{"line":75,"column":72}},"26":{"start":{"line":77,"column":2},"end":{"line":84,"column":5}},"27":{"start":{"line":86,"column":2},"end":{"line":102,"column":4}},"28":{"start":{"line":87,"column":4},"end":{"line":101,"column":5}},"29":{"start":{"line":88,"column":6},"end":{"line":88,"column":44}},"30":{"start":{"line":89,"column":6},"end":{"line":98,"column":8}},"31":{"start":{"line":90,"column":8},"end":{"line":90,"column":43}},"32":{"start":{"line":91,"column":8},"end":{"line":93,"column":9}},"33":{"start":{"line":92,"column":10},"end":{"line":92,"column":57}},"34":{"start":{"line":94,"column":8},"end":{"line":94,"column":46}},"35":{"start":{"line":95,"column":8},"end":{"line":97,"column":10}},"36":{"start":{"line":96,"column":10},"end":{"line":96,"column":61}},"37":{"start":{"line":100,"column":6},"end":{"line":100,"column":58}},"38":{"start":{"line":110,"column":0},"end":{"line":168,"column":2}},"39":{"start":{"line":111,"column":2},"end":{"line":111,"column":71}},"40":{"start":{"line":112,"column":2},"end":{"line":112,"column":25}},"41":{"start":{"line":113,"column":2},"end":{"line":113,"column":33}},"42":{"start":{"line":115,"column":2},"end":{"line":115,"column":18}},"43":{"start":{"line":117,"column":2},"end":{"line":119,"column":3}},"44":{"start":{"line":118,"column":4},"end":{"line":118,"column":67}},"45":{"start":{"line":121,"column":2},"end":{"line":123,"column":3}},"46":{"start":{"line":122,"column":4},"end":{"line":122,"column":55}},"47":{"start":{"line":125,"column":2},"end":{"line":127,"column":3}},"48":{"start":{"line":126,"column":4},"end":{"line":126,"column":56}},"49":{"start":{"line":129,"column":2},"end":{"line":132,"column":3}},"50":{"start":{"line":133,"column":2},"end":{"line":167,"column":5}},"51":{"start":{"line":134,"column":4},"end":{"line":137,"column":5}},"52":{"start":{"line":135,"column":6},"end":{"line":135,"column":59}},"53":{"start":{"line":136,"column":6},"end":{"line":136,"column":27}},"54":{"start":{"line":139,"column":4},"end":{"line":143,"column":5}},"55":{"start":{"line":140,"column":6},"end":{"line":140,"column":76}},"56":{"start":{"line":141,"column":6},"end":{"line":141,"column":59}},"57":{"start":{"line":142,"column":6},"end":{"line":142,"column":41}},"58":{"start":{"line":145,"column":4},"end":{"line":166,"column":5}},"59":{"start":{"line":146,"column":6},"end":{"line":146,"column":60}},"60":{"start":{"line":148,"column":6},"end":{"line":165,"column":7}},"61":{"start":{"line":149,"column":8},"end":{"line":149,"column":95}},"62":{"start":{"line":153,"column":8},"end":{"line":161,"column":11}},"63":{"start":{"line":154,"column":10},"end":{"line":154,"column":111}},"64":{"start":{"line":156,"column":10},"end":{"line":160,"column":11}},"65":{"start":{"line":157,"column":12},"end":{"line":157,"column":51}},"66":{"start":{"line":159,"column":12},"end":{"line":159,"column":60}},"67":{"start":{"line":164,"column":8},"end":{"line":164,"column":70}},"68":{"start":{"line":170,"column":0},"end":{"line":181,"column":2}},"69":{"start":{"line":171,"column":2},"end":{"line":171,"column":31}},"70":{"start":{"line":172,"column":2},"end":{"line":172,"column":25}},"71":{"start":{"line":173,"column":2},"end":{"line":173,"column":48}},"72":{"start":{"line":174,"column":2},"end":{"line":180,"column":4}},"73":{"start":{"line":175,"column":4},"end":{"line":175,"column":37}},"74":{"start":{"line":175,"column":15},"end":{"line":175,"column":36}},"75":{"start":{"line":176,"column":4},"end":{"line":176,"column":23}},"76":{"start":{"line":177,"column":4},"end":{"line":177,"column":31}},"77":{"start":{"line":178,"column":4},"end":{"line":178,"column":16}},"78":{"start":{"line":179,"column":4},"end":{"line":179,"column":26}},"79":{"start":{"line":183,"column":0},"end":{"line":193,"column":2}},"80":{"start":{"line":184,"column":2},"end":{"line":184,"column":31}},"81":{"start":{"line":185,"column":2},"end":{"line":185,"column":31}},"82":{"start":{"line":186,"column":2},"end":{"line":192,"column":4}},"83":{"start":{"line":187,"column":4},"end":{"line":191,"column":6}},"84":{"start":{"line":188,"column":6},"end":{"line":188,"column":42}},"85":{"start":{"line":189,"column":6},"end":{"line":189,"column":18}},"86":{"start":{"line":190,"column":6},"end":{"line":190,"column":27}},"87":{"start":{"line":195,"column":0},"end":{"line":205,"column":2}},"88":{"start":{"line":196,"column":2},"end":{"line":196,"column":31}},"89":{"start":{"line":197,"column":2},"end":{"line":197,"column":31}},"90":{"start":{"line":198,"column":2},"end":{"line":204,"column":4}},"91":{"start":{"line":199,"column":4},"end":{"line":203,"column":6}},"92":{"start":{"line":200,"column":6},"end":{"line":200,"column":42}},"93":{"start":{"line":201,"column":6},"end":{"line":201,"column":18}},"94":{"start":{"line":202,"column":6},"end":{"line":202,"column":27}},"95":{"start":{"line":210,"column":0},"end":{"line":228,"column":2}},"96":{"start":{"line":211,"column":2},"end":{"line":211,"column":104}},"97":{"start":{"line":212,"column":2},"end":{"line":212,"column":27}},"98":{"start":{"line":214,"column":2},"end":{"line":227,"column":4}},"99":{"start":{"line":215,"column":4},"end":{"line":215,"column":111}},"100":{"start":{"line":216,"column":4},"end":{"line":226,"column":6}},"101":{"start":{"line":217,"column":6},"end":{"line":219,"column":7}},"102":{"start":{"line":218,"column":8},"end":{"line":218,"column":46}},"103":{"start":{"line":220,"column":6},"end":{"line":223,"column":7}},"104":{"start":{"line":221,"column":8},"end":{"line":221,"column":72}},"105":{"start":{"line":222,"column":8},"end":{"line":222,"column":47}},"106":{"start":{"line":224,"column":6},"end":{"line":224,"column":124}},"107":{"start":{"line":225,"column":6},"end":{"line":225,"column":46}},"108":{"start":{"line":234,"column":0},"end":{"line":240,"column":2}},"109":{"start":{"line":235,"column":2},"end":{"line":235,"column":31}},"110":{"start":{"line":236,"column":2},"end":{"line":239,"column":4}},"111":{"start":{"line":237,"column":4},"end":{"line":237,"column":43}},"112":{"start":{"line":237,"column":15},"end":{"line":237,"column":42}},"113":{"start":{"line":238,"column":4},"end":{"line":238,"column":42}},"114":{"start":{"line":242,"column":0},"end":{"line":254,"column":2}},"115":{"start":{"line":243,"column":2},"end":{"line":243,"column":18}},"116":{"start":{"line":244,"column":2},"end":{"line":244,"column":20}},"117":{"start":{"line":245,"column":2},"end":{"line":253,"column":4}},"118":{"start":{"line":246,"column":4},"end":{"line":246,"column":85}},"119":{"start":{"line":246,"column":15},"end":{"line":246,"column":84}},"120":{"start":{"line":247,"column":4},"end":{"line":251,"column":7}},"121":{"start":{"line":248,"column":6},"end":{"line":250,"column":9}},"122":{"start":{"line":249,"column":8},"end":{"line":249,"column":55}},"123":{"start":{"line":252,"column":4},"end":{"line":252,"column":30}},"124":{"start":{"line":256,"column":0},"end":{"line":280,"column":2}},"125":{"start":{"line":257,"column":2},"end":{"line":257,"column":27}},"126":{"start":{"line":259,"column":2},"end":{"line":263,"column":3}},"127":{"start":{"line":260,"column":4},"end":{"line":262,"column":7}},"128":{"start":{"line":261,"column":6},"end":{"line":261,"column":21}},"129":{"start":{"line":265,"column":2},"end":{"line":277,"column":4}},"130":{"start":{"line":279,"column":2},"end":{"line":279,"column":33}},"131":{"start":{"line":282,"column":0},"end":{"line":295,"column":2}},"132":{"start":{"line":283,"column":2},"end":{"line":283,"column":31}},"133":{"start":{"line":284,"column":2},"end":{"line":284,"column":23}},"134":{"start":{"line":285,"column":2},"end":{"line":287,"column":3}},"135":{"start":{"line":286,"column":4},"end":{"line":286,"column":33}},"136":{"start":{"line":289,"column":2},"end":{"line":292,"column":5}},"137":{"start":{"line":290,"column":4},"end":{"line":290,"column":29}},"138":{"start":{"line":291,"column":4},"end":{"line":291,"column":55}},"139":{"start":{"line":294,"column":2},"end":{"line":294,"column":31}},"140":{"start":{"line":298,"column":0},"end":{"line":306,"column":2}},"141":{"start":{"line":299,"column":2},"end":{"line":299,"column":18}},"142":{"start":{"line":300,"column":2},"end":{"line":300,"column":23}},"143":{"start":{"line":302,"column":2},"end":{"line":305,"column":5}},"144":{"start":{"line":303,"column":4},"end":{"line":303,"column":105}},"145":{"start":{"line":304,"column":4},"end":{"line":304,"column":35}},"146":{"start":{"line":324,"column":0},"end":{"line":351,"column":2}},"147":{"start":{"line":325,"column":2},"end":{"line":325,"column":27}},"148":{"start":{"line":326,"column":2},"end":{"line":326,"column":27}},"149":{"start":{"line":329,"column":2},"end":{"line":329,"column":76}},"150":{"start":{"line":331,"column":2},"end":{"line":350,"column":4}},"151":{"start":{"line":332,"column":4},"end":{"line":337,"column":5}},"152":{"start":{"line":333,"column":6},"end":{"line":333,"column":33}},"153":{"start":{"line":335,"column":6},"end":{"line":335,"column":54}},"154":{"start":{"line":336,"column":6},"end":{"line":336,"column":27}},"155":{"start":{"line":339,"column":4},"end":{"line":339,"column":25}},"156":{"start":{"line":340,"column":4},"end":{"line":349,"column":7}},"157":{"start":{"line":341,"column":6},"end":{"line":346,"column":7}},"158":{"start":{"line":342,"column":8},"end":{"line":342,"column":38}},"159":{"start":{"line":344,"column":8},"end":{"line":344,"column":86}},"160":{"start":{"line":345,"column":8},"end":{"line":345,"column":29}},"161":{"start":{"line":347,"column":6},"end":{"line":347,"column":103}},"162":{"start":{"line":348,"column":6},"end":{"line":348,"column":28}},"163":{"start":{"line":356,"column":0},"end":{"line":374,"column":2}},"164":{"start":{"line":357,"column":2},"end":{"line":357,"column":41}},"165":{"start":{"line":358,"column":2},"end":{"line":373,"column":5}},"166":{"start":{"line":359,"column":4},"end":{"line":359,"column":38}},"167":{"start":{"line":359,"column":15},"end":{"line":359,"column":36}},"168":{"start":{"line":360,"column":4},"end":{"line":372,"column":5}},"169":{"start":{"line":361,"column":6},"end":{"line":361,"column":66}},"170":{"start":{"line":362,"column":6},"end":{"line":368,"column":9}},"171":{"start":{"line":365,"column":8},"end":{"line":365,"column":74}},"172":{"start":{"line":365,"column":19},"end":{"line":365,"column":72}},"173":{"start":{"line":366,"column":8},"end":{"line":366,"column":56}},"174":{"start":{"line":367,"column":8},"end":{"line":367,"column":30}},"175":{"start":{"line":370,"column":6},"end":{"line":370,"column":34}},"176":{"start":{"line":371,"column":6},"end":{"line":371,"column":28}},"177":{"start":{"line":376,"column":0},"end":{"line":388,"column":2}},"178":{"start":{"line":377,"column":2},"end":{"line":387,"column":5}},"179":{"start":{"line":378,"column":4},"end":{"line":386,"column":5}},"180":{"start":{"line":379,"column":6},"end":{"line":379,"column":27}},"181":{"start":{"line":380,"column":11},"end":{"line":386,"column":5}},"182":{"start":{"line":381,"column":6},"end":{"line":381,"column":58}},"183":{"start":{"line":384,"column":6},"end":{"line":384,"column":99}},"184":{"start":{"line":385,"column":6},"end":{"line":385,"column":48}},"185":{"start":{"line":390,"column":0},"end":{"line":400,"column":2}},"186":{"start":{"line":391,"column":2},"end":{"line":399,"column":5}},"187":{"start":{"line":392,"column":4},"end":{"line":398,"column":5}},"188":{"start":{"line":393,"column":6},"end":{"line":393,"column":27}},"189":{"start":{"line":394,"column":11},"end":{"line":398,"column":5}},"190":{"start":{"line":395,"column":6},"end":{"line":395,"column":58}},"191":{"start":{"line":397,"column":6},"end":{"line":397,"column":34}},"192":{"start":{"line":403,"column":0},"end":{"line":427,"column":2}},"193":{"start":{"line":404,"column":2},"end":{"line":426,"column":5}},"194":{"start":{"line":405,"column":4},"end":{"line":425,"column":5}},"195":{"start":{"line":406,"column":6},"end":{"line":406,"column":20}},"196":{"start":{"line":408,"column":6},"end":{"line":408,"column":35}},"197":{"start":{"line":409,"column":6},"end":{"line":424,"column":9}},"198":{"start":{"line":410,"column":8},"end":{"line":413,"column":9}},"199":{"start":{"line":411,"column":10},"end":{"line":411,"column":95}},"200":{"start":{"line":412,"column":10},"end":{"line":412,"column":31}},"201":{"start":{"line":416,"column":8},"end":{"line":416,"column":66}},"202":{"start":{"line":417,"column":8},"end":{"line":420,"column":9}},"203":{"start":{"line":421,"column":8},"end":{"line":421,"column":47}},"204":{"start":{"line":422,"column":8},"end":{"line":422,"column":70}},"205":{"start":{"line":423,"column":8},"end":{"line":423,"column":23}},"206":{"start":{"line":429,"column":0},"end":{"line":435,"column":2}},"207":{"start":{"line":430,"column":2},"end":{"line":434,"column":3}},"208":{"start":{"line":431,"column":4},"end":{"line":431,"column":71}},"209":{"start":{"line":433,"column":4},"end":{"line":433,"column":15}},"210":{"start":{"line":437,"column":0},"end":{"line":439,"column":2}},"211":{"start":{"line":438,"column":2},"end":{"line":438,"column":65}},"212":{"start":{"line":441,"column":0},"end":{"line":443,"column":2}},"213":{"start":{"line":442,"column":2},"end":{"line":442,"column":61}},"214":{"start":{"line":445,"column":0},"end":{"line":457,"column":2}},"215":{"start":{"line":446,"column":2},"end":{"line":456,"column":5}},"216":{"start":{"line":447,"column":4},"end":{"line":450,"column":5}},"217":{"start":{"line":448,"column":6},"end":{"line":448,"column":58}},"218":{"start":{"line":449,"column":6},"end":{"line":449,"column":33}},"219":{"start":{"line":452,"column":4},"end":{"line":455,"column":5}},"220":{"start":{"line":453,"column":6},"end":{"line":453,"column":57}},"221":{"start":{"line":454,"column":6},"end":{"line":454,"column":33}},"222":{"start":{"line":459,"column":0},"end":{"line":459,"column":52}}},"branchMap":{"1":{"line":56,"type":"if","locations":[{"start":{"line":56,"column":2},"end":{"line":56,"column":2}},{"start":{"line":56,"column":2},"end":{"line":56,"column":2}}]},"2":{"line":56,"type":"binary-expr","locations":[{"start":{"line":56,"column":6},"end":{"line":56,"column":15}},{"start":{"line":56,"column":19},"end":{"line":56,"column":35}}]},"3":{"line":59,"type":"if","locations":[{"start":{"line":59,"column":2},"end":{"line":59,"column":2}},{"start":{"line":59,"column":2},"end":{"line":59,"column":2}}]},"4":{"line":59,"type":"binary-expr","locations":[{"start":{"line":59,"column":6},"end":{"line":59,"column":24}},{"start":{"line":59,"column":28},"end":{"line":59,"column":47}},{"start":{"line":59,"column":51},"end":{"line":59,"column":66}}]},"5":{"line":69,"type":"if","locations":[{"start":{"line":69,"column":2},"end":{"line":69,"column":2}},{"start":{"line":69,"column":2},"end":{"line":69,"column":2}}]},"6":{"line":87,"type":"if","locations":[{"start":{"line":87,"column":4},"end":{"line":87,"column":4}},{"start":{"line":87,"column":4},"end":{"line":87,"column":4}}]},"7":{"line":91,"type":"if","locations":[{"start":{"line":91,"column":8},"end":{"line":91,"column":8}},{"start":{"line":91,"column":8},"end":{"line":91,"column":8}}]},"8":{"line":117,"type":"if","locations":[{"start":{"line":117,"column":2},"end":{"line":117,"column":2}},{"start":{"line":117,"column":2},"end":{"line":117,"column":2}}]},"9":{"line":117,"type":"binary-expr","locations":[{"start":{"line":117,"column":6},"end":{"line":117,"column":29}},{"start":{"line":117,"column":33},"end":{"line":117,"column":58}},{"start":{"line":117,"column":62},"end":{"line":117,"column":74}}]},"10":{"line":121,"type":"if","locations":[{"start":{"line":121,"column":2},"end":{"line":121,"column":2}},{"start":{"line":121,"column":2},"end":{"line":121,"column":2}}]},"11":{"line":125,"type":"if","locations":[{"start":{"line":125,"column":2},"end":{"line":125,"column":2}},{"start":{"line":125,"column":2},"end":{"line":125,"column":2}}]},"12":{"line":129,"type":"if","locations":[{"start":{"line":129,"column":2},"end":{"line":129,"column":2}},{"start":{"line":129,"column":2},"end":{"line":129,"column":2}}]},"13":{"line":134,"type":"if","locations":[{"start":{"line":134,"column":4},"end":{"line":134,"column":4}},{"start":{"line":134,"column":4},"end":{"line":134,"column":4}}]},"14":{"line":139,"type":"if","locations":[{"start":{"line":139,"column":4},"end":{"line":139,"column":4}},{"start":{"line":139,"column":4},"end":{"line":139,"column":4}}]},"15":{"line":145,"type":"if","locations":[{"start":{"line":145,"column":4},"end":{"line":145,"column":4}},{"start":{"line":145,"column":4},"end":{"line":145,"column":4}}]},"16":{"line":148,"type":"if","locations":[{"start":{"line":148,"column":6},"end":{"line":148,"column":6}},{"start":{"line":148,"column":6},"end":{"line":148,"column":6}}]},"17":{"line":156,"type":"if","locations":[{"start":{"line":156,"column":10},"end":{"line":156,"column":10}},{"start":{"line":156,"column":10},"end":{"line":156,"column":10}}]},"18":{"line":175,"type":"if","locations":[{"start":{"line":175,"column":4},"end":{"line":175,"column":4}},{"start":{"line":175,"column":4},"end":{"line":175,"column":4}}]},"19":{"line":217,"type":"if","locations":[{"start":{"line":217,"column":6},"end":{"line":217,"column":6}},{"start":{"line":217,"column":6},"end":{"line":217,"column":6}}]},"20":{"line":220,"type":"if","locations":[{"start":{"line":220,"column":6},"end":{"line":220,"column":6}},{"start":{"line":220,"column":6},"end":{"line":220,"column":6}}]},"21":{"line":237,"type":"if","locations":[{"start":{"line":237,"column":4},"end":{"line":237,"column":4}},{"start":{"line":237,"column":4},"end":{"line":237,"column":4}}]},"22":{"line":246,"type":"if","locations":[{"start":{"line":246,"column":4},"end":{"line":246,"column":4}},{"start":{"line":246,"column":4},"end":{"line":246,"column":4}}]},"23":{"line":259,"type":"if","locations":[{"start":{"line":259,"column":2},"end":{"line":259,"column":2}},{"start":{"line":259,"column":2},"end":{"line":259,"column":2}}]},"24":{"line":285,"type":"if","locations":[{"start":{"line":285,"column":2},"end":{"line":285,"column":2}},{"start":{"line":285,"column":2},"end":{"line":285,"column":2}}]},"25":{"line":332,"type":"if","locations":[{"start":{"line":332,"column":4},"end":{"line":332,"column":4}},{"start":{"line":332,"column":4},"end":{"line":332,"column":4}}]},"26":{"line":341,"type":"if","locations":[{"start":{"line":341,"column":6},"end":{"line":341,"column":6}},{"start":{"line":341,"column":6},"end":{"line":341,"column":6}}]},"27":{"line":359,"type":"if","locations":[{"start":{"line":359,"column":4},"end":{"line":359,"column":4}},{"start":{"line":359,"column":4},"end":{"line":359,"column":4}}]},"28":{"line":360,"type":"if","locations":[{"start":{"line":360,"column":4},"end":{"line":360,"column":4}},{"start":{"line":360,"column":4},"end":{"line":360,"column":4}}]},"29":{"line":360,"type":"binary-expr","locations":[{"start":{"line":360,"column":8},"end":{"line":360,"column":35}},{"start":{"line":360,"column":39},"end":{"line":360,"column":52}}]},"30":{"line":365,"type":"if","locations":[{"start":{"line":365,"column":8},"end":{"line":365,"column":8}},{"start":{"line":365,"column":8},"end":{"line":365,"column":8}}]},"31":{"line":378,"type":"if","locations":[{"start":{"line":378,"column":4},"end":{"line":378,"column":4}},{"start":{"line":378,"column":4},"end":{"line":378,"column":4}}]},"32":{"line":380,"type":"if","locations":[{"start":{"line":380,"column":11},"end":{"line":380,"column":11}},{"start":{"line":380,"column":11},"end":{"line":380,"column":11}}]},"33":{"line":392,"type":"if","locations":[{"start":{"line":392,"column":4},"end":{"line":392,"column":4}},{"start":{"line":392,"column":4},"end":{"line":392,"column":4}}]},"34":{"line":394,"type":"if","locations":[{"start":{"line":394,"column":11},"end":{"line":394,"column":11}},{"start":{"line":394,"column":11},"end":{"line":394,"column":11}}]},"35":{"line":405,"type":"if","locations":[{"start":{"line":405,"column":4},"end":{"line":405,"column":4}},{"start":{"line":405,"column":4},"end":{"line":405,"column":4}}]},"36":{"line":410,"type":"if","locations":[{"start":{"line":410,"column":8},"end":{"line":410,"column":8}},{"start":{"line":410,"column":8},"end":{"line":410,"column":8}}]},"37":{"line":430,"type":"if","locations":[{"start":{"line":430,"column":2},"end":{"line":430,"column":2}},{"start":{"line":430,"column":2},"end":{"line":430,"column":2}}]},"38":{"line":430,"type":"binary-expr","locations":[{"start":{"line":430,"column":6},"end":{"line":430,"column":18}},{"start":{"line":430,"column":22},"end":{"line":430,"column":41}},{"start":{"line":430,"column":45},"end":{"line":430,"column":80}}]},"39":{"line":447,"type":"if","locations":[{"start":{"line":447,"column":4},"end":{"line":447,"column":4}},{"start":{"line":447,"column":4},"end":{"line":447,"column":4}}]},"40":{"line":452,"type":"if","locations":[{"start":{"line":452,"column":4},"end":{"line":452,"column":4}},{"start":{"line":452,"column":4},"end":{"line":452,"column":4}}]}}},"/Users/philip/github/pipo/server/models/room.js":{"path":"/Users/philip/github/pipo/server/models/room.js","s":{"1":1,"2":1,"3":1,"4":1,"5":1,"6":1,"7":1,"8":1,"9":0,"10":0,"11":0,"12":0,"13":0,"14":0,"15":0,"16":0,"17":0,"18":0,"19":0,"20":0,"21":0,"22":0,"23":0,"24":0,"25":0,"26":0,"27":0,"28":0,"29":0,"30":1,"31":0,"32":0,"33":0,"34":0,"35":0,"36":0,"37":0,"38":0,"39":1,"40":0,"41":0,"42":0,"43":0,"44":0,"45":0,"46":0,"47":0,"48":0,"49":0,"50":0,"51":0,"52":0,"53":0,"54":0,"55":0,"56":0,"57":0,"58":0,"59":0,"60":0,"61":0,"62":0,"63":0,"64":0,"65":0,"66":1,"67":0,"68":0,"69":0,"70":0,"71":0,"72":0,"73":0,"74":0,"75":0,"76":0,"77":0,"78":0,"79":0,"80":0,"81":0,"82":0,"83":0,"84":0,"85":0,"86":0,"87":0,"88":0,"89":0,"90":0,"91":0,"92":1,"93":0,"94":0,"95":0,"96":0,"97":0,"98":0,"99":0,"100":0,"101":0,"102":0,"103":0,"104":0,"105":0,"106":0,"107":0,"108":0,"109":0,"110":0,"111":0,"112":0,"113":0,"114":0,"115":0,"116":0,"117":0,"118":0,"119":0,"120":0,"121":0,"122":0,"123":0,"124":0,"125":0,"126":0,"127":0,"128":0,"129":0,"130":1,"131":0,"132":0,"133":0,"134":0,"135":0,"136":0,"137":0,"138":1,"139":0,"140":0,"141":0,"142":0,"143":0,"144":0,"145":0,"146":0,"147":0,"148":0,"149":0,"150":0,"151":0,"152":0,"153":0,"154":1,"155":0,"156":0,"157":0,"158":0,"159":0,"160":0,"161":0,"162":0,"163":0,"164":0,"165":0,"166":0,"167":0,"168":0,"169":0,"170":0,"171":0,"172":0,"173":0,"174":0,"175":0,"176":0,"177":0,"178":0,"179":0,"180":0,"181":0,"182":0,"183":0,"184":0,"185":0,"186":0,"187":0,"188":0,"189":0,"190":0,"191":0,"192":1,"193":0,"194":0,"195":0,"196":0,"197":0,"198":0,"199":1,"200":0,"201":0,"202":0,"203":0,"204":0,"205":0,"206":1,"207":0,"208":0,"209":0,"210":0,"211":0,"212":0,"213":0,"214":0,"215":0,"216":0,"217":0,"218":0,"219":0,"220":0,"221":0,"222":0,"223":0,"224":0,"225":0,"226":0,"227":0,"228":0,"229":0,"230":0,"231":1,"232":0,"233":0,"234":0,"235":0,"236":0,"237":0,"238":0,"239":0,"240":0,"241":0,"242":0,"243":0,"244":0,"245":0,"246":0,"247":0,"248":0,"249":0,"250":0,"251":0,"252":0,"253":0,"254":0,"255":0,"256":0,"257":0,"258":0,"259":0,"260":0,"261":0,"262":0,"263":0,"264":0,"265":0,"266":0,"267":0,"268":0,"269":0,"270":0,"271":0,"272":0,"273":0,"274":0,"275":0,"276":0,"277":0,"278":0,"279":0,"280":0,"281":0,"282":0,"283":0,"284":0,"285":0,"286":0,"287":0,"288":0,"289":0,"290":0,"291":0,"292":0,"293":0,"294":0,"295":0,"296":1,"297":0,"298":0,"299":0,"300":0,"301":0,"302":0,"303":0,"304":0,"305":0,"306":0,"307":0,"308":0,"309":0,"310":0,"311":0,"312":0,"313":0,"314":0,"315":0,"316":0,"317":0,"318":0,"319":0,"320":0,"321":0,"322":0,"323":0,"324":0,"325":0,"326":0,"327":0,"328":0,"329":0,"330":0,"331":0,"332":0,"333":0,"334":0,"335":0,"336":0,"337":0,"338":0,"339":0,"340":0,"341":0,"342":0,"343":0,"344":0,"345":0,"346":0,"347":0,"348":0,"349":0,"350":0,"351":0,"352":0,"353":0,"354":0,"355":0,"356":0,"357":0,"358":0,"359":0,"360":0,"361":0,"362":0,"363":0,"364":0,"365":0,"366":0,"367":0,"368":0,"369":0,"370":0,"371":1,"372":0,"373":0,"374":0,"375":0,"376":0,"377":0,"378":0,"379":0,"380":0,"381":0,"382":0,"383":0,"384":0,"385":0,"386":0,"387":0,"388":0,"389":0,"390":0,"391":0,"392":0,"393":0,"394":0,"395":0,"396":0,"397":0,"398":0,"399":0,"400":1,"401":0,"402":0,"403":0,"404":0,"405":0,"406":0,"407":0,"408":0,"409":0,"410":0,"411":0,"412":0,"413":0,"414":1,"415":0,"416":0,"417":0,"418":0,"419":0,"420":1},"b":{"1":[0,0],"2":[0,0],"3":[0,0],"4":[0,0],"5":[0,0],"6":[0,0],"7":[0,0],"8":[0,0],"9":[0,0],"10":[0,0],"11":[0,0],"12":[0,0],"13":[0,0],"14":[0,0],"15":[0,0],"16":[0,0],"17":[0,0],"18":[0,0],"19":[0,0],"20":[0,0],"21":[0,0],"22":[0,0],"23":[0,0],"24":[0,0],"25":[0,0],"26":[0,0],"27":[0,0,0],"28":[0,0],"29":[0,0],"30":[0,0],"31":[0,0],"32":[0,0],"33":[0,0],"34":[0,0],"35":[0,0,0],"36":[0,0],"37":[0,0],"38":[0,0],"39":[0,0],"40":[0,0],"41":[0,0],"42":[0,0],"43":[0,0],"44":[0,0],"45":[0,0],"46":[0,0],"47":[0,0],"48":[0,0],"49":[0,0],"50":[0,0],"51":[0,0],"52":[0,0],"53":[0,0],"54":[0,0],"55":[0,0],"56":[0,0],"57":[0,0],"58":[0,0],"59":[0,0],"60":[0,0],"61":[0,0],"62":[0,0],"63":[0,0],"64":[0,0],"65":[0,0],"66":[0,0],"67":[0,0],"68":[0,0],"69":[0,0],"70":[0,0],"71":[0,0],"72":[0,0],"73":[0,0],"74":[0,0],"75":[0,0],"76":[0,0],"77":[0,0],"78":[0,0],"79":[0,0],"80":[0,0],"81":[0,0],"82":[0,0],"83":[0,0],"84":[0,0],"85":[0,0],"86":[0,0]},"f":{"1":0,"2":0,"3":0,"4":0,"5":0,"6":0,"7":0,"8":0,"9":0,"10":0,"11":0,"12":0,"13":0,"14":0,"15":0,"16":0,"17":0,"18":0,"19":0,"20":0,"21":0,"22":0,"23":0,"24":0,"25":0,"26":0,"27":0,"28":0,"29":0,"30":0,"31":0,"32":0,"33":0,"34":0,"35":0,"36":0,"37":0,"38":0,"39":0,"40":0,"41":0,"42":0,"43":0,"44":0,"45":0,"46":0,"47":0,"48":0,"49":0,"50":0,"51":0,"52":0,"53":0,"54":0,"55":0,"56":0,"57":0,"58":0,"59":0,"60":0,"61":0,"62":0,"63":0,"64":0,"65":0,"66":0,"67":0,"68":0,"69":0,"70":0,"71":0,"72":0,"73":0,"74":0},"fnMap":{"1":{"name":"create","line":35,"loc":{"start":{"line":35,"column":28},"end":{"line":35,"column":60}}},"2":{"name":"(anonymous_2)","line":47,"loc":{"start":{"line":47,"column":58},"end":{"line":47,"column":79}}},"3":{"name":"(anonymous_3)","line":57,"loc":{"start":{"line":57,"column":55},"end":{"line":57,"column":75}}},"4":{"name":"(anonymous_4)","line":77,"loc":{"start":{"line":77,"column":19},"end":{"line":77,"column":33}}},"5":{"name":"(anonymous_5)","line":78,"loc":{"start":{"line":78,"column":104},"end":{"line":78,"column":126}}},"6":{"name":"getByName","line":86,"loc":{"start":{"line":86,"column":31},"end":{"line":86,"column":66}}},"7":{"name":"(anonymous_7)","line":92,"loc":{"start":{"line":92,"column":10},"end":{"line":92,"column":30}}},"8":{"name":"getPubKeys","line":106,"loc":{"start":{"line":106,"column":32},"end":{"line":106,"column":70}}},"9":{"name":"(anonymous_9)","line":110,"loc":{"start":{"line":110,"column":89},"end":{"line":110,"column":109}}},"10":{"name":"(anonymous_10)","line":123,"loc":{"start":{"line":123,"column":32},"end":{"line":123,"column":53}}},"11":{"name":"(anonymous_11)","line":135,"loc":{"start":{"line":135,"column":28},"end":{"line":135,"column":45}}},"12":{"name":"(anonymous_12)","line":146,"loc":{"start":{"line":146,"column":41},"end":{"line":146,"column":64}}},"13":{"name":"update","line":155,"loc":{"start":{"line":155,"column":28},"end":{"line":155,"column":60}}},"14":{"name":"(anonymous_14)","line":157,"loc":{"start":{"line":157,"column":62},"end":{"line":157,"column":82}}},"15":{"name":"(anonymous_15)","line":165,"loc":{"start":{"line":165,"column":120},"end":{"line":165,"column":140}}},"16":{"name":"(anonymous_16)","line":183,"loc":{"start":{"line":183,"column":16},"end":{"line":183,"column":30}}},"17":{"name":"(anonymous_17)","line":188,"loc":{"start":{"line":188,"column":125},"end":{"line":188,"column":145}}},"18":{"name":"sanatize","line":203,"loc":{"start":{"line":203,"column":30},"end":{"line":203,"column":64}}},"19":{"name":"(anonymous_19)","line":225,"loc":{"start":{"line":225,"column":26},"end":{"line":225,"column":43}}},"20":{"name":"(anonymous_20)","line":231,"loc":{"start":{"line":231,"column":30},"end":{"line":231,"column":51}}},"21":{"name":"(anonymous_21)","line":237,"loc":{"start":{"line":237,"column":30},"end":{"line":237,"column":51}}},"22":{"name":"(anonymous_22)","line":243,"loc":{"start":{"line":243,"column":25},"end":{"line":243,"column":41}}},"23":{"name":"(anonymous_23)","line":250,"loc":{"start":{"line":250,"column":58},"end":{"line":250,"column":86}}},"24":{"name":"finish","line":257,"loc":{"start":{"line":257,"column":15},"end":{"line":257,"column":33}}},"25":{"name":"dynamicSort","line":288,"loc":{"start":{"line":288,"column":0},"end":{"line":288,"column":31}}},"26":{"name":"(anonymous_26)","line":294,"loc":{"start":{"line":294,"column":9},"end":{"line":294,"column":24}}},"27":{"name":"sanatizeRooms","line":302,"loc":{"start":{"line":302,"column":35},"end":{"line":302,"column":75}}},"28":{"name":"(anonymous_28)","line":310,"loc":{"start":{"line":310,"column":16},"end":{"line":310,"column":31}}},"29":{"name":"(anonymous_29)","line":313,"loc":{"start":{"line":313,"column":42},"end":{"line":313,"column":66}}},"30":{"name":"join","line":335,"loc":{"start":{"line":335,"column":26},"end":{"line":335,"column":56}}},"31":{"name":"(anonymous_31)","line":341,"loc":{"start":{"line":341,"column":57},"end":{"line":341,"column":77}}},"32":{"name":"(anonymous_32)","line":343,"loc":{"start":{"line":343,"column":89},"end":{"line":343,"column":109}}},"33":{"name":"(anonymous_33)","line":353,"loc":{"start":{"line":353,"column":40},"end":{"line":353,"column":57}}},"34":{"name":"(anonymous_34)","line":367,"loc":{"start":{"line":367,"column":18},"end":{"line":367,"column":32}}},"35":{"name":"(anonymous_35)","line":380,"loc":{"start":{"line":380,"column":63},"end":{"line":380,"column":78}}},"36":{"name":"(anonymous_36)","line":385,"loc":{"start":{"line":385,"column":13},"end":{"line":385,"column":37}}},"37":{"name":"subscribe","line":414,"loc":{"start":{"line":414,"column":31},"end":{"line":414,"column":66}}},"38":{"name":"(anonymous_38)","line":421,"loc":{"start":{"line":421,"column":217},"end":{"line":421,"column":237}}},"39":{"name":"subscribe","line":430,"loc":{"start":{"line":430,"column":33},"end":{"line":430,"column":68}}},"40":{"name":"(anonymous_40)","line":437,"loc":{"start":{"line":437,"column":136},"end":{"line":437,"column":156}}},"41":{"name":"part","line":444,"loc":{"start":{"line":444,"column":26},"end":{"line":444,"column":56}}},"42":{"name":"(anonymous_42)","line":449,"loc":{"start":{"line":449,"column":92},"end":{"line":449,"column":112}}},"43":{"name":"(anonymous_43)","line":459,"loc":{"start":{"line":459,"column":93},"end":{"line":459,"column":113}}},"44":{"name":"(anonymous_44)","line":483,"loc":{"start":{"line":483,"column":16},"end":{"line":483,"column":30}}},"45":{"name":"addMember","line":495,"loc":{"start":{"line":495,"column":31},"end":{"line":495,"column":66}}},"46":{"name":"(anonymous_46)","line":505,"loc":{"start":{"line":505,"column":50},"end":{"line":505,"column":70}}},"47":{"name":"(anonymous_47)","line":515,"loc":{"start":{"line":515,"column":94},"end":{"line":515,"column":114}}},"48":{"name":"(anonymous_48)","line":534,"loc":{"start":{"line":534,"column":42},"end":{"line":534,"column":56}}},"49":{"name":"(anonymous_49)","line":537,"loc":{"start":{"line":537,"column":40},"end":{"line":537,"column":56}}},"50":{"name":"(anonymous_50)","line":553,"loc":{"start":{"line":553,"column":58},"end":{"line":553,"column":83}}},"51":{"name":"(anonymous_51)","line":560,"loc":{"start":{"line":560,"column":45},"end":{"line":560,"column":63}}},"52":{"name":"(anonymous_52)","line":592,"loc":{"start":{"line":592,"column":20},"end":{"line":592,"column":34}}},"53":{"name":"modifyMember","line":605,"loc":{"start":{"line":605,"column":34},"end":{"line":605,"column":72}}},"54":{"name":"(anonymous_54)","line":618,"loc":{"start":{"line":618,"column":57},"end":{"line":618,"column":77}}},"55":{"name":"(anonymous_55)","line":629,"loc":{"start":{"line":629,"column":94},"end":{"line":629,"column":114}}},"56":{"name":"(anonymous_56)","line":647,"loc":{"start":{"line":647,"column":60},"end":{"line":647,"column":82}}},"57":{"name":"(anonymous_57)","line":661,"loc":{"start":{"line":661,"column":22},"end":{"line":661,"column":36}}},"58":{"name":"(anonymous_58)","line":662,"loc":{"start":{"line":662,"column":122},"end":{"line":662,"column":148}}},"59":{"name":"(anonymous_59)","line":674,"loc":{"start":{"line":674,"column":22},"end":{"line":674,"column":36}}},"60":{"name":"(anonymous_60)","line":686,"loc":{"start":{"line":686,"column":22},"end":{"line":686,"column":36}}},"61":{"name":"(anonymous_61)","line":702,"loc":{"start":{"line":702,"column":22},"end":{"line":702,"column":36}}},"62":{"name":"(anonymous_62)","line":710,"loc":{"start":{"line":710,"column":65},"end":{"line":710,"column":87}}},"63":{"name":"(anonymous_63)","line":721,"loc":{"start":{"line":721,"column":22},"end":{"line":721,"column":36}}},"64":{"name":"(anonymous_64)","line":739,"loc":{"start":{"line":739,"column":22},"end":{"line":739,"column":36}}},"65":{"name":"getMembership","line":756,"loc":{"start":{"line":756,"column":20},"end":{"line":756,"column":49}}},"66":{"name":"(anonymous_66)","line":764,"loc":{"start":{"line":764,"column":92},"end":{"line":764,"column":112}}},"67":{"name":"(anonymous_67)","line":769,"loc":{"start":{"line":769,"column":40},"end":{"line":769,"column":54}}},"68":{"name":"(anonymous_68)","line":773,"loc":{"start":{"line":773,"column":34},"end":{"line":773,"column":50}}},"69":{"name":"(anonymous_69)","line":783,"loc":{"start":{"line":783,"column":41},"end":{"line":783,"column":55}}},"70":{"name":"(anonymous_70)","line":787,"loc":{"start":{"line":787,"column":36},"end":{"line":787,"column":52}}},"71":{"name":"isAdmin","line":807,"loc":{"start":{"line":807,"column":14},"end":{"line":807,"column":37}}},"72":{"name":"(anonymous_72)","line":817,"loc":{"start":{"line":817,"column":38},"end":{"line":817,"column":52}}},"73":{"name":"(anonymous_73)","line":820,"loc":{"start":{"line":820,"column":36},"end":{"line":820,"column":52}}},"74":{"name":"isOwner","line":829,"loc":{"start":{"line":829,"column":14},"end":{"line":829,"column":37}}}},"statementMap":{"1":{"start":{"line":1,"column":0},"end":{"line":1,"column":35}},"2":{"start":{"line":2,"column":0},"end":{"line":2,"column":29}},"3":{"start":{"line":3,"column":0},"end":{"line":3,"column":35}},"4":{"start":{"line":4,"column":0},"end":{"line":4,"column":61}},"5":{"start":{"line":5,"column":0},"end":{"line":5,"column":44}},"6":{"start":{"line":6,"column":0},"end":{"line":6,"column":29}},"7":{"start":{"line":20,"column":0},"end":{"line":33,"column":3}},"8":{"start":{"line":35,"column":0},"end":{"line":84,"column":2}},"9":{"start":{"line":36,"column":2},"end":{"line":36,"column":18}},"10":{"start":{"line":38,"column":2},"end":{"line":38,"column":32}},"11":{"start":{"line":39,"column":2},"end":{"line":39,"column":27}},"12":{"start":{"line":40,"column":2},"end":{"line":40,"column":25}},"13":{"start":{"line":41,"column":2},"end":{"line":41,"column":47}},"14":{"start":{"line":42,"column":2},"end":{"line":42,"column":37}},"15":{"start":{"line":43,"column":2},"end":{"line":43,"column":51}},"16":{"start":{"line":45,"column":2},"end":{"line":45,"column":87}},"17":{"start":{"line":47,"column":2},"end":{"line":83,"column":4}},"18":{"start":{"line":48,"column":4},"end":{"line":50,"column":5}},"19":{"start":{"line":49,"column":6},"end":{"line":49,"column":27}},"20":{"start":{"line":52,"column":4},"end":{"line":54,"column":5}},"21":{"start":{"line":53,"column":6},"end":{"line":53,"column":99}},"22":{"start":{"line":57,"column":4},"end":{"line":82,"column":6}},"23":{"start":{"line":58,"column":6},"end":{"line":60,"column":7}},"24":{"start":{"line":59,"column":8},"end":{"line":59,"column":53}},"25":{"start":{"line":63,"column":6},"end":{"line":73,"column":8}},"26":{"start":{"line":75,"column":6},"end":{"line":75,"column":39}},"27":{"start":{"line":77,"column":6},"end":{"line":81,"column":8}},"28":{"start":{"line":78,"column":8},"end":{"line":80,"column":11}},"29":{"start":{"line":79,"column":10},"end":{"line":79,"column":40}},"30":{"start":{"line":86,"column":0},"end":{"line":103,"column":2}},"31":{"start":{"line":87,"column":2},"end":{"line":87,"column":18}},"32":{"start":{"line":89,"column":2},"end":{"line":89,"column":72}},"33":{"start":{"line":90,"column":2},"end":{"line":102,"column":4}},"34":{"start":{"line":93,"column":4},"end":{"line":95,"column":5}},"35":{"start":{"line":94,"column":6},"end":{"line":94,"column":72}},"36":{"start":{"line":97,"column":4},"end":{"line":99,"column":5}},"37":{"start":{"line":98,"column":6},"end":{"line":98,"column":28}},"38":{"start":{"line":101,"column":4},"end":{"line":101,"column":26}},"39":{"start":{"line":106,"column":0},"end":{"line":152,"column":2}},"40":{"start":{"line":107,"column":2},"end":{"line":107,"column":16}},"41":{"start":{"line":108,"column":2},"end":{"line":108,"column":44}},"42":{"start":{"line":110,"column":2},"end":{"line":151,"column":5}},"43":{"start":{"line":111,"column":4},"end":{"line":114,"column":5}},"44":{"start":{"line":112,"column":6},"end":{"line":112,"column":67}},"45":{"start":{"line":113,"column":6},"end":{"line":113,"column":33}},"46":{"start":{"line":116,"column":4},"end":{"line":119,"column":5}},"47":{"start":{"line":117,"column":6},"end":{"line":117,"column":85}},"48":{"start":{"line":118,"column":6},"end":{"line":118,"column":45}},"49":{"start":{"line":122,"column":4},"end":{"line":131,"column":5}},"50":{"start":{"line":123,"column":6},"end":{"line":130,"column":9}},"51":{"start":{"line":124,"column":8},"end":{"line":124,"column":76}},"52":{"start":{"line":125,"column":8},"end":{"line":125,"column":111}},"53":{"start":{"line":126,"column":8},"end":{"line":129,"column":9}},"54":{"start":{"line":127,"column":10},"end":{"line":127,"column":109}},"55":{"start":{"line":128,"column":10},"end":{"line":128,"column":42}},"56":{"start":{"line":134,"column":4},"end":{"line":142,"column":5}},"57":{"start":{"line":135,"column":6},"end":{"line":141,"column":9}},"58":{"start":{"line":136,"column":8},"end":{"line":136,"column":68}},"59":{"start":{"line":137,"column":8},"end":{"line":140,"column":9}},"60":{"start":{"line":138,"column":10},"end":{"line":138,"column":101}},"61":{"start":{"line":139,"column":10},"end":{"line":139,"column":38}},"62":{"start":{"line":145,"column":4},"end":{"line":145,"column":88}},"63":{"start":{"line":146,"column":4},"end":{"line":150,"column":7}},"64":{"start":{"line":148,"column":6},"end":{"line":148,"column":75}},"65":{"start":{"line":149,"column":6},"end":{"line":149,"column":37}},"66":{"start":{"line":155,"column":0},"end":{"line":195,"column":2}},"67":{"start":{"line":156,"column":2},"end":{"line":156,"column":18}},"68":{"start":{"line":157,"column":2},"end":{"line":194,"column":4}},"69":{"start":{"line":158,"column":4},"end":{"line":160,"column":5}},"70":{"start":{"line":159,"column":6},"end":{"line":159,"column":27}},"71":{"start":{"line":161,"column":4},"end":{"line":163,"column":5}},"72":{"start":{"line":162,"column":6},"end":{"line":162,"column":127}},"73":{"start":{"line":164,"column":4},"end":{"line":164,"column":97}},"74":{"start":{"line":165,"column":4},"end":{"line":193,"column":6}},"75":{"start":{"line":166,"column":6},"end":{"line":168,"column":7}},"76":{"start":{"line":167,"column":8},"end":{"line":167,"column":79}},"77":{"start":{"line":170,"column":6},"end":{"line":172,"column":7}},"78":{"start":{"line":171,"column":8},"end":{"line":171,"column":111}},"79":{"start":{"line":173,"column":6},"end":{"line":173,"column":93}},"80":{"start":{"line":175,"column":6},"end":{"line":175,"column":66}},"81":{"start":{"line":177,"column":6},"end":{"line":177,"column":28}},"82":{"start":{"line":178,"column":6},"end":{"line":178,"column":30}},"83":{"start":{"line":179,"column":6},"end":{"line":179,"column":52}},"84":{"start":{"line":180,"column":6},"end":{"line":180,"column":42}},"85":{"start":{"line":181,"column":6},"end":{"line":181,"column":56}},"86":{"start":{"line":183,"column":6},"end":{"line":192,"column":8}},"87":{"start":{"line":184,"column":8},"end":{"line":186,"column":9}},"88":{"start":{"line":185,"column":10},"end":{"line":185,"column":72}},"89":{"start":{"line":188,"column":8},"end":{"line":191,"column":11}},"90":{"start":{"line":189,"column":10},"end":{"line":189,"column":62}},"91":{"start":{"line":190,"column":10},"end":{"line":190,"column":31}},"92":{"start":{"line":203,"column":0},"end":{"line":285,"column":2}},"93":{"start":{"line":204,"column":2},"end":{"line":204,"column":18}},"94":{"start":{"line":206,"column":2},"end":{"line":211,"column":3}},"95":{"start":{"line":207,"column":4},"end":{"line":207,"column":45}},"96":{"start":{"line":209,"column":4},"end":{"line":209,"column":62}},"97":{"start":{"line":210,"column":4},"end":{"line":210,"column":29}},"98":{"start":{"line":213,"column":2},"end":{"line":213,"column":43}},"99":{"start":{"line":214,"column":2},"end":{"line":214,"column":41}},"100":{"start":{"line":215,"column":2},"end":{"line":215,"column":51}},"101":{"start":{"line":216,"column":2},"end":{"line":216,"column":51}},"102":{"start":{"line":218,"column":2},"end":{"line":218,"column":24}},"103":{"start":{"line":219,"column":2},"end":{"line":219,"column":23}},"104":{"start":{"line":220,"column":2},"end":{"line":220,"column":28}},"105":{"start":{"line":221,"column":2},"end":{"line":221,"column":28}},"106":{"start":{"line":222,"column":2},"end":{"line":222,"column":25}},"107":{"start":{"line":224,"column":2},"end":{"line":228,"column":3}},"108":{"start":{"line":225,"column":4},"end":{"line":227,"column":7}},"109":{"start":{"line":226,"column":6},"end":{"line":226,"column":47}},"110":{"start":{"line":230,"column":2},"end":{"line":234,"column":3}},"111":{"start":{"line":231,"column":4},"end":{"line":233,"column":7}},"112":{"start":{"line":232,"column":6},"end":{"line":232,"column":55}},"113":{"start":{"line":236,"column":2},"end":{"line":240,"column":3}},"114":{"start":{"line":237,"column":4},"end":{"line":239,"column":7}},"115":{"start":{"line":238,"column":6},"end":{"line":238,"column":55}},"116":{"start":{"line":242,"column":2},"end":{"line":246,"column":3}},"117":{"start":{"line":243,"column":4},"end":{"line":245,"column":7}},"118":{"start":{"line":244,"column":6},"end":{"line":244,"column":45}},"119":{"start":{"line":248,"column":2},"end":{"line":255,"column":3}},"120":{"start":{"line":249,"column":4},"end":{"line":249,"column":30}},"121":{"start":{"line":250,"column":4},"end":{"line":254,"column":7}},"122":{"start":{"line":251,"column":6},"end":{"line":251,"column":40}},"123":{"start":{"line":253,"column":6},"end":{"line":253,"column":15}},"124":{"start":{"line":257,"column":2},"end":{"line":279,"column":3}},"125":{"start":{"line":258,"column":4},"end":{"line":258,"column":49}},"126":{"start":{"line":260,"column":4},"end":{"line":276,"column":6}},"127":{"start":{"line":278,"column":4},"end":{"line":278,"column":35}},"128":{"start":{"line":282,"column":2},"end":{"line":284,"column":3}},"129":{"start":{"line":283,"column":4},"end":{"line":283,"column":13}},"130":{"start":{"line":288,"column":0},"end":{"line":298,"column":1}},"131":{"start":{"line":289,"column":2},"end":{"line":289,"column":20}},"132":{"start":{"line":290,"column":2},"end":{"line":293,"column":3}},"133":{"start":{"line":291,"column":4},"end":{"line":291,"column":19}},"134":{"start":{"line":292,"column":4},"end":{"line":292,"column":34}},"135":{"start":{"line":294,"column":2},"end":{"line":297,"column":3}},"136":{"start":{"line":295,"column":4},"end":{"line":295,"column":88}},"137":{"start":{"line":296,"column":4},"end":{"line":296,"column":30}},"138":{"start":{"line":302,"column":0},"end":{"line":327,"column":2}},"139":{"start":{"line":303,"column":2},"end":{"line":303,"column":18}},"140":{"start":{"line":304,"column":2},"end":{"line":304,"column":26}},"141":{"start":{"line":305,"column":2},"end":{"line":305,"column":31}},"142":{"start":{"line":306,"column":2},"end":{"line":306,"column":16}},"143":{"start":{"line":308,"column":2},"end":{"line":308,"column":77}},"144":{"start":{"line":310,"column":2},"end":{"line":326,"column":5}},"145":{"start":{"line":311,"column":4},"end":{"line":311,"column":77}},"146":{"start":{"line":313,"column":4},"end":{"line":324,"column":7}},"147":{"start":{"line":314,"column":6},"end":{"line":314,"column":117}},"148":{"start":{"line":315,"column":6},"end":{"line":315,"column":55}},"149":{"start":{"line":316,"column":6},"end":{"line":316,"column":17}},"150":{"start":{"line":318,"column":6},"end":{"line":318,"column":90}},"151":{"start":{"line":320,"column":6},"end":{"line":323,"column":7}},"152":{"start":{"line":321,"column":8},"end":{"line":321,"column":118}},"153":{"start":{"line":322,"column":8},"end":{"line":322,"column":40}},"154":{"start":{"line":335,"column":0},"end":{"line":409,"column":2}},"155":{"start":{"line":336,"column":2},"end":{"line":336,"column":18}},"156":{"start":{"line":337,"column":2},"end":{"line":337,"column":31}},"157":{"start":{"line":338,"column":2},"end":{"line":338,"column":27}},"158":{"start":{"line":339,"column":2},"end":{"line":339,"column":22}},"159":{"start":{"line":340,"column":2},"end":{"line":340,"column":19}},"160":{"start":{"line":341,"column":2},"end":{"line":408,"column":4}},"161":{"start":{"line":342,"column":4},"end":{"line":342,"column":20}},"162":{"start":{"line":343,"column":4},"end":{"line":407,"column":6}},"163":{"start":{"line":344,"column":6},"end":{"line":346,"column":7}},"164":{"start":{"line":345,"column":8},"end":{"line":345,"column":46}},"165":{"start":{"line":348,"column":6},"end":{"line":350,"column":7}},"166":{"start":{"line":349,"column":8},"end":{"line":349,"column":66}},"167":{"start":{"line":353,"column":6},"end":{"line":355,"column":9}},"168":{"start":{"line":354,"column":8},"end":{"line":354,"column":43}},"169":{"start":{"line":357,"column":6},"end":{"line":406,"column":7}},"170":{"start":{"line":358,"column":8},"end":{"line":358,"column":41}},"171":{"start":{"line":360,"column":8},"end":{"line":360,"column":83}},"172":{"start":{"line":363,"column":8},"end":{"line":363,"column":91}},"173":{"start":{"line":365,"column":8},"end":{"line":365,"column":53}},"174":{"start":{"line":367,"column":8},"end":{"line":373,"column":11}},"175":{"start":{"line":368,"column":10},"end":{"line":372,"column":11}},"176":{"start":{"line":369,"column":12},"end":{"line":369,"column":89}},"177":{"start":{"line":371,"column":12},"end":{"line":371,"column":80}},"178":{"start":{"line":376,"column":8},"end":{"line":376,"column":75}},"179":{"start":{"line":380,"column":8},"end":{"line":401,"column":11}},"180":{"start":{"line":381,"column":10},"end":{"line":381,"column":38}},"181":{"start":{"line":382,"column":10},"end":{"line":400,"column":13}},"182":{"start":{"line":386,"column":12},"end":{"line":386,"column":44}},"183":{"start":{"line":389,"column":12},"end":{"line":392,"column":13}},"184":{"start":{"line":390,"column":14},"end":{"line":390,"column":58}},"185":{"start":{"line":391,"column":14},"end":{"line":391,"column":98}},"186":{"start":{"line":394,"column":12},"end":{"line":396,"column":13}},"187":{"start":{"line":395,"column":14},"end":{"line":395,"column":29}},"188":{"start":{"line":398,"column":12},"end":{"line":398,"column":154}},"189":{"start":{"line":399,"column":12},"end":{"line":399,"column":87}},"190":{"start":{"line":403,"column":8},"end":{"line":403,"column":108}},"191":{"start":{"line":405,"column":8},"end":{"line":405,"column":92}},"192":{"start":{"line":414,"column":0},"end":{"line":425,"column":2}},"193":{"start":{"line":415,"column":2},"end":{"line":415,"column":18}},"194":{"start":{"line":416,"column":2},"end":{"line":416,"column":27}},"195":{"start":{"line":417,"column":2},"end":{"line":417,"column":27}},"196":{"start":{"line":419,"column":2},"end":{"line":419,"column":99}},"197":{"start":{"line":421,"column":2},"end":{"line":424,"column":5}},"198":{"start":{"line":423,"column":4},"end":{"line":423,"column":36}},"199":{"start":{"line":430,"column":0},"end":{"line":440,"column":2}},"200":{"start":{"line":431,"column":2},"end":{"line":431,"column":18}},"201":{"start":{"line":432,"column":2},"end":{"line":432,"column":27}},"202":{"start":{"line":433,"column":2},"end":{"line":433,"column":27}},"203":{"start":{"line":435,"column":2},"end":{"line":435,"column":105}},"204":{"start":{"line":437,"column":2},"end":{"line":439,"column":5}},"205":{"start":{"line":438,"column":4},"end":{"line":438,"column":36}},"206":{"start":{"line":444,"column":0},"end":{"line":489,"column":2}},"207":{"start":{"line":445,"column":2},"end":{"line":445,"column":27}},"208":{"start":{"line":446,"column":2},"end":{"line":446,"column":27}},"209":{"start":{"line":447,"column":2},"end":{"line":447,"column":27}},"210":{"start":{"line":449,"column":2},"end":{"line":488,"column":4}},"211":{"start":{"line":450,"column":4},"end":{"line":452,"column":5}},"212":{"start":{"line":451,"column":6},"end":{"line":451,"column":34}},"213":{"start":{"line":454,"column":4},"end":{"line":457,"column":5}},"214":{"start":{"line":455,"column":6},"end":{"line":455,"column":83}},"215":{"start":{"line":456,"column":6},"end":{"line":456,"column":34}},"216":{"start":{"line":459,"column":4},"end":{"line":487,"column":6}},"217":{"start":{"line":460,"column":6},"end":{"line":462,"column":7}},"218":{"start":{"line":461,"column":8},"end":{"line":461,"column":36}},"219":{"start":{"line":464,"column":6},"end":{"line":466,"column":7}},"220":{"start":{"line":465,"column":8},"end":{"line":465,"column":91}},"221":{"start":{"line":468,"column":6},"end":{"line":468,"column":26}},"222":{"start":{"line":470,"column":6},"end":{"line":479,"column":7}},"223":{"start":{"line":471,"column":8},"end":{"line":471,"column":94}},"224":{"start":{"line":472,"column":8},"end":{"line":472,"column":121}},"225":{"start":{"line":477,"column":8},"end":{"line":477,"column":130}},"226":{"start":{"line":478,"column":8},"end":{"line":478,"column":29}},"227":{"start":{"line":481,"column":6},"end":{"line":481,"column":51}},"228":{"start":{"line":483,"column":6},"end":{"line":486,"column":9}},"229":{"start":{"line":484,"column":8},"end":{"line":484,"column":87}},"230":{"start":{"line":485,"column":8},"end":{"line":485,"column":36}},"231":{"start":{"line":495,"column":0},"end":{"line":603,"column":2}},"232":{"start":{"line":496,"column":2},"end":{"line":496,"column":31}},"233":{"start":{"line":497,"column":2},"end":{"line":497,"column":35}},"234":{"start":{"line":498,"column":2},"end":{"line":498,"column":27}},"235":{"start":{"line":499,"column":2},"end":{"line":499,"column":31}},"236":{"start":{"line":500,"column":2},"end":{"line":500,"column":27}},"237":{"start":{"line":501,"column":2},"end":{"line":501,"column":35}},"238":{"start":{"line":502,"column":2},"end":{"line":502,"column":21}},"239":{"start":{"line":504,"column":2},"end":{"line":504,"column":125}},"240":{"start":{"line":505,"column":2},"end":{"line":602,"column":4}},"241":{"start":{"line":506,"column":4},"end":{"line":509,"column":5}},"242":{"start":{"line":507,"column":6},"end":{"line":507,"column":87}},"243":{"start":{"line":508,"column":6},"end":{"line":508,"column":85}},"244":{"start":{"line":511,"column":4},"end":{"line":513,"column":5}},"245":{"start":{"line":512,"column":6},"end":{"line":512,"column":88}},"246":{"start":{"line":515,"column":4},"end":{"line":601,"column":6}},"247":{"start":{"line":516,"column":6},"end":{"line":519,"column":7}},"248":{"start":{"line":517,"column":8},"end":{"line":517,"column":75}},"249":{"start":{"line":518,"column":8},"end":{"line":518,"column":75}},"250":{"start":{"line":521,"column":6},"end":{"line":524,"column":7}},"251":{"start":{"line":522,"column":8},"end":{"line":522,"column":79}},"252":{"start":{"line":523,"column":8},"end":{"line":523,"column":70}},"253":{"start":{"line":526,"column":6},"end":{"line":526,"column":29}},"254":{"start":{"line":527,"column":6},"end":{"line":527,"column":29}},"255":{"start":{"line":528,"column":6},"end":{"line":528,"column":27}},"256":{"start":{"line":530,"column":6},"end":{"line":530,"column":66}},"257":{"start":{"line":531,"column":6},"end":{"line":531,"column":65}},"258":{"start":{"line":533,"column":6},"end":{"line":540,"column":7}},"259":{"start":{"line":534,"column":8},"end":{"line":536,"column":10}},"260":{"start":{"line":535,"column":10},"end":{"line":535,"column":55}},"261":{"start":{"line":537,"column":8},"end":{"line":539,"column":11}},"262":{"start":{"line":538,"column":10},"end":{"line":538,"column":36}},"263":{"start":{"line":542,"column":6},"end":{"line":542,"column":97}},"264":{"start":{"line":544,"column":6},"end":{"line":547,"column":7}},"265":{"start":{"line":545,"column":8},"end":{"line":545,"column":55}},"266":{"start":{"line":546,"column":8},"end":{"line":546,"column":48}},"267":{"start":{"line":549,"column":6},"end":{"line":549,"column":118}},"268":{"start":{"line":551,"column":6},"end":{"line":600,"column":7}},"269":{"start":{"line":552,"column":8},"end":{"line":552,"column":54}},"270":{"start":{"line":553,"column":8},"end":{"line":596,"column":10}},"271":{"start":{"line":554,"column":10},"end":{"line":554,"column":145}},"272":{"start":{"line":556,"column":10},"end":{"line":558,"column":11}},"273":{"start":{"line":557,"column":12},"end":{"line":557,"column":149}},"274":{"start":{"line":560,"column":10},"end":{"line":562,"column":13}},"275":{"start":{"line":561,"column":12},"end":{"line":561,"column":52}},"276":{"start":{"line":566,"column":10},"end":{"line":566,"column":55}},"277":{"start":{"line":567,"column":10},"end":{"line":569,"column":11}},"278":{"start":{"line":568,"column":12},"end":{"line":568,"column":120}},"279":{"start":{"line":571,"column":10},"end":{"line":571,"column":105}},"280":{"start":{"line":573,"column":10},"end":{"line":576,"column":11}},"281":{"start":{"line":574,"column":12},"end":{"line":574,"column":46}},"282":{"start":{"line":575,"column":12},"end":{"line":575,"column":26}},"283":{"start":{"line":578,"column":10},"end":{"line":581,"column":11}},"284":{"start":{"line":579,"column":12},"end":{"line":579,"column":41}},"285":{"start":{"line":580,"column":12},"end":{"line":580,"column":26}},"286":{"start":{"line":583,"column":10},"end":{"line":586,"column":11}},"287":{"start":{"line":584,"column":12},"end":{"line":584,"column":36}},"288":{"start":{"line":585,"column":12},"end":{"line":585,"column":26}},"289":{"start":{"line":588,"column":10},"end":{"line":590,"column":11}},"290":{"start":{"line":589,"column":12},"end":{"line":589,"column":124}},"291":{"start":{"line":592,"column":10},"end":{"line":595,"column":13}},"292":{"start":{"line":593,"column":12},"end":{"line":593,"column":70}},"293":{"start":{"line":594,"column":12},"end":{"line":594,"column":117}},"294":{"start":{"line":598,"column":8},"end":{"line":598,"column":74}},"295":{"start":{"line":599,"column":8},"end":{"line":599,"column":62}},"296":{"start":{"line":605,"column":0},"end":{"line":754,"column":2}},"297":{"start":{"line":606,"column":2},"end":{"line":606,"column":18}},"298":{"start":{"line":609,"column":2},"end":{"line":609,"column":31}},"299":{"start":{"line":611,"column":2},"end":{"line":611,"column":35}},"300":{"start":{"line":613,"column":2},"end":{"line":613,"column":35}},"301":{"start":{"line":615,"column":2},"end":{"line":615,"column":27}},"302":{"start":{"line":616,"column":2},"end":{"line":616,"column":26}},"303":{"start":{"line":618,"column":2},"end":{"line":753,"column":4}},"304":{"start":{"line":619,"column":4},"end":{"line":621,"column":5}},"305":{"start":{"line":620,"column":6},"end":{"line":620,"column":72}},"306":{"start":{"line":623,"column":4},"end":{"line":625,"column":5}},"307":{"start":{"line":624,"column":6},"end":{"line":624,"column":110}},"308":{"start":{"line":627,"column":4},"end":{"line":627,"column":102}},"309":{"start":{"line":629,"column":4},"end":{"line":752,"column":6}},"310":{"start":{"line":630,"column":6},"end":{"line":633,"column":7}},"311":{"start":{"line":631,"column":8},"end":{"line":631,"column":120}},"312":{"start":{"line":632,"column":8},"end":{"line":632,"column":74}},"313":{"start":{"line":635,"column":6},"end":{"line":638,"column":7}},"314":{"start":{"line":636,"column":8},"end":{"line":636,"column":94}},"315":{"start":{"line":637,"column":8},"end":{"line":637,"column":148}},"316":{"start":{"line":640,"column":6},"end":{"line":640,"column":64}},"317":{"start":{"line":641,"column":6},"end":{"line":643,"column":7}},"318":{"start":{"line":642,"column":8},"end":{"line":642,"column":55}},"319":{"start":{"line":644,"column":6},"end":{"line":707,"column":7}},"320":{"start":{"line":645,"column":8},"end":{"line":645,"column":97}},"321":{"start":{"line":646,"column":8},"end":{"line":646,"column":71}},"322":{"start":{"line":647,"column":8},"end":{"line":706,"column":10}},"323":{"start":{"line":648,"column":10},"end":{"line":650,"column":11}},"324":{"start":{"line":649,"column":12},"end":{"line":649,"column":126}},"325":{"start":{"line":652,"column":10},"end":{"line":666,"column":11}},"326":{"start":{"line":654,"column":12},"end":{"line":654,"column":131}},"327":{"start":{"line":657,"column":12},"end":{"line":657,"column":56}},"328":{"start":{"line":658,"column":12},"end":{"line":658,"column":33}},"329":{"start":{"line":659,"column":12},"end":{"line":659,"column":43}},"330":{"start":{"line":661,"column":12},"end":{"line":665,"column":14}},"331":{"start":{"line":662,"column":14},"end":{"line":664,"column":16}},"332":{"start":{"line":663,"column":16},"end":{"line":663,"column":103}},"333":{"start":{"line":669,"column":10},"end":{"line":677,"column":11}},"334":{"start":{"line":671,"column":12},"end":{"line":671,"column":42}},"335":{"start":{"line":673,"column":12},"end":{"line":673,"column":43}},"336":{"start":{"line":674,"column":12},"end":{"line":676,"column":14}},"337":{"start":{"line":675,"column":14},"end":{"line":675,"column":101}},"338":{"start":{"line":680,"column":10},"end":{"line":689,"column":11}},"339":{"start":{"line":682,"column":12},"end":{"line":682,"column":43}},"340":{"start":{"line":684,"column":12},"end":{"line":684,"column":42}},"341":{"start":{"line":686,"column":12},"end":{"line":688,"column":14}},"342":{"start":{"line":687,"column":14},"end":{"line":687,"column":101}},"343":{"start":{"line":692,"column":10},"end":{"line":705,"column":11}},"344":{"start":{"line":693,"column":12},"end":{"line":695,"column":13}},"345":{"start":{"line":694,"column":14},"end":{"line":694,"column":165}},"346":{"start":{"line":698,"column":12},"end":{"line":698,"column":43}},"347":{"start":{"line":700,"column":12},"end":{"line":700,"column":42}},"348":{"start":{"line":702,"column":12},"end":{"line":704,"column":14}},"349":{"start":{"line":703,"column":14},"end":{"line":703,"column":92}},"350":{"start":{"line":708,"column":6},"end":{"line":751,"column":7}},"351":{"start":{"line":709,"column":8},"end":{"line":709,"column":96}},"352":{"start":{"line":710,"column":8},"end":{"line":750,"column":10}},"353":{"start":{"line":712,"column":10},"end":{"line":712,"column":90}},"354":{"start":{"line":715,"column":10},"end":{"line":724,"column":11}},"355":{"start":{"line":717,"column":12},"end":{"line":717,"column":39}},"356":{"start":{"line":719,"column":12},"end":{"line":719,"column":38}},"357":{"start":{"line":721,"column":12},"end":{"line":723,"column":14}},"358":{"start":{"line":722,"column":14},"end":{"line":722,"column":101}},"359":{"start":{"line":727,"column":10},"end":{"line":742,"column":11}},"360":{"start":{"line":729,"column":12},"end":{"line":731,"column":13}},"361":{"start":{"line":730,"column":14},"end":{"line":730,"column":119}},"362":{"start":{"line":732,"column":12},"end":{"line":734,"column":13}},"363":{"start":{"line":733,"column":14},"end":{"line":733,"column":119}},"364":{"start":{"line":737,"column":12},"end":{"line":737,"column":39}},"365":{"start":{"line":739,"column":12},"end":{"line":741,"column":14}},"366":{"start":{"line":740,"column":14},"end":{"line":740,"column":101}},"367":{"start":{"line":744,"column":10},"end":{"line":746,"column":11}},"368":{"start":{"line":745,"column":12},"end":{"line":745,"column":124}},"369":{"start":{"line":747,"column":10},"end":{"line":749,"column":11}},"370":{"start":{"line":748,"column":12},"end":{"line":748,"column":136}},"371":{"start":{"line":756,"column":0},"end":{"line":805,"column":2}},"372":{"start":{"line":757,"column":2},"end":{"line":757,"column":27}},"373":{"start":{"line":758,"column":2},"end":{"line":758,"column":35}},"374":{"start":{"line":759,"column":2},"end":{"line":759,"column":22}},"375":{"start":{"line":760,"column":2},"end":{"line":760,"column":22}},"376":{"start":{"line":761,"column":2},"end":{"line":761,"column":23}},"377":{"start":{"line":762,"column":2},"end":{"line":762,"column":22}},"378":{"start":{"line":764,"column":2},"end":{"line":804,"column":4}},"379":{"start":{"line":765,"column":4},"end":{"line":765,"column":25}},"380":{"start":{"line":766,"column":4},"end":{"line":766,"column":26}},"381":{"start":{"line":768,"column":4},"end":{"line":780,"column":5}},"382":{"start":{"line":769,"column":6},"end":{"line":771,"column":8}},"383":{"start":{"line":770,"column":8},"end":{"line":770,"column":53}},"384":{"start":{"line":773,"column":6},"end":{"line":775,"column":8}},"385":{"start":{"line":774,"column":8},"end":{"line":774,"column":46}},"386":{"start":{"line":777,"column":6},"end":{"line":779,"column":7}},"387":{"start":{"line":778,"column":8},"end":{"line":778,"column":36}},"388":{"start":{"line":782,"column":4},"end":{"line":794,"column":5}},"389":{"start":{"line":783,"column":6},"end":{"line":785,"column":8}},"390":{"start":{"line":784,"column":8},"end":{"line":784,"column":55}},"391":{"start":{"line":787,"column":6},"end":{"line":789,"column":8}},"392":{"start":{"line":788,"column":8},"end":{"line":788,"column":46}},"393":{"start":{"line":791,"column":6},"end":{"line":793,"column":7}},"394":{"start":{"line":792,"column":8},"end":{"line":792,"column":36}},"395":{"start":{"line":796,"column":4},"end":{"line":801,"column":5}},"396":{"start":{"line":797,"column":6},"end":{"line":797,"column":53}},"397":{"start":{"line":798,"column":6},"end":{"line":800,"column":7}},"398":{"start":{"line":799,"column":8},"end":{"line":799,"column":36}},"399":{"start":{"line":803,"column":4},"end":{"line":803,"column":99}},"400":{"start":{"line":807,"column":0},"end":{"line":827,"column":2}},"401":{"start":{"line":808,"column":2},"end":{"line":808,"column":23}},"402":{"start":{"line":809,"column":2},"end":{"line":809,"column":31}},"403":{"start":{"line":810,"column":2},"end":{"line":810,"column":27}},"404":{"start":{"line":812,"column":2},"end":{"line":812,"column":25}},"405":{"start":{"line":814,"column":2},"end":{"line":814,"column":23}},"406":{"start":{"line":815,"column":2},"end":{"line":815,"column":61}},"407":{"start":{"line":816,"column":2},"end":{"line":823,"column":3}},"408":{"start":{"line":817,"column":4},"end":{"line":819,"column":6}},"409":{"start":{"line":818,"column":6},"end":{"line":818,"column":51}},"410":{"start":{"line":820,"column":4},"end":{"line":822,"column":7}},"411":{"start":{"line":821,"column":6},"end":{"line":821,"column":42}},"412":{"start":{"line":824,"column":2},"end":{"line":826,"column":3}},"413":{"start":{"line":825,"column":4},"end":{"line":825,"column":16}},"414":{"start":{"line":829,"column":0},"end":{"line":837,"column":2}},"415":{"start":{"line":830,"column":2},"end":{"line":830,"column":23}},"416":{"start":{"line":831,"column":2},"end":{"line":831,"column":31}},"417":{"start":{"line":832,"column":2},"end":{"line":832,"column":27}},"418":{"start":{"line":834,"column":2},"end":{"line":834,"column":25}},"419":{"start":{"line":836,"column":2},"end":{"line":836,"column":44}},"420":{"start":{"line":839,"column":0},"end":{"line":839,"column":52}}},"branchMap":{"1":{"line":48,"type":"if","locations":[{"start":{"line":48,"column":4},"end":{"line":48,"column":4}},{"start":{"line":48,"column":4},"end":{"line":48,"column":4}}]},"2":{"line":52,"type":"if","locations":[{"start":{"line":52,"column":4},"end":{"line":52,"column":4}},{"start":{"line":52,"column":4},"end":{"line":52,"column":4}}]},"3":{"line":58,"type":"if","locations":[{"start":{"line":58,"column":6},"end":{"line":58,"column":6}},{"start":{"line":58,"column":6},"end":{"line":58,"column":6}}]},"4":{"line":93,"type":"if","locations":[{"start":{"line":93,"column":4},"end":{"line":93,"column":4}},{"start":{"line":93,"column":4},"end":{"line":93,"column":4}}]},"5":{"line":97,"type":"if","locations":[{"start":{"line":97,"column":4},"end":{"line":97,"column":4}},{"start":{"line":97,"column":4},"end":{"line":97,"column":4}}]},"6":{"line":111,"type":"if","locations":[{"start":{"line":111,"column":4},"end":{"line":111,"column":4}},{"start":{"line":111,"column":4},"end":{"line":111,"column":4}}]},"7":{"line":116,"type":"if","locations":[{"start":{"line":116,"column":4},"end":{"line":116,"column":4}},{"start":{"line":116,"column":4},"end":{"line":116,"column":4}}]},"8":{"line":122,"type":"if","locations":[{"start":{"line":122,"column":4},"end":{"line":122,"column":4}},{"start":{"line":122,"column":4},"end":{"line":122,"column":4}}]},"9":{"line":122,"type":"binary-expr","locations":[{"start":{"line":122,"column":8},"end":{"line":122,"column":25}},{"start":{"line":122,"column":29},"end":{"line":122,"column":57}}]},"10":{"line":126,"type":"if","locations":[{"start":{"line":126,"column":8},"end":{"line":126,"column":8}},{"start":{"line":126,"column":8},"end":{"line":126,"column":8}}]},"11":{"line":134,"type":"if","locations":[{"start":{"line":134,"column":4},"end":{"line":134,"column":4}},{"start":{"line":134,"column":4},"end":{"line":134,"column":4}}]},"12":{"line":134,"type":"binary-expr","locations":[{"start":{"line":134,"column":8},"end":{"line":134,"column":21}},{"start":{"line":134,"column":25},"end":{"line":134,"column":49}}]},"13":{"line":137,"type":"if","locations":[{"start":{"line":137,"column":8},"end":{"line":137,"column":8}},{"start":{"line":137,"column":8},"end":{"line":137,"column":8}}]},"14":{"line":158,"type":"if","locations":[{"start":{"line":158,"column":4},"end":{"line":158,"column":4}},{"start":{"line":158,"column":4},"end":{"line":158,"column":4}}]},"15":{"line":161,"type":"if","locations":[{"start":{"line":161,"column":4},"end":{"line":161,"column":4}},{"start":{"line":161,"column":4},"end":{"line":161,"column":4}}]},"16":{"line":166,"type":"if","locations":[{"start":{"line":166,"column":6},"end":{"line":166,"column":6}},{"start":{"line":166,"column":6},"end":{"line":166,"column":6}}]},"17":{"line":170,"type":"if","locations":[{"start":{"line":170,"column":6},"end":{"line":170,"column":6}},{"start":{"line":170,"column":6},"end":{"line":170,"column":6}}]},"18":{"line":184,"type":"if","locations":[{"start":{"line":184,"column":8},"end":{"line":184,"column":8}},{"start":{"line":184,"column":8},"end":{"line":184,"column":8}}]},"19":{"line":206,"type":"if","locations":[{"start":{"line":206,"column":2},"end":{"line":206,"column":2}},{"start":{"line":206,"column":2},"end":{"line":206,"column":2}}]},"20":{"line":224,"type":"if","locations":[{"start":{"line":224,"column":2},"end":{"line":224,"column":2}},{"start":{"line":224,"column":2},"end":{"line":224,"column":2}}]},"21":{"line":230,"type":"if","locations":[{"start":{"line":230,"column":2},"end":{"line":230,"column":2}},{"start":{"line":230,"column":2},"end":{"line":230,"column":2}}]},"22":{"line":236,"type":"if","locations":[{"start":{"line":236,"column":2},"end":{"line":236,"column":2}},{"start":{"line":236,"column":2},"end":{"line":236,"column":2}}]},"23":{"line":242,"type":"if","locations":[{"start":{"line":242,"column":2},"end":{"line":242,"column":2}},{"start":{"line":242,"column":2},"end":{"line":242,"column":2}}]},"24":{"line":248,"type":"if","locations":[{"start":{"line":248,"column":2},"end":{"line":248,"column":2}},{"start":{"line":248,"column":2},"end":{"line":248,"column":2}}]},"25":{"line":248,"type":"binary-expr","locations":[{"start":{"line":248,"column":6},"end":{"line":248,"column":19}},{"start":{"line":248,"column":23},"end":{"line":248,"column":47}}]},"26":{"line":282,"type":"if","locations":[{"start":{"line":282,"column":2},"end":{"line":282,"column":2}},{"start":{"line":282,"column":2},"end":{"line":282,"column":2}}]},"27":{"line":282,"type":"binary-expr","locations":[{"start":{"line":282,"column":6},"end":{"line":282,"column":20}},{"start":{"line":282,"column":26},"end":{"line":282,"column":39}},{"start":{"line":282,"column":43},"end":{"line":282,"column":68}}]},"28":{"line":290,"type":"if","locations":[{"start":{"line":290,"column":2},"end":{"line":290,"column":2}},{"start":{"line":290,"column":2},"end":{"line":290,"column":2}}]},"29":{"line":295,"type":"cond-expr","locations":[{"start":{"line":295,"column":47},"end":{"line":295,"column":49}},{"start":{"line":295,"column":52},"end":{"line":295,"column":87}}]},"30":{"line":295,"type":"cond-expr","locations":[{"start":{"line":295,"column":82},"end":{"line":295,"column":83}},{"start":{"line":295,"column":86},"end":{"line":295,"column":87}}]},"31":{"line":320,"type":"if","locations":[{"start":{"line":320,"column":6},"end":{"line":320,"column":6}},{"start":{"line":320,"column":6},"end":{"line":320,"column":6}}]},"32":{"line":344,"type":"if","locations":[{"start":{"line":344,"column":6},"end":{"line":344,"column":6}},{"start":{"line":344,"column":6},"end":{"line":344,"column":6}}]},"33":{"line":348,"type":"if","locations":[{"start":{"line":348,"column":6},"end":{"line":348,"column":6}},{"start":{"line":348,"column":6},"end":{"line":348,"column":6}}]},"34":{"line":357,"type":"if","locations":[{"start":{"line":357,"column":6},"end":{"line":357,"column":6}},{"start":{"line":357,"column":6},"end":{"line":357,"column":6}}]},"35":{"line":357,"type":"binary-expr","locations":[{"start":{"line":357,"column":10},"end":{"line":357,"column":18}},{"start":{"line":357,"column":22},"end":{"line":357,"column":46}},{"start":{"line":357,"column":50},"end":{"line":357,"column":69}}]},"36":{"line":368,"type":"if","locations":[{"start":{"line":368,"column":10},"end":{"line":368,"column":10}},{"start":{"line":368,"column":10},"end":{"line":368,"column":10}}]},"37":{"line":389,"type":"if","locations":[{"start":{"line":389,"column":12},"end":{"line":389,"column":12}},{"start":{"line":389,"column":12},"e
[...]
8,"column":0},"end":{"line":8,"column":42}},"8":{"start":{"line":9,"column":0},"end":{"line":9,"column":28}},"9":{"start":{"line":11,"column":0},"end":{"line":18,"column":3}},"10":{"start":{"line":21,"column":0},"end":{"line":36,"column":2}},"11":{"start":{"line":22,"column":2},"end":{"line":22,"column":18}},"12":{"start":{"line":23,"column":2},"end":{"line":23,"column":49}},"13":{"start":{"line":24,"column":2},"end":{"line":35,"column":5}},"14":{"start":{"line":25,"column":4},"end":{"line":25,"column":59}},"15":{"start":{"line":27,"column":4},"end":{"line":34,"column":7}},"16":{"start":{"line":28,"column":6},"end":{"line":31,"column":7}},"17":{"start":{"line":29,"column":8},"end":{"line":29,"column":79}},"18":{"start":{"line":30,"column":8},"end":{"line":30,"column":41}},"19":{"start":{"line":32,"column":6},"end":{"line":32,"column":65}},"20":{"start":{"line":33,"column":6},"end":{"line":33,"column":40}},"21":{"start":{"line":38,"column":0},"end":{"line":57,"column":2}},"22":{"start":{"line":39,"column":2},"end":{"line":39,"column":18}},"23":{"start":{"line":40,"column":2},"end":{"line":40,"column":50}},"24":{"start":{"line":41,"column":2},"end":{"line":56,"column":5}},"25":{"start":{"line":42,"column":4},"end":{"line":42,"column":46}},"26":{"start":{"line":43,"column":4},"end":{"line":55,"column":5}},"27":{"start":{"line":44,"column":6},"end":{"line":44,"column":32}},"28":{"start":{"line":46,"column":6},"end":{"line":54,"column":9}},"29":{"start":{"line":47,"column":8},"end":{"line":53,"column":9}},"30":{"start":{"line":48,"column":10},"end":{"line":48,"column":57}},"31":{"start":{"line":49,"column":10},"end":{"line":49,"column":43}},"32":{"start":{"line":51,"column":10},"end":{"line":51,"column":59}},"33":{"start":{"line":52,"column":10},"end":{"line":52,"column":48}},"34":{"start":{"line":60,"column":0},"end":{"line":78,"column":1}},"35":{"start":{"line":61,"column":2},"end":{"line":61,"column":18}},"36":{"start":{"line":62,"column":2},"end":{"line":62,"column":40}},"37":{"start":{"line":63,"column":2},"end":{"line":63,"column":82}},"38":{"start":{"line":65,"column":2},"end":{"line":77,"column":5}},"39":{"start":{"line":66,"column":4},"end":{"line":66,"column":42}},"40":{"start":{"line":67,"column":4},"end":{"line":67,"column":56}},"41":{"start":{"line":68,"column":4},"end":{"line":76,"column":7}},"42":{"start":{"line":69,"column":6},"end":{"line":73,"column":9}},"43":{"start":{"line":70,"column":8},"end":{"line":70,"column":47}},"44":{"start":{"line":70,"column":19},"end":{"line":70,"column":45}},"45":{"start":{"line":72,"column":8},"end":{"line":72,"column":27}},"46":{"start":{"line":75,"column":6},"end":{"line":75,"column":20}},"47":{"start":{"line":80,"column":0},"end":{"line":102,"column":2}},"48":{"start":{"line":81,"column":2},"end":{"line":101,"column":5}},"49":{"start":{"line":82,"column":4},"end":{"line":100,"column":5}},"50":{"start":{"line":83,"column":6},"end":{"line":83,"column":33}},"51":{"start":{"line":85,"column":6},"end":{"line":85,"column":26}},"52":{"start":{"line":86,"column":6},"end":{"line":99,"column":9}},"53":{"start":{"line":87,"column":8},"end":{"line":97,"column":11}},"54":{"start":{"line":89,"column":10},"end":{"line":96,"column":11}},"55":{"start":{"line":90,"column":12},"end":{"line":90,"column":139}},"56":{"start":{"line":91,"column":17},"end":{"line":96,"column":11}},"57":{"start":{"line":92,"column":12},"end":{"line":92,"column":92}},"58":{"start":{"line":94,"column":12},"end":{"line":94,"column":124}},"59":{"start":{"line":95,"column":12},"end":{"line":95,"column":32}},"60":{"start":{"line":98,"column":8},"end":{"line":98,"column":40}},"61":{"start":{"line":104,"column":0},"end":{"line":130,"column":1}},"62":{"start":{"line":108,"column":2},"end":{"line":129,"column":3}},"63":{"start":{"line":109,"column":4},"end":{"line":109,"column":68}},"64":{"start":{"line":110,"column":4},"end":{"line":110,"column":85}},"65":{"start":{"line":111,"column":4},"end":{"line":111,"column":37}},"66":{"start":{"line":113,"column":4},"end":{"line":125,"column":7}},"67":{"start":{"line":114,"column":6},"end":{"line":124,"column":9}},"68":{"start":{"line":115,"column":8},"end":{"line":115,"column":56}},"69":{"start":{"line":116,"column":8},"end":{"line":116,"column":63}},"70":{"start":{"line":117,"column":8},"end":{"line":117,"column":38}},"71":{"start":{"line":118,"column":8},"end":{"line":123,"column":11}},"72":{"start":{"line":122,"column":10},"end":{"line":122,"column":25}},"73":{"start":{"line":127,"column":4},"end":{"line":127,"column":105}},"74":{"start":{"line":128,"column":4},"end":{"line":128,"column":19}},"75":{"start":{"line":132,"column":0},"end":{"line":211,"column":2}},"76":{"start":{"line":133,"column":2},"end":{"line":133,"column":18}},"77":{"start":{"line":135,"column":2},"end":{"line":139,"column":5}},"78":{"start":{"line":141,"column":2},"end":{"line":141,"column":33}},"79":{"start":{"line":142,"column":2},"end":{"line":161,"column":4}},"80":{"start":{"line":163,"column":2},"end":{"line":186,"column":5}},"81":{"start":{"line":164,"column":4},"end":{"line":185,"column":5}},"82":{"start":{"line":166,"column":6},"end":{"line":184,"column":9}},"83":{"start":{"line":169,"column":8},"end":{"line":183,"column":11}},"84":{"start":{"line":173,"column":10},"end":{"line":173,"column":73}},"85":{"start":{"line":174,"column":10},"end":{"line":182,"column":13}},"86":{"start":{"line":176,"column":12},"end":{"line":176,"column":74}},"87":{"start":{"line":177,"column":12},"end":{"line":180,"column":14}},"88":{"start":{"line":181,"column":12},"end":{"line":181,"column":43}},"89":{"start":{"line":213,"column":0},"end":{"line":213,"column":58}}},"branchMap":{"1":{"line":28,"type":"if","locations":[{"start":{"line":28,"column":6},"end":{"line":28,"column":6}},{"start":{"line":28,"column":6},"end":{"line":28,"column":6}}]},"2":{"line":43,"type":"if","locations":[{"start":{"line":43,"column":4},"end":{"line":43,"column":4}},{"start":{"line":43,"column":4},"end":{"line":43,"column":4}}]},"3":{"line":47,"type":"if","locations":[{"start":{"line":47,"column":8},"end":{"line":47,"column":8}},{"start":{"line":47,"column":8},"end":{"line":47,"column":8}}]},"4":{"line":70,"type":"if","locations":[{"start":{"line":70,"column":8},"end":{"line":70,"column":8}},{"start":{"line":70,"column":8},"end":{"line":70,"column":8}}]},"5":{"line":82,"type":"if","locations":[{"start":{"line":82,"column":4},"end":{"line":82,"column":4}},{"start":{"line":82,"column":4},"end":{"line":82,"column":4}}]},"6":{"line":89,"type":"if","locations":[{"start":{"line":89,"column":10},"end":{"line":89,"column":10}},{"start":{"line":89,"column":10},"end":{"line":89,"column":10}}]},"7":{"line":89,"type":"binary-expr","locations":[{"start":{"line":89,"column":14},"end":{"line":89,"column":52}},{"start":{"line":89,"column":56},"end":{"line":89,"column":93}}]},"8":{"line":91,"type":"if","locations":[{"start":{"line":91,"column":17},"end":{"line":91,"column":17}},{"start":{"line":91,"column":17},"end":{"line":91,"column":17}}]},"9":{"line":108,"type":"if","locations":[{"start":{"line":108,"column":2},"end":{"line":108,"column":2}},{"start":{"line":108,"column":2},"end":{"line":108,"column":2}}]},"10":{"line":164,"type":"if","locations":[{"start":{"line":164,"column":4},"end":{"line":164,"column":4}},{"start":{"line":164,"column":4},"end":{"line":164,"column":4}}]}}},"/Users/philip/github/pipo/server/models/pfile.js":{"path":"/Users/philip/github/pipo/server/models/pfile.js","s":{"1":1,"2":1,"3":1,"4":1,"5":1,"6":1,"7":1,"8":1,"9":1,"10":1,"11":0,"12":0,"13":0,"14":0,"15":0,"16":0,"17":0,"18":0,"19":0,"20":0,"21":0,"22":0,"23":0,"24":0,"25":0,"26":0,"27":0,"28":0,"29":0,"30":0,"31":0,"32":0,"33":0,"34":0,"35":0,"36":0,"37":0,"38":0,"39":0,"40":0,"41":0,"42":0,"43":0,"44":0,"45":1,"46":0,"47":1},"b":{"1":[0,0],"2":[0,0],"3":[0,0],"4":[0,0]},"f":{"1":0,"2":0,"3":0,"4":0,"5":0,"6":0,"7":0,"8":0},"fnMap":{"1":{"name":"create","line":23,"loc":{"start":{"line":23,"column":29},"end":{"line":23,"column":61}}},"2":{"name":"(anonymous_2)","line":31,"loc":{"start":{"line":31,"column":20},"end":{"line":31,"column":34}}},"3":{"name":"finish","line":60,"loc":{"start":{"line":60,"column":17},"end":{"line":60,"column":40}}},"4":{"name":"(anonymous_4)","line":61,"loc":{"start":{"line":61,"column":17},"end":{"line":61,"column":41}}},"5":{"name":"(anonymous_5)","line":70,"loc":{"start":{"line":70,"column":67},"end":{"line":70,"column":81}}},"6":{"name":"(anonymous_6)","line":78,"loc":{"start":{"line":78,"column":43},"end":{"line":78,"column":63}}},"7":{"name":"(anonymous_7)","line":84,"loc":{"start":{"line":84,"column":38},"end":{"line":84,"column":58}}},"8":{"name":"verify","line":101,"loc":{"start":{"line":101,"column":29},"end":{"line":101,"column":61}}}},"statementMap":{"1":{"start":{"line":1,"column":0},"end":{"line":1,"column":35}},"2":{"start":{"line":2,"column":0},"end":{"line":2,"column":29}},"3":{"start":{"line":3,"column":0},"end":{"line":3,"column":44}},"4":{"start":{"line":4,"column":0},"end":{"line":4,"column":23}},"5":{"start":{"line":5,"column":0},"end":{"line":5,"column":25}},"6":{"start":{"line":6,"column":0},"end":{"line":6,"column":31}},"7":{"start":{"line":7,"column":0},"end":{"line":7,"column":29}},"8":{"start":{"line":8,"column":0},"end":{"line":8,"column":29}},"9":{"start":{"line":10,"column":0},"end":{"line":21,"column":3}},"10":{"start":{"line":23,"column":0},"end":{"line":99,"column":2}},"11":{"start":{"line":24,"column":2},"end":{"line":24,"column":18}},"12":{"start":{"line":25,"column":2},"end":{"line":25,"column":35}},"13":{"start":{"line":26,"column":2},"end":{"line":26,"column":31}},"14":{"start":{"line":27,"column":2},"end":{"line":27,"column":31}},"15":{"start":{"line":28,"column":2},"end":{"line":28,"column":31}},"16":{"start":{"line":31,"column":2},"end":{"line":98,"column":5}},"17":{"start":{"line":32,"column":4},"end":{"line":35,"column":5}},"18":{"start":{"line":33,"column":6},"end":{"line":33,"column":76}},"19":{"start":{"line":34,"column":6},"end":{"line":34,"column":27}},"20":{"start":{"line":40,"column":4},"end":{"line":40,"column":93}},"21":{"start":{"line":42,"column":4},"end":{"line":42,"column":57}},"22":{"start":{"line":46,"column":4},"end":{"line":54,"column":7}},"23":{"start":{"line":56,"column":4},"end":{"line":56,"column":60}},"24":{"start":{"line":58,"column":4},"end":{"line":58,"column":77}},"25":{"start":{"line":60,"column":4},"end":{"line":74,"column":6}},"26":{"start":{"line":61,"column":6},"end":{"line":73,"column":9}},"27":{"start":{"line":62,"column":8},"end":{"line":62,"column":32}},"28":{"start":{"line":63,"column":8},"end":{"line":66,"column":9}},"29":{"start":{"line":64,"column":10},"end":{"line":64,"column":70}},"30":{"start":{"line":65,"column":10},"end":{"line":65,"column":31}},"31":{"start":{"line":68,"column":8},"end":{"line":68,"column":67}},"32":{"start":{"line":70,"column":8},"end":{"line":72,"column":11}},"33":{"start":{"line":71,"column":10},"end":{"line":71,"column":41}},"34":{"start":{"line":77,"column":4},"end":{"line":91,"column":5}},"35":{"start":{"line":78,"column":6},"end":{"line":82,"column":9}},"36":{"start":{"line":79,"column":8},"end":{"line":79,"column":76}},"37":{"start":{"line":80,"column":8},"end":{"line":80,"column":33}},"38":{"start":{"line":81,"column":8},"end":{"line":81,"column":24}},"39":{"start":{"line":83,"column":11},"end":{"line":91,"column":5}},"40":{"start":{"line":84,"column":6},"end":{"line":88,"column":9}},"41":{"start":{"line":85,"column":8},"end":{"line":85,"column":74}},"42":{"start":{"line":86,"column":8},"end":{"line":86,"column":33}},"43":{"start":{"line":87,"column":8},"end":{"line":87,"column":24}},"44":{"start":{"line":90,"column":6},"end":{"line":90,"column":82}},"45":{"start":{"line":101,"column":0},"end":{"line":104,"column":2}},"46":{"start":{"line":103,"column":2},"end":{"line":103,"column":24}},"47":{"start":{"line":106,"column":0},"end":{"line":106,"column":54}}},"branchMap":{"1":{"line":32,"type":"if","locations":[{"start":{"line":32,"column":4},"end":{"line":32,"column":4}},{"start":{"line":32,"column":4},"end":{"line":32,"column":4}}]},"2":{"line":63,"type":"if","locations":[{"start":{"line":63,"column":8},"end":{"line":63,"column":8}},{"start":{"line":63,"column":8},"end":{"line":63,"column":8}}]},"3":{"line":77,"type":"if","locations":[{"start":{"line":77,"column":4},"end":{"line":77,"column":4}},{"start":{"line":77,"column":4},"end":{"line":77,"column":4}}]},"4":{"line":83,"type":"if","locations":[{"start":{"line":83,"column":11},"end":{"line":83,"column":11}},{"start":{"line":83,"column":11},"end":{"line":83,"column":11}}]}}},"/Users/philip/github/pipo/server/js/managers/file.js":{"path":"/Users/philip/github/pipo/server/js/managers/file.js","s":{"1":1,"2":1,"3":1,"4":1,"5":0,"6":0,"7":0,"8":0,"9":0,"10":0,"11":0,"12":0,"13":0,"14":0,"15":0,"16":0,"17":0,"18":0,"19":0,"20":0,"21":0,"22":0,"23":0,"24":0,"25":1},"b":{"1":[0,0],"2":[0,0],"3":[0,0]},"f":{"1":1,"2":0},"fnMap":{"1":{"name":"FileManager","line":4,"loc":{"start":{"line":4,"column":0},"end":{"line":4,"column":23}}},"2":{"name":"(anonymous_2)","line":5,"loc":{"start":{"line":5,"column":23},"end":{"line":5,"column":38}}}},"statementMap":{"1":{"start":{"line":1,"column":0},"end":{"line":1,"column":40}},"2":{"start":{"line":2,"column":0},"end":{"line":2,"column":47}},"3":{"start":{"line":4,"column":0},"end":{"line":51,"column":1}},"4":{"start":{"line":5,"column":2},"end":{"line":50,"column":3}},"5":{"start":{"line":6,"column":4},"end":{"line":6,"column":41}},"6":{"start":{"line":7,"column":4},"end":{"line":7,"column":27}},"7":{"start":{"line":8,"column":4},"end":{"line":8,"column":51}},"8":{"start":{"line":9,"column":4},"end":{"line":9,"column":15}},"9":{"start":{"line":12,"column":4},"end":{"line":12,"column":81}},"10":{"start":{"line":19,"column":4},"end":{"line":21,"column":5}},"11":{"start":{"line":20,"column":6},"end":{"line":20,"column":79}},"12":{"start":{"line":24,"column":4},"end":{"line":29,"column":5}},"13":{"start":{"line":25,"column":6},"end":{"line":25,"column":63}},"14":{"start":{"line":26,"column":6},"end":{"line":26,"column":30}},"15":{"start":{"line":27,"column":6},"end":{"line":27,"column":86}},"16":{"start":{"line":28,"column":6},"end":{"line":28,"column":68}},"17":{"start":{"line":31,"column":4},"end":{"line":36,"column":5}},"18":{"start":{"line":32,"column":6},"end":{"line":32,"column":63}},"19":{"start":{"line":33,"column":6},"end":{"line":33,"column":30}},"20":{"start":{"line":34,"column":6},"end":{"line":34,"column":86}},"21":{"start":{"line":35,"column":6},"end":{"line":35,"column":68}},"22":{"start":{"line":38,"column":4},"end":{"line":44,"column":6}},"23":{"start":{"line":46,"column":4},"end":{"line":46,"column":100}},"24":{"start":{"line":49,"column":4},"end":{"line":49,"column":42}},"25":{"start":{"line":53,"column":0},"end":{"line":53,"column":35}}},"branchMap":{"1":{"line":19,"type":"if","locations":[{"start":{"line":19,"column":4},"end":{"line":19,"column":4}},{"start":{"line":19,"column":4},"end":{"line":19,"column":4}}]},"2":{"line":24,"type":"if","locations":[{"start":{"line":24,"column":4},"end":{"line":24,"column":4}},{"start":{"line":24,"column":4},"end":{"line":24,"column":4}}]},"3":{"line":31,"type":"if","locations":[{"start":{"line":31,"column":4},"end":{"line":31,"column":4}},{"start":{"line":31,"column":4},"end":{"line":31,"column":4}}]}}},"/Users/philip/github/pipo/server/js/managers/notify.js":{"path":"/Users/philip/github/pipo/server/js/managers/notify.js","s":{"1":1,"2":1,"3":1,"4":1,"5":1,"6":1,"7":0,"8":0,"9":0,"10":0,"11":0,"12":0,"13":0,"14":0,"15":0,"16":0,"17":0,"18":0,"19":0,"20":0,"21":0,"22":0,"23":0,"24":0,"25":0,"26":0,"27":0,"28":0,"29":0,"30":0,"31":0,"32":0,"33":0,"34":0,"35":0,"36":0,"37":1},"b":{"1":[0,0],"2":[0,0],"3":[0,0],"4":[0,0],"5":[0,0]},"f":{"1":1,"2":0,"3":0,"4":0,"5":0,"6":0,"7":0},"fnMap":{"1":{"name":"NotifyManager","line":6,"loc":{"start":{"line":6,"column":0},"end":{"line":6,"column":25}}},"2":{"name":"(anonymous_2)","line":7,"loc":{"start":{"line":7,"column":20},"end":{"line":7,"column":35}}},"3":{"name":"(anonymous_3)","line":17,"loc":{"start":{"line":17,"column":30},"end":{"line":17,"column":53}}},"4":{"name":"(anonymous_4)","line":24,"loc":{"start":{"line":24,"column":30},"end":{"line":24,"column":53}}},"5":{"name":"finish","line":29,"loc":{"start":{"line":29,"column":17},"end":{"line":29,"column":61}}},"6":{"name":"(anonymous_6)","line":34,"loc":{"start":{"line":34,"column":40},"end":{"line":34,"column":53}}},"7":{"name":"(anonymous_7)","line":39,"loc":{"start":{"line":39,"column":77},"end":{"line":39,"column":109}}}},"statementMap":{"1":{"start":{"line":1,"column":0},"end":{"line":1,"column":48}},"2":{"start":{"line":2,"column":0},"end":{"line":2,"column":40}},"3":{"start":{"line":3,"column":0},"end":{"line":3,"column":40}},"4":{"start":{"line":4,"column":0},"end":{"line":4,"column":47}},"5":{"start":{"line":6,"column":0},"end":{"line":65,"column":1}},"6":{"start":{"line":7,"column":2},"end":{"line":64,"column":3}},"7":{"start":{"line":8,"column":4},"end":{"line":8,"column":31}},"8":{"start":{"line":9,"column":4},"end":{"line":9,"column":29}},"9":{"start":{"line":10,"column":4},"end":{"line":10,"column":41}},"10":{"start":{"line":11,"column":4},"end":{"line":11,"column":33}},"11":{"start":{"line":12,"column":4},"end":{"line":12,"column":51}},"12":{"start":{"line":14,"column":4},"end":{"line":14,"column":65}},"13":{"start":{"line":15,"column":4},"end":{"line":20,"column":5}},"14":{"start":{"line":16,"column":6},"end":{"line":16,"column":86}},"15":{"start":{"line":17,"column":6},"end":{"line":19,"column":9}},"16":{"start":{"line":18,"column":8},"end":{"line":18,"column":43}},"17":{"start":{"line":22,"column":4},"end":{"line":27,"column":5}},"18":{"start":{"line":23,"column":6},"end":{"line":23,"column":86}},"19":{"start":{"line":24,"column":6},"end":{"line":26,"column":9}},"20":{"start":{"line":25,"column":8},"end":{"line":25,"column":43}},"21":{"start":{"line":29,"column":4},"end":{"line":63,"column":6}},"22":{"start":{"line":32,"column":6},"end":{"line":32,"column":20}},"23":{"start":{"line":34,"column":6},"end":{"line":37,"column":9}},"24":{"start":{"line":35,"column":8},"end":{"line":35,"column":54}},"25":{"start":{"line":36,"column":8},"end":{"line":36,"column":36}},"26":{"start":{"line":39,"column":6},"end":{"line":62,"column":8}},"27":{"start":{"line":40,"column":8},"end":{"line":42,"column":9}},"28":{"start":{"line":41,"column":10},"end":{"line":41,"column":86}},"29":{"start":{"line":44,"column":8},"end":{"line":44,"column":104}},"30":{"start":{"line":45,"column":8},"end":{"line":48,"column":10}},"31":{"start":{"line":51,"column":8},"end":{"line":51,"column":121}},"32":{"start":{"line":53,"column":8},"end":{"line":55,"column":9}},"33":{"start":{"line":54,"column":10},"end":{"line":54,"column":60}},"34":{"start":{"line":57,"column":8},"end":{"line":59,"column":9}},"35":{"start":{"line":58,"column":10},"end":{"line":58,"column":53}},"36":{"start":{"line":61,"column":8},"end":{"line":61,"column":82}},"37":{"start":{"line":67,"column":0},"end":{"line":67,"column":37}}},"branchMap":{"1":{"line":15,"type":"if","locations":[{"start":{"line":15,"column":4},"end":{"line":15,"column":4}},{"start":{"line":15,"column":4},"end":{"line":15,"column":4}}]},"2":{"line":22,"type":"if","locations":[{"start":{"line":22,"column":4},"end":{"line":22,"column":4}},{"start":{"line":22,"column":4},"end":{"line":22,"column":4}}]},"3":{"line":40,"type":"if","locations":[{"start":{"line":40,"column":8},"end":{"line":40,"column":8}},{"start":{"line":40,"column":8},"end":{"line":40,"column":8}}]},"4":{"line":53,"type":"if","locations":[{"start":{"line":53,"column":8},"end":{"line":53,"column":8}},{"start":{"line":53,"column":8},"end":{"line":53,"column":8}}]},"5":{"line":57,"type":"if","locations":[{"start":{"line":57,"column":8},"end":{"line":57,"column":8}},{"start":{"line":57,"column":8},"end":{"line":57,"column":8}}]}}}}