TN:
SF:/Users/philip/github/pipo/server/models/user.js
FN:54,createUser
FN:86,(anonymous_2)
FN:89,(anonymous_3)
FN:95,(anonymous_4)
FN:110,authOrCreate
FN:133,(anonymous_6)
FN:153,(anonymous_7)
FN:170,setEmail
FN:174,(anonymous_9)
FN:183,addAutoJoin
FN:186,(anonymous_11)
FN:187,(anonymous_12)
FN:195,removeAutoJoin
FN:198,(anonymous_14)
FN:199,(anonymous_15)
FN:210,availableRooms
FN:214,(anonymous_17)
FN:216,(anonymous_18)
FN:234,getEmailHash
FN:236,(anonymous_20)
FN:242,getAllUsers
FN:245,(anonymous_22)
FN:247,(anonymous_23)
FN:248,(anonymous_24)
FN:256,sanatize
FN:260,(anonymous_26)
FN:282,buildUserNameMap
FN:289,(anonymous_28)
FN:298,buildProfile
FN:302,(anonymous_30)
FN:324,setActive
FN:331,(anonymous_32)
FN:340,(anonymous_33)
FN:356,addUserIfNotExist
FN:358,(anonymous_35)
FN:364,(anonymous_36)
FN:376,getMasterKeyPair
FN:377,(anonymous_38)
FN:390,findUserBySocketId
FN:391,(anonymous_40)
FN:403,disconnectUser
FN:404,(anonymous_42)
FN:409,(anonymous_43)
FN:429,(anonymous_44)
FN:437,(anonymous_45)
FN:441,(anonymous_46)
FN:445,(anonymous_47)
FN:446,(anonymous_48)
FNF:48
FNH:2
FNDA:4,createUser
FNDA:2,(anonymous_2)
FNDA:0,(anonymous_3)
FNDA:0,(anonymous_4)
FNDA:0,authOrCreate
FNDA:0,(anonymous_6)
FNDA:0,(anonymous_7)
FNDA:0,setEmail
FNDA:0,(anonymous_9)
FNDA:0,addAutoJoin
FNDA:0,(anonymous_11)
FNDA:0,(anonymous_12)
FNDA:0,removeAutoJoin
FNDA:0,(anonymous_14)
FNDA:0,(anonymous_15)
FNDA:0,availableRooms
FNDA:0,(anonymous_17)
FNDA:0,(anonymous_18)
FNDA:0,getEmailHash
FNDA:0,(anonymous_20)
FNDA:0,getAllUsers
FNDA:0,(anonymous_22)
FNDA:0,(anonymous_23)
FNDA:0,(anonymous_24)
FNDA:0,sanatize
FNDA:0,(anonymous_26)
FNDA:0,buildUserNameMap
FNDA:0,(anonymous_28)
FNDA:0,buildProfile
FNDA:0,(anonymous_30)
FNDA:0,setActive
FNDA:0,(anonymous_32)
FNDA:0,(anonymous_33)
FNDA:0,addUserIfNotExist
FNDA:0,(anonymous_35)
FNDA:0,(anonymous_36)
FNDA:0,getMasterKeyPair
FNDA:0,(anonymous_38)
FNDA:0,findUserBySocketId
FNDA:0,(anonymous_40)
FNDA:0,disconnectUser
FNDA:0,(anonymous_42)
FNDA:0,(anonymous_43)
FNDA:0,(anonymous_44)
FNDA:0,(anonymous_45)
FNDA:0,(anonymous_46)
FNDA:0,(anonymous_47)
FNDA:0,(anonymous_48)
DA:1,1
DA:2,1
DA:3,1
DA:4,1
DA:5,1
DA:6,1
DA:7,1
DA:27,1
DA:54,1
DA:55,4
DA:56,4
DA:57,1
DA:59,3
DA:60,1
DA:63,2
DA:65,2
DA:66,2
DA:67,2
DA:68,2
DA:69,2
DA:70,2
DA:72,2
DA:73,2
DA:74,2
DA:75,2
DA:77,2
DA:86,2
DA:87,2
DA:88,0
DA:89,0
DA:90,0
DA:91,0
DA:92,0
DA:94,0
DA:95,0
DA:96,0
DA:100,2
DA:110,1
DA:111,0
DA:112,0
DA:113,0
DA:115,0
DA:117,0
DA:118,0
DA:121,0
DA:122,0
DA:125,0
DA:126,0
DA:129,0
DA:133,0
DA:134,0
DA:135,0
DA:136,0
DA:139,0
DA:140,0
DA:141,0
DA:142,0
DA:145,0
DA:146,0
DA:148,0
DA:149,0
DA:153,0
DA:154,0
DA:156,0
DA:157,0
DA:159,0
DA:164,0
DA:170,1
DA:171,0
DA:172,0
DA:173,0
DA:174,0
DA:175,0
DA:176,0
DA:177,0
DA:178,0
DA:179,0
DA:183,1
DA:184,0
DA:185,0
DA:186,0
DA:187,0
DA:188,0
DA:189,0
DA:190,0
DA:195,1
DA:196,0
DA:197,0
DA:198,0
DA:199,0
DA:200,0
DA:201,0
DA:202,0
DA:210,1
DA:211,0
DA:212,0
DA:214,0
DA:215,0
DA:216,0
DA:217,0
DA:218,0
DA:220,0
DA:221,0
DA:222,0
DA:224,0
DA:225,0
DA:234,1
DA:235,0
DA:236,0
DA:237,0
DA:238,0
DA:242,1
DA:243,0
DA:244,0
DA:245,0
DA:246,0
DA:247,0
DA:248,0
DA:249,0
DA:252,0
DA:256,1
DA:257,0
DA:259,0
DA:260,0
DA:261,0
DA:265,0
DA:279,0
DA:282,1
DA:283,0
DA:284,0
DA:285,0
DA:286,0
DA:289,0
DA:290,0
DA:291,0
DA:294,0
DA:298,1
DA:299,0
DA:300,0
DA:302,0
DA:303,0
DA:304,0
DA:324,1
DA:325,0
DA:326,0
DA:329,0
DA:331,0
DA:332,0
DA:333,0
DA:335,0
DA:336,0
DA:339,0
DA:340,0
DA:341,0
DA:342,0
DA:344,0
DA:345,0
DA:347,0
DA:348,0
DA:356,1
DA:357,0
DA:358,0
DA:359,0
DA:360,0
DA:361,0
DA:362,0
DA:365,0
DA:366,0
DA:367,0
DA:370,0
DA:371,0
DA:376,1
DA:377,0
DA:378,0
DA:379,0
DA:380,0
DA:381,0
DA:384,0
DA:385,0
DA:390,1
DA:391,0
DA:392,0
DA:393,0
DA:394,0
DA:395,0
DA:397,0
DA:403,1
DA:404,0
DA:405,0
DA:406,0
DA:408,0
DA:409,0
DA:410,0
DA:411,0
DA:412,0
DA:416,0
DA:417,0
DA:421,0
DA:422,0
DA:423,0
DA:429,1
DA:430,0
DA:431,0
DA:433,0
DA:437,1
DA:438,0
DA:441,1
DA:442,0
DA:445,1
DA:446,0
DA:447,0
DA:448,0
DA:449,0
DA:452,0
DA:453,0
DA:454,0
DA:459,1
LF:217
LH:49
BRDA:56,1,0,1
BRDA:56,1,1,3
BRDA:56,2,0,4
BRDA:56,2,1,3
BRDA:59,3,0,1
BRDA:59,3,1,2
BRDA:59,4,0,3
BRDA:59,4,1,3
BRDA:59,4,2,2
BRDA:69,5,0,2
BRDA:69,5,1,0
BRDA:87,6,0,0
BRDA:87,6,1,2
BRDA:91,7,0,0
BRDA:91,7,1,0
BRDA:117,8,0,0
BRDA:117,8,1,0
BRDA:117,9,0,0
BRDA:117,9,1,0
BRDA:117,9,2,0
BRDA:121,10,0,0
BRDA:121,10,1,0
BRDA:125,11,0,0
BRDA:125,11,1,0
BRDA:129,12,0,0
BRDA:129,12,1,0
BRDA:134,13,0,0
BRDA:134,13,1,0
BRDA:139,14,0,0
BRDA:139,14,1,0
BRDA:145,15,0,0
BRDA:145,15,1,0
BRDA:148,16,0,0
BRDA:148,16,1,0
BRDA:156,17,0,0
BRDA:156,17,1,0
BRDA:175,18,0,0
BRDA:175,18,1,0
BRDA:217,19,0,0
BRDA:217,19,1,0
BRDA:220,20,0,0
BRDA:220,20,1,0
BRDA:237,21,0,0
BRDA:237,21,1,0
BRDA:246,22,0,0
BRDA:246,22,1,0
BRDA:259,23,0,0
BRDA:259,23,1,0
BRDA:285,24,0,0
BRDA:285,24,1,0
BRDA:332,25,0,0
BRDA:332,25,1,0
BRDA:341,26,0,0
BRDA:341,26,1,0
BRDA:359,27,0,0
BRDA:359,27,1,0
BRDA:360,28,0,0
BRDA:360,28,1,0
BRDA:360,29,0,0
BRDA:360,29,1,0
BRDA:365,30,0,0
BRDA:365,30,1,0
BRDA:378,31,0,0
BRDA:378,31,1,0
BRDA:380,32,0,0
BRDA:380,32,1,0
BRDA:392,33,0,0
BRDA:392,33,1,0
BRDA:394,34,0,0
BRDA:394,34,1,0
BRDA:405,35,0,0
BRDA:405,35,1,0
BRDA:410,36,0,0
BRDA:410,36,1,0
BRDA:430,37,0,0
BRDA:430,37,1,0
BRDA:430,38,0,0
BRDA:430,38,1,0
BRDA:430,38,2,0
BRDA:447,39,0,0
BRDA:447,39,1,0
BRDA:452,40,0,0
BRDA:452,40,1,0
BRF:83
BRH:11
end_of_record
TN:
SF:/Users/philip/github/pipo/server/models/room.js
FN:35,create
FN:47,(anonymous_2)
FN:57,(anonymous_3)
FN:77,(anonymous_4)
FN:78,(anonymous_5)
FN:86,getByName
FN:92,(anonymous_7)
FN:106,getPubKeys
FN:110,(anonymous_9)
FN:123,(anonymous_10)
FN:135,(anonymous_11)
FN:146,(anonymous_12)
FN:155,update
FN:157,(anonymous_14)
FN:165,(anonymous_15)
FN:183,(anonymous_16)
FN:188,(anonymous_17)
FN:203,sanatize
FN:225,(anonymous_19)
FN:231,(anonymous_20)
FN:237,(anonymous_21)
FN:243,(anonymous_22)
FN:250,(anonymous_23)
FN:257,finish
FN:288,dynamicSort
FN:294,(anonymous_26)
FN:302,sanatizeRooms
FN:310,(anonymous_28)
FN:313,(anonymous_29)
FN:335,join
FN:341,(anonymous_31)
FN:343,(anonymous_32)
FN:353,(anonymous_33)
FN:367,(anonymous_34)
FN:380,(anonymous_35)
FN:385,(anonymous_36)
FN:414,subscribe
FN:421,(anonymous_38)
FN:430,subscribe
FN:437,(anonymous_40)
FN:444,part
FN:449,(anonymous_42)
FN:459,(anonymous_43)
FN:483,(anonymous_44)
FN:495,addMember
FN:505,(anonymous_46)
FN:515,(anonymous_47)
FN:534,(anonymous_48)
FN:537,(anonymous_49)
FN:553,(anonymous_50)
FN:560,(anonymous_51)
FN:592,(anonymous_52)
FN:605,modifyMember
FN:618,(anonymous_54)
FN:629,(anonymous_55)
FN:647,(anonymous_56)
FN:661,(anonymous_57)
FN:662,(anonymous_58)
FN:674,(anonymous_59)
FN:686,(anonymous_60)
FN:702,(anonymous_61)
FN:710,(anonymous_62)
FN:721,(anonymous_63)
FN:739,(anonymous_64)
FN:756,getMembership
FN:764,(anonymous_66)
FN:769,(anonymous_67)
FN:773,(anonymous_68)
FN:783,(anonymous_69)
FN:787,(anonymous_70)
FN:807,isAdmin
FN:817,(anonymous_72)
FN:820,(anonymous_73)
FN:829,isOwner
FNF:74
FNH:5
FNDA:0,create
FNDA:0,(anonymous_2)
FNDA:0,(anonymous_3)
FNDA:0,(anonymous_4)
FNDA:0,(anonymous_5)
FNDA:2,getByName
FNDA:0,(anonymous_7)
FNDA:0,getPubKeys
FNDA:0,(anonymous_9)
FNDA:0,(anonymous_10)
FNDA:0,(anonymous_11)
FNDA:0,(anonymous_12)
FNDA:0,update
FNDA:0,(anonymous_14)
FNDA:0,(anonymous_15)
FNDA:0,(anonymous_16)
FNDA:0,(anonymous_17)
FNDA:1,sanatize
FNDA:1,(anonymous_19)
FNDA:0,(anonymous_20)
FNDA:0,(anonymous_21)
FNDA:0,(anonymous_22)
FNDA:0,(anonymous_23)
FNDA:1,finish
FNDA:1,dynamicSort
FNDA:0,(anonymous_26)
FNDA:0,sanatizeRooms
FNDA:0,(anonymous_28)
FNDA:0,(anonymous_29)
FNDA:0,join
FNDA:0,(anonymous_31)
FNDA:0,(anonymous_32)
FNDA:0,(anonymous_33)
FNDA:0,(anonymous_34)
FNDA:0,(anonymous_35)
FNDA:0,(anonymous_36)
FNDA:0,subscribe
FNDA:0,(anonymous_38)
FNDA:0,subscribe
FNDA:0,(anonymous_40)
FNDA:0,part
FNDA:0,(anonymous_42)
FNDA:0,(anonymous_43)
FNDA:0,(anonymous_44)
FNDA:0,addMember
FNDA:0,(anonymous_46)
FNDA:0,(anonymous_47)
FNDA:0,(anonymous_48)
FNDA:0,(anonymous_49)
FNDA:0,(anonymous_50)
FNDA:0,(anonymous_51)
FNDA:0,(anonymous_52)
FNDA:0,modifyMember
FNDA:0,(anonymous_54)
FNDA:0,(anonymous_55)
FNDA:0,(anonymous_56)
FNDA:0,(anonymous_57)
FNDA:0,(anonymous_58)
FNDA:0,(anonymous_59)
FNDA:0,(anonymous_60)
FNDA:0,(anonymous_61)
FNDA:0,(anonymous_62)
FNDA:0,(anonymous_63)
FNDA:0,(anonymous_64)
FNDA:0,getMembership
FNDA:0,(anonymous_66)
FNDA:0,(anonymous_67)
FNDA:0,(anonymous_68)
FNDA:0,(anonymous_69)
FNDA:0,(anonymous_70)
FNDA:0,isAdmin
FNDA:0,(anonymous_72)
FNDA:0,(anonymous_73)
FNDA:0,isOwner
DA:1,1
DA:2,1
DA:3,1
DA:4,1
DA:5,1
DA:6,1
DA:20,1
DA:35,1
DA:36,0
DA:38,0
DA:39,0
DA:40,0
DA:41,0
DA:42,0
DA:43,0
DA:45,0
DA:47,0
DA:48,0
DA:49,0
DA:52,0
DA:53,0
DA:57,0
DA:58,0
DA:59,0
DA:63,0
DA:75,0
DA:77,0
DA:78,0
DA:79,0
DA:86,1
DA:87,2
DA:89,2
DA:90,2
DA:93,0
DA:94,0
DA:97,0
DA:98,0
DA:101,0
DA:106,1
DA:107,0
DA:108,0
DA:110,0
DA:111,0
DA:112,0
DA:113,0
DA:116,0
DA:117,0
DA:118,0
DA:122,0
DA:123,0
DA:126,0
DA:128,0
DA:134,0
DA:135,0
DA:137,0
DA:139,0
DA:145,0
DA:146,0
DA:148,0
DA:149,0
DA:155,1
DA:156,0
DA:157,0
DA:158,0
DA:159,0
DA:161,0
DA:162,0
DA:164,0
DA:165,0
DA:166,0
DA:167,0
DA:170,0
DA:171,0
DA:173,0
DA:175,0
DA:177,0
DA:178,0
DA:179,0
DA:180,0
DA:181,0
DA:183,0
DA:184,0
DA:185,0
DA:188,0
DA:189,0
DA:190,0
DA:203,1
DA:204,1
DA:206,1
DA:207,1
DA:209,0
DA:210,0
DA:213,1
DA:214,1
DA:215,1
DA:216,1
DA:218,1
DA:219,1
DA:220,1
DA:221,1
DA:222,1
DA:224,1
DA:225,1
DA:226,1
DA:230,1
DA:231,0
DA:232,0
DA:236,1
DA:237,0
DA:238,0
DA:242,1
DA:243,0
DA:244,0
DA:248,1
DA:249,0
DA:250,0
DA:251,0
DA:253,0
DA:257,1
DA:258,1
DA:260,1
DA:278,1
DA:282,1
DA:283,1
DA:288,1
DA:289,1
DA:290,1
DA:291,0
DA:292,0
DA:294,1
DA:295,0
DA:296,0
DA:302,1
DA:303,0
DA:304,0
DA:305,0
DA:306,0
DA:308,0
DA:310,0
DA:311,0
DA:313,0
DA:314,0
DA:315,0
DA:316,0
DA:318,0
DA:320,0
DA:321,0
DA:322,0
DA:335,1
DA:336,0
DA:337,0
DA:338,0
DA:339,0
DA:340,0
DA:341,0
DA:342,0
DA:343,0
DA:344,0
DA:345,0
DA:348,0
DA:349,0
DA:353,0
DA:354,0
DA:357,0
DA:358,0
DA:360,0
DA:363,0
DA:365,0
DA:367,0
DA:368,0
DA:369,0
DA:371,0
DA:376,0
DA:380,0
DA:381,0
DA:382,0
DA:386,0
DA:389,0
DA:390,0
DA:391,0
DA:394,0
DA:395,0
DA:398,0
DA:399,0
DA:403,0
DA:405,0
DA:414,1
DA:415,0
DA:416,0
DA:417,0
DA:419,0
DA:421,0
DA:423,0
DA:430,1
DA:431,0
DA:432,0
DA:433,0
DA:435,0
DA:437,0
DA:438,0
DA:444,1
DA:445,0
DA:446,0
DA:447,0
DA:449,0
DA:450,0
DA:451,0
DA:454,0
DA:455,0
DA:456,0
DA:459,0
DA:460,0
DA:461,0
DA:464,0
DA:465,0
DA:468,0
DA:470,0
DA:471,0
DA:472,0
DA:477,0
DA:478,0
DA:481,0
DA:483,0
DA:484,0
DA:485,0
DA:495,1
DA:496,0
DA:497,0
DA:498,0
DA:499,0
DA:500,0
DA:501,0
DA:502,0
DA:504,0
DA:505,0
DA:506,0
DA:507,0
DA:508,0
DA:511,0
DA:512,0
DA:515,0
DA:516,0
DA:517,0
DA:518,0
DA:521,0
DA:522,0
DA:523,0
DA:526,0
DA:527,0
DA:528,0
DA:530,0
DA:531,0
DA:533,0
DA:534,0
DA:535,0
DA:537,0
DA:538,0
DA:542,0
DA:544,0
DA:545,0
DA:546,0
DA:549,0
DA:551,0
DA:552,0
DA:553,0
DA:554,0
DA:556,0
DA:557,0
DA:560,0
DA:561,0
DA:566,0
DA:567,0
DA:568,0
DA:571,0
DA:573,0
DA:574,0
DA:575,0
DA:578,0
DA:579,0
DA:580,0
DA:583,0
DA:584,0
DA:585,0
DA:588,0
DA:589,0
DA:592,0
DA:593,0
DA:594,0
DA:598,0
DA:599,0
DA:605,1
DA:606,0
DA:609,0
DA:611,0
DA:613,0
DA:615,0
DA:616,0
DA:618,0
DA:619,0
DA:620,0
DA:623,0
DA:624,0
DA:627,0
DA:629,0
DA:630,0
DA:631,0
DA:632,0
DA:635,0
DA:636,0
DA:637,0
DA:640,0
DA:641,0
DA:642,0
DA:644,0
DA:645,0
DA:646,0
DA:647,0
DA:648,0
DA:649,0
DA:652,0
DA:654,0
DA:657,0
DA:658,0
DA:659,0
DA:661,0
DA:662,0
DA:663,0
DA:669,0
DA:671,0
DA:673,0
DA:674,0
DA:675,0
DA:680,0
DA:682,0
DA:684,0
DA:686,0
DA:687,0
DA:692,0
DA:693,0
DA:694,0
DA:698,0
DA:700,0
DA:702,0
DA:703,0
DA:708,0
DA:709,0
DA:710,0
DA:712,0
DA:715,0
DA:717,0
DA:719,0
DA:721,0
DA:722,0
DA:727,0
DA:729,0
DA:730,0
DA:732,0
DA:733,0
DA:737,0
DA:739,0
DA:740,0
DA:744,0
DA:745,0
DA:747,0
DA:748,0
DA:756,1
DA:757,0
DA:758,0
DA:759,0
DA:760,0
DA:761,0
DA:762,0
DA:764,0
DA:765,0
DA:766,0
DA:768,0
DA:769,0
DA:770,0
DA:773,0
DA:774,0
DA:777,0
DA:778,0
DA:782,0
DA:783,0
DA:784,0
DA:787,0
DA:788,0
DA:791,0
DA:792,0
DA:796,0
DA:797,0
DA:798,0
DA:799,0
DA:803,0
DA:807,1
DA:808,0
DA:809,0
DA:810,0
DA:812,0
DA:814,0
DA:815,0
DA:816,0
DA:817,0
DA:818,0
DA:820,0
DA:821,0
DA:824,0
DA:825,0
DA:829,1
DA:830,0
DA:831,0
DA:832,0
DA:834,0
DA:836,0
DA:839,1
LF:415
LH:55
BRDA:48,1,0,0
BRDA:48,1,1,0
BRDA:52,2,0,0
BRDA:52,2,1,0
BRDA:58,3,0,0
BRDA:58,3,1,0
BRDA:93,4,0,0
BRDA:93,4,1,0
BRDA:97,5,0,0
BRDA:97,5,1,0
BRDA:111,6,0,0
BRDA:111,6,1,0
BRDA:116,7,0,0
BRDA:116,7,1,0
BRDA:122,8,0,0
BRDA:122,8,1,0
BRDA:122,9,0,0
BRDA:122,9,1,0
BRDA:126,10,0,0
BRDA:126,10,1,0
BRDA:134,11,0,0
BRDA:134,11,1,0
BRDA:134,12,0,0
BRDA:134,12,1,0
BRDA:137,13,0,0
BRDA:137,13,1,0
BRDA:158,14,0,0
BRDA:158,14,1,0
BRDA:161,15,0,0
BRDA:161,15,1,0
BRDA:166,16,0,0
BRDA:166,16,1,0
BRDA:170,17,0,0
BRDA:170,17,1,0
BRDA:184,18,0,0
BRDA:184,18,1,0
BRDA:206,19,0,1
BRDA:206,19,1,0
BRDA:224,20,0,1
BRDA:224,20,1,0
BRDA:230,21,0,0
BRDA:230,21,1,1
BRDA:236,22,0,0
BRDA:236,22,1,1
BRDA:242,23,0,0
BRDA:242,23,1,1
BRDA:248,24,0,0
BRDA:248,24,1,1
BRDA:248,25,0,1
BRDA:248,25,1,0
BRDA:282,26,0,1
BRDA:282,26,1,0
BRDA:282,27,0,1
BRDA:282,27,1,0
BRDA:282,27,2,0
BRDA:290,28,0,0
BRDA:290,28,1,1
BRDA:295,29,0,0
BRDA:295,29,1,0
BRDA:295,30,0,0
BRDA:295,30,1,0
BRDA:320,31,0,0
BRDA:320,31,1,0
BRDA:344,32,0,0
BRDA:344,32,1,0
BRDA:348,33,0,0
BRDA:348,33,1,0
BRDA:357,34,0,0
BRDA:357,34,1,0
BRDA:357,35,0,0
BRDA:357,35,1,0
BRDA:357,35,2,0
BRDA:368,36,0,0
BRDA:368,36,1,0
BRDA:389,37,0,0
BRDA:389,37,1,0
BRDA:394,38,0,0
BRDA:394,38,1,0
BRDA:450,39,0,0
BRDA:450,39,1,0
BRDA:454,40,0,0
BRDA:454,40,1,0
BRDA:460,41,0,0
BRDA:460,41,1,0
BRDA:464,42,0,0
BRDA:464,42,1,0
BRDA:470,43,0,0
BRDA:470,43,1,0
BRDA:506,44,0,0
BRDA:506,44,1,0
BRDA:511,45,0,0
BRDA:511,45,1,0
BRDA:516,46,0,0
BRDA:516,46,1,0
BRDA:521,47,0,0
BRDA:521,47,1,0
BRDA:533,48,0,0
BRDA:533,48,1,0
BRDA:544,49,0,0
BRDA:544,49,1,0
BRDA:551,50,0,0
BRDA:551,50,1,0
BRDA:551,51,0,0
BRDA:551,51,1,0
BRDA:556,52,0,0
BRDA:556,52,1,0
BRDA:567,53,0,0
BRDA:567,53,1,0
BRDA:573,54,0,0
BRDA:573,54,1,0
BRDA:578,55,0,0
BRDA:578,55,1,0
BRDA:578,56,0,0
BRDA:578,56,1,0
BRDA:583,57,0,0
BRDA:583,57,1,0
BRDA:583,58,0,0
BRDA:583,58,1,0
BRDA:588,59,0,0
BRDA:588,59,1,0
BRDA:619,60,0,0
BRDA:619,60,1,0
BRDA:623,61,0,0
BRDA:623,61,1,0
BRDA:630,62,0,0
BRDA:630,62,1,0
BRDA:635,63,0,0
BRDA:635,63,1,0
BRDA:641,64,0,0
BRDA:641,64,1,0
BRDA:644,65,0,0
BRDA:644,65,1,0
BRDA:648,66,0,0
BRDA:648,66,1,0
BRDA:652,67,0,0
BRDA:652,67,1,0
BRDA:669,68,0,0
BRDA:669,68,1,0
BRDA:680,69,0,0
BRDA:680,69,1,0
BRDA:692,70,0,0
BRDA:692,70,1,0
BRDA:693,71,0,0
BRDA:693,71,1,0
BRDA:708,72,0,0
BRDA:708,72,1,0
BRDA:715,73,0,0
BRDA:715,73,1,0
BRDA:727,74,0,0
BRDA:727,74,1,0
BRDA:729,75,0,0
BRDA:729,75,1,0
BRDA:732,76,0,0
BRDA:732,76,1,0
BRDA:744,77,0,0
BRDA:744,77,1,0
BRDA:747,78,0,0
BRDA:747,78,1,0
BRDA:768,79,0,0
BRDA:768,79,1,0
BRDA:777,80,0,0
BRDA:777,80,1,0
BRDA:782,81,0,0
BRDA:782,81,1,0
BRDA:791,82,0,0
BRDA:791,82,1,0
BRDA:796,83,0,0
BRDA:796,83,1,0
BRDA:798,84,0,0
BRDA:798,84,1,0
BRDA:816,85,0,0
BRDA:816,85,1,0
BRDA:824,86,0,0
BRDA:824,86,1,0
BRF:174
BRH:10
end_of_record
TN:
SF:/Users/philip/github/pipo/server/models/message.js
FN:30,get
FN:48,(anonymous_2)
FN:52,(anonymous_3)
FN:58,(anonymous_4)
FN:67,(anonymous_5)
FN:81,(anonymous_6)
FN:90,(anonymous_7)
FN:98,sanatize
FN:101,(anonymous_9)
FN:104,(anonymous_10)
FN:123,bulkSanatize
FN:132,(anonymous_12)
FN:133,(anonymous_13)
FN:143,(anonymous_14)
FNF:14
FNH:0
FNDA:0,get
FNDA:0,(anonymous_2)
FNDA:0,(anonymous_3)
FNDA:0,(anonymous_4)
FNDA:0,(anonymous_5)
FNDA:0,(anonymous_6)
FNDA:0,(anonymous_7)
FNDA:0,sanatize
FNDA:0,(anonymous_9)
FNDA:0,(anonymous_10)
FNDA:0,bulkSanatize
FNDA:0,(anonymous_12)
FNDA:0,(anonymous_13)
FNDA:0,(anonymous_14)
DA:1,1
DA:2,1
DA:3,1
DA:4,1
DA:17,1
DA:30,1
DA:31,0
DA:32,0
DA:33,0
DA:35,0
DA:36,0
DA:37,0
DA:40,0
DA:41,0
DA:42,0
DA:43,0
DA:45,0
DA:46,0
DA:47,0
DA:48,0
DA:49,0
DA:53,0
DA:56,0
DA:57,0
DA:58,0
DA:59,0
DA:60,0
DA:61,0
DA:64,0
DA:68,0
DA:69,0
DA:74,0
DA:75,0
DA:76,0
DA:82,0
DA:84,0
DA:85,0
DA:91,0
DA:98,1
DA:99,0
DA:101,0
DA:103,0
DA:104,0
DA:105,0
DA:110,0
DA:119,0
DA:123,1
DA:124,0
DA:125,0
DA:126,0
DA:128,0
DA:129,0
DA:132,0
DA:133,0
DA:134,0
DA:135,0
DA:137,0
DA:138,0
DA:143,0
DA:144,0
DA:148,1
LF:61
LH:9
BRDA:35,1,0,0
BRDA:35,1,1,0
BRDA:41,2,0,0
BRDA:41,2,1,0
BRDA:43,3,0,0
BRDA:43,3,1,0
BRDA:45,4,0,0
BRDA:45,4,1,0
BRDA:47,5,0,0
BRDA:47,5,1,0
BRDA:56,6,0,0
BRDA:56,6,1,0
BRDA:60,7,0,0
BRDA:60,7,1,0
BRDA:75,8,0,0
BRDA:75,8,1,0
BRDA:84,9,0,0
BRDA:84,9,1,0
BRDA:103,10,0,0
BRDA:103,10,1,0
BRDA:128,11,0,0
BRDA:128,11,1,0
BRDA:137,12,0,0
BRDA:137,12,1,0
BRF:24
BRH:0
end_of_record
TN:
SF:/Users/philip/github/pipo/config/logger.js
FNF:0
FNH:0
DA:1,1
DA:3,1
DA:30,1
DA:31,1
DA:43,1
DA:52,0
DA:65,1
LF:7
LH:6
BRDA:30,1,0,1
BRDA:30,1,1,0
BRF:2
BRH:1
end_of_record
TN:
SF:/Users/philip/github/pipo/config/pipo.js
FN:1,(anonymous_1)
FNF:1
FNH:1
FNDA:3,(anonymous_1)
DA:1,1
DA:2,3
DA:4,0
DA:19,0
DA:34,3
LF:5
LH:3
BRDA:2,1,0,0
BRDA:2,1,1,0
BRDA:2,1,2,3
BRF:3
BRH:1
end_of_record
TN:
SF:/Users/philip/github/pipo/server/js/managers/encryption.js
FN:6,EncryptionManager
FN:17,(anonymous_2)
FN:30,(anonymous_3)
FN:53,(anonymous_4)
FN:61,(anonymous_5)
FN:66,(anonymous_6)
FN:113,(anonymous_7)
FN:117,(anonymous_8)
FN:118,(anonymous_9)
FN:129,(anonymous_10)
FN:134,(anonymous_11)
FN:141,(anonymous_12)
FN:146,(anonymous_13)
FN:161,(anonymous_14)
FN:166,(anonymous_15)
FN:178,(anonymous_16)
FNF:16
FNH:1
FNDA:1,EncryptionManager
FNDA:0,(anonymous_2)
FNDA:0,(anonymous_3)
FNDA:0,(anonymous_4)
FNDA:0,(anonymous_5)
FNDA:0,(anonymous_6)
FNDA:0,(anonymous_7)
FNDA:0,(anonymous_8)
FNDA:0,(anonymous_9)
FNDA:0,(anonymous_10)
FNDA:0,(anonymous_11)
FNDA:0,(anonymous_12)
FNDA:0,(anonymous_13)
FNDA:0,(anonymous_14)
FNDA:0,(anonymous_15)
FNDA:0,(anonymous_16)
DA:1,1
DA:2,1
DA:3,1
DA:4,1
DA:6,1
DA:7,1
DA:8,1
DA:10,1
DA:17,1
DA:18,0
DA:21,0
DA:24,0
DA:25,0
DA:28,0
DA:31,0
DA:32,0
DA:34,0
DA:35,0
DA:38,0
DA:41,0
DA:47,0
DA:49,0
DA:53,1
DA:54,0
DA:56,0
DA:57,0
DA:58,0
DA:61,0
DA:62,0
DA:63,0
DA:66,0
DA:67,0
DA:68,0
DA:70,0
DA:72,0
DA:73,0
DA:76,0
DA:78,0
DA:79,0
DA:82,0
DA:84,0
DA:85,0
DA:88,0
DA:89,0
DA:92,0
DA:94,0
DA:95,0
DA:98,0
DA:99,0
DA:100,0
DA:102,0
DA:103,0
DA:106,0
DA:113,1
DA:114,0
DA:115,0
DA:117,0
DA:118,0
DA:120,0
DA:125,0
DA:129,1
DA:130,0
DA:132,0
DA:135,0
DA:136,0
DA:137,0
DA:139,0
DA:142,0
DA:143,0
DA:144,0
DA:145,0
DA:146,0
DA:147,0
DA:148,0
DA:151,0
DA:152,0
DA:161,1
DA:162,0
DA:164,0
DA:167,0
DA:168,0
DA:169,0
DA:172,0
DA:178,1
DA:179,0
DA:187,1
LF:86
LH:15
BRDA:24,1,0,0
BRDA:24,1,1,0
BRDA:31,2,0,0
BRDA:31,2,1,0
BRDA:34,3,0,0
BRDA:34,3,1,0
BRDA:56,4,0,0
BRDA:56,4,1,0
BRDA:62,5,0,0
BRDA:62,5,1,0
BRDA:67,6,0,0
BRDA:67,6,1,0
BRDA:72,7,0,0
BRDA:72,7,1,0
BRDA:78,8,0,0
BRDA:78,8,1,0
BRDA:84,9,0,0
BRDA:84,9,1,0
BRDA:88,10,0,0
BRDA:88,10,1,0
BRDA:94,11,0,0
BRDA:94,11,1,0
BRDA:102,12,0,0
BRDA:102,12,1,0
BRDA:135,13,0,0
BRDA:135,13,1,0
BRDA:142,14,0,0
BRDA:142,14,1,0
BRDA:144,15,0,0
BRDA:144,15,1,0
BRDA:167,16,0,0
BRDA:167,16,1,0
BRF:32
BRH:0
end_of_record
TN:
SF:/Users/philip/github/pipo/server/models/chat.js
FN:23,join
FN:35,create
FN:47,(anonymous_3)
FN:54,getPubKeys
FN:58,(anonymous_5)
FN:69,(anonymous_6)
FN:74,(anonymous_7)
FN:82,get
FN:95,(anonymous_9)
FN:109,(anonymous_10)
FN:124,getSanatized
FN:126,(anonymous_12)
FN:131,(anonymous_13)
FN:141,sanatize
FN:153,(anonymous_15)
FN:164,finish
FN:182,(anonymous_17)
FN:183,(anonymous_18)
FNF:18
FNH:0
FNDA:0,join
FNDA:0,create
FNDA:0,(anonymous_3)
FNDA:0,getPubKeys
FNDA:0,(anonymous_5)
FNDA:0,(anonymous_6)
FNDA:0,(anonymous_7)
FNDA:0,get
FNDA:0,(anonymous_9)
FNDA:0,(anonymous_10)
FNDA:0,getSanatized
FNDA:0,(anonymous_12)
FNDA:0,(anonymous_13)
FNDA:0,sanatize
FNDA:0,(anonymous_15)
FNDA:0,finish
FNDA:0,(anonymous_17)
FNDA:0,(anonymous_18)
DA:1,1
DA:2,1
DA:3,1
DA:4,1
DA:5,1
DA:6,1
DA:8,1
DA:23,1
DA:35,1
DA:36,0
DA:38,0
DA:40,0
DA:47,0
DA:48,0
DA:49,0
DA:54,1
DA:55,0
DA:56,0
DA:58,0
DA:59,0
DA:60,0
DA:61,0
DA:64,0
DA:65,0
DA:66,0
DA:69,0
DA:70,0
DA:71,0
DA:74,0
DA:75,0
DA:76,0
DA:82,1
DA:83,0
DA:86,0
DA:87,0
DA:88,0
DA:90,0
DA:92,0
DA:93,0
DA:95,0
DA:96,0
DA:97,0
DA:98,0
DA:101,0
DA:102,0
DA:103,0
DA:106,0
DA:110,0
DA:111,0
DA:112,0
DA:115,0
DA:117,0
DA:124,1
DA:125,0
DA:126,0
DA:127,0
DA:128,0
DA:131,0
DA:132,0
DA:141,1
DA:142,0
DA:143,0
DA:144,0
DA:146,0
DA:148,0
DA:149,0
DA:151,0
DA:152,0
DA:153,0
DA:154,0
DA:158,0
DA:159,0
DA:162,0
DA:164,0
DA:165,0
DA:174,0
DA:176,0
DA:179,0
DA:180,0
DA:181,0
DA:182,0
DA:183,0
DA:184,0
DA:185,0
DA:186,0
DA:187,0
DA:192,0
DA:196,1
LF:88
LH:14
BRDA:59,1,0,0
BRDA:59,1,1,0
BRDA:64,2,0,0
BRDA:64,2,1,0
BRDA:92,3,0,0
BRDA:92,3,1,0
BRDA:96,4,0,0
BRDA:96,4,1,0
BRDA:101,5,0,0
BRDA:101,5,1,0
BRDA:110,6,0,0
BRDA:110,6,1,0
BRDA:127,7,0,0
BRDA:127,7,1,0
BRDA:151,8,0,0
BRDA:151,8,1,0
BRDA:158,9,0,0
BRDA:158,9,1,0
BRDA:180,10,0,0
BRDA:180,10,1,0
BRDA:180,11,0,0
BRDA:180,11,1,0
BRDA:186,12,0,0
BRDA:186,12,1,0
BRF:24
BRH:0
end_of_record
TN:
SF:/Users/philip/github/pipo/config/https.js
FNF:0
FNH:0
DA:1,1
LF:1
LH:1
BRF:0
BRH:0
end_of_record
TN:
SF:/Users/philip/github/pipo/server/js/socketServer.js
FN:36,SocketServer
FN:48,(anonymous_2)
FN:56,(anonymous_3)
FN:70,(anonymous_4)
FN:99,init
FN:105,(anonymous_6)
FN:120,getDefaultRoom
FN:134,(anonymous_8)
FN:138,(anonymous_9)
FN:139,(anonymous_10)
FN:161,(anonymous_11)
FN:164,(anonymous_12)
FN:165,(anonymous_13)
FN:188,checkUsernameAvailability
FN:197,(anonymous_15)
FN:215,authenticate
FN:220,(anonymous_17)
FN:261,(anonymous_18)
FN:271,(anonymous_19)
FN:275,(anonymous_20)
FN:284,(anonymous_21)
FN:288,(anonymous_22)
FN:297,(anonymous_23)
FN:299,(anonymous_24)
FN:301,(anonymous_25)
FN:303,(anonymous_26)
FN:316,(anonymous_27)
FN:326,(anonymous_28)
FN:353,initMasterKeyPair
FN:356,(anonymous_30)
FN:361,(anonymous_31)
FN:363,(anonymous_32)
FN:384,getMasterKeyPairForUser
FN:385,(anonymous_34)
FN:390,updateClientKey
FN:399,onMessage
FN:412,(anonymous_37)
FN:422,(anonymous_38)
FN:435,(anonymous_39)
FN:461,onPrivateMessage
FN:481,(anonymous_41)
FN:492,createMessage
FN:495,(anonymous_43)
FN:510,createChat
FN:520,(anonymous_45)
FN:528,(anonymous_46)
FN:560,(anonymous_47)
FN:562,(anonymous_48)
FN:572,(anonymous_49)
FN:584,emitToSockets
FN:585,(anonymous_51)
FN:595,(anonymous_52)
FN:602,(anonymous_53)
FN:613,onFileReceiveSuccess
FN:616,(anonymous_55)
FN:626,arrayHash
FN:631,(anonymous_57)
FN:640,getChat
FN:652,(anonymous_59)
FN:665,finish
FN:679,(anonymous_61)
FN:684,(anonymous_62)
FN:685,(anonymous_63)
FN:695,getPreviousPage
FN:705,(anonymous_65)
FN:706,(anonymous_66)
FN:716,arrayHash
FN:730,sendMasterKeyPair
FN:734,(anonymous_69)
FN:743,onServerCommand
FN:769,(anonymous_71)
FN:791,joinRoom
FN:809,(anonymous_73)
FN:810,(anonymous_74)
FN:812,(anonymous_75)
FN:814,(anonymous_76)
FN:818,(anonymous_77)
FN:843,(anonymous_78)
FN:860,(anonymous_79)
FN:892,createRoom
FN:905,(anonymous_81)
FN:913,(anonymous_82)
FN:929,updateRoom
FN:942,(anonymous_84)
FN:950,(anonymous_85)
FN:965,membership
FN:991,(anonymous_87)
FN:1002,(anonymous_88)
FN:1004,(anonymous_89)
FN:1028,(anonymous_90)
FN:1040,(anonymous_91)
FN:1046,(anonymous_92)
FN:1052,(anonymous_93)
FN:1074,partRoom
FN:1092,(anonymous_95)
FN:1113,toggleFavorite
FN:1121,(anonymous_97)
FN:1131,(anonymous_98)
FN:1151,(anonymous_99)
FN:1164,(anonymous_100)
FN:1170,(anonymous_101)
FN:1183,updateUserList
FN:1186,(anonymous_103)
FN:1188,(anonymous_104)
FN:1213,updateActiveUsers
FN:1218,(anonymous_106)
FN:1233,(anonymous_107)
FN:1240,(anonymous_108)
FN:1245,(anonymous_109)
FN:1249,(anonymous_110)
FN:1260,leaveRoom
FN:1265,(anonymous_112)
FN:1285,disconnect
FN:1303,(anonymous_114)
FN:1315,(anonymous_115)
FN:1320,(anonymous_116)
FN:1322,(anonymous_117)
FNF:117
FNH:3
FNDA:2,SocketServer
FNDA:0,(anonymous_2)
FNDA:0,(anonymous_3)
FNDA:0,(anonymous_4)
FNDA:0,init
FNDA:0,(anonymous_6)
FNDA:2,getDefaultRoom
FNDA:2,(anonymous_8)
FNDA:0,(anonymous_9)
FNDA:0,(anonymous_10)
FNDA:0,(anonymous_11)
FNDA:0,(anonymous_12)
FNDA:0,(anonymous_13)
FNDA:0,checkUsernameAvailability
FNDA:0,(anonymous_15)
FNDA:0,authenticate
FNDA:0,(anonymous_17)
FNDA:0,(anonymous_18)
FNDA:0,(anonymous_19)
FNDA:0,(anonymous_20)
FNDA:0,(anonymous_21)
FNDA:0,(anonymous_22)
FNDA:0,(anonymous_23)
FNDA:0,(anonymous_24)
FNDA:0,(anonymous_25)
FNDA:0,(anonymous_26)
FNDA:0,(anonymous_27)
FNDA:0,(anonymous_28)
FNDA:0,initMasterKeyPair
FNDA:0,(anonymous_30)
FNDA:0,(anonymous_31)
FNDA:0,(anonymous_32)
FNDA:0,getMasterKeyPairForUser
FNDA:0,(anonymous_34)
FNDA:0,updateClientKey
FNDA:0,onMessage
FNDA:0,(anonymous_37)
FNDA:0,(anonymous_38)
FNDA:0,(anonymous_39)
FNDA:0,onPrivateMessage
FNDA:0,(anonymous_41)
FNDA:0,createMessage
FNDA:0,(anonymous_43)
FNDA:0,createChat
FNDA:0,(anonymous_45)
FNDA:0,(anonymous_46)
FNDA:0,(anonymous_47)
FNDA:0,(anonymous_48)
FNDA:0,(anonymous_49)
FNDA:0,emitToSockets
FNDA:0,(anonymous_51)
FNDA:0,(anonymous_52)
FNDA:0,(anonymous_53)
FNDA:0,onFileReceiveSuccess
FNDA:0,(anonymous_55)
FNDA:0,arrayHash
FNDA:0,(anonymous_57)
FNDA:0,getChat
FNDA:0,(anonymous_59)
FNDA:0,finish
FNDA:0,(anonymous_61)
FNDA:0,(anonymous_62)
FNDA:0,(anonymous_63)
FNDA:0,getPreviousPage
FNDA:0,(anonymous_65)
FNDA:0,(anonymous_66)
FNDA:0,arrayHash
FNDA:0,sendMasterKeyPair
FNDA:0,(anonymous_69)
FNDA:0,onServerCommand
FNDA:0,(anonymous_71)
FNDA:0,joinRoom
FNDA:0,(anonymous_73)
FNDA:0,(anonymous_74)
FNDA:0,(anonymous_75)
FNDA:0,(anonymous_76)
FNDA:0,(anonymous_77)
FNDA:0,(anonymous_78)
FNDA:0,(anonymous_79)
FNDA:0,createRoom
FNDA:0,(anonymous_81)
FNDA:0,(anonymous_82)
FNDA:0,updateRoom
FNDA:0,(anonymous_84)
FNDA:0,(anonymous_85)
FNDA:0,membership
FNDA:0,(anonymous_87)
FNDA:0,(anonymous_88)
FNDA:0,(anonymous_89)
FNDA:0,(anonymous_90)
FNDA:0,(anonymous_91)
FNDA:0,(anonymous_92)
FNDA:0,(anonymous_93)
FNDA:0,partRoom
FNDA:0,(anonymous_95)
FNDA:0,toggleFavorite
FNDA:0,(anonymous_97)
FNDA:0,(anonymous_98)
FNDA:0,(anonymous_99)
FNDA:0,(anonymous_100)
FNDA:0,(anonymous_101)
FNDA:0,updateUserList
FNDA:0,(anonymous_103)
FNDA:0,(anonymous_104)
FNDA:0,updateActiveUsers
FNDA:0,(anonymous_106)
FNDA:0,(anonymous_107)
FNDA:0,(anonymous_108)
FNDA:0,(anonymous_109)
FNDA:0,(anonymous_110)
FNDA:0,leaveRoom
FNDA:0,(anonymous_112)
FNDA:0,disconnect
FNDA:0,(anonymous_114)
FNDA:0,(anonymous_115)
FNDA:0,(anonymous_116)
FNDA:0,(anonymous_117)
DA:5,1
DA:6,1
DA:7,1
DA:8,1
DA:9,1
DA:10,1
DA:11,1
DA:12,1
DA:13,1
DA:16,1
DA:17,1
DA:20,1
DA:21,1
DA:24,1
DA:27,1
DA:28,1
DA:36,1
DA:37,2
DA:38,2
DA:39,1
DA:40,1
DA:42,1
DA:43,1
DA:48,1
DA:49,0
DA:50,0
DA:52,0
DA:56,1
DA:57,0
DA:58,0
DA:60,0
DA:62,0
DA:64,0
DA:65,0
DA:67,0
DA:69,0
DA:70,0
DA:71,0
DA:72,0
DA:75,0
DA:76,0
DA:78,0
DA:79,0
DA:81,0
DA:82,0
DA:84,0
DA:86,0
DA:87,0
DA:89,0
DA:93,0
DA:94,0
DA:96,0
DA:99,1
DA:100,0
DA:103,0
DA:105,0
DA:106,0
DA:107,0
DA:109,0
DA:120,1
DA:121,2
DA:124,2
DA:127,2
DA:134,2
DA:135,2
DA:136,2
DA:137,0
DA:138,0
DA:139,0
DA:140,0
DA:141,0
DA:145,2
DA:147,2
DA:149,2
DA:160,2
DA:161,2
DA:162,0
DA:163,0
DA:164,0
DA:165,0
DA:166,0
DA:168,0
DA:169,0
DA:172,0
DA:174,0
DA:178,0
DA:188,1
DA:189,0
DA:190,0
DA:191,0
DA:192,0
DA:193,0
DA:195,0
DA:197,0
DA:198,0
DA:199,0
DA:200,0
DA:203,0
DA:204,0
DA:207,0
DA:215,1
DA:216,0
DA:218,0
DA:220,0
DA:221,0
DA:222,0
DA:225,0
DA:226,0
DA:227,0
DA:229,0
DA:230,0
DA:231,0
DA:234,0
DA:235,0
DA:236,0
DA:239,0
DA:240,0
DA:242,0
DA:246,0
DA:253,0
DA:254,0
DA:257,0
DA:261,0
DA:262,0
DA:265,0
DA:266,0
DA:270,0
DA:271,0
DA:272,0
DA:273,0
DA:274,0
DA:275,0
DA:276,0
DA:277,0
DA:278,0
DA:283,0
DA:284,0
DA:285,0
DA:288,0
DA:289,0
DA:291,0
DA:295,0
DA:297,0
DA:298,0
DA:299,0
DA:300,0
DA:301,0
DA:302,0
DA:303,0
DA:305,0
DA:306,0
DA:313,0
DA:316,0
DA:317,0
DA:318,0
DA:319,0
DA:326,0
DA:327,0
DA:328,0
DA:332,0
DA:333,0
DA:353,1
DA:354,0
DA:356,0
DA:357,0
DA:358,0
DA:359,0
DA:360,0
DA:361,0
DA:362,0
DA:363,0
DA:364,0
DA:365,0
DA:366,0
DA:368,0
DA:369,0
DA:370,0
DA:373,0
DA:374,0
DA:376,0
DA:384,1
DA:385,0
DA:386,0
DA:390,1
DA:399,1
DA:400,0
DA:401,0
DA:404,0
DA:405,0
DA:406,0
DA:409,0
DA:412,0
DA:414,0
DA:415,0
DA:418,0
DA:419,0
DA:422,0
DA:424,0
DA:425,0
DA:435,0
DA:436,0
DA:442,0
DA:444,0
DA:453,0
DA:461,1
DA:462,0
DA:463,0
DA:464,0
DA:466,0
DA:467,0
DA:468,0
DA:471,0
DA:475,0
DA:477,0
DA:481,0
DA:482,0
DA:483,0
DA:484,0
DA:485,0
DA:492,0
DA:493,0
DA:495,0
DA:496,0
DA:497,0
DA:498,0
DA:499,0
DA:502,0
DA:503,0
DA:506,0
DA:510,0
DA:511,0
DA:520,0
DA:521,0
DA:526,0
DA:528,0
DA:530,0
DA:531,0
DA:534,0
DA:543,0
DA:554,0
DA:555,0
DA:556,0
DA:561,0
DA:562,0
DA:563,0
DA:568,0
DA:569,0
DA:570,0
DA:572,0
DA:573,0
DA:578,0
DA:579,0
DA:580,0
DA:584,0
DA:585,0
DA:586,0
DA:588,0
DA:591,0
DA:595,1
DA:596,0
DA:597,0
DA:599,0
DA:602,1
DA:603,0
DA:604,0
DA:605,0
DA:606,0
DA:608,0
DA:610,0
DA:613,1
DA:614,0
DA:615,0
DA:616,0
DA:617,0
DA:618,0
DA:620,0
DA:626,1
DA:628,0
DA:631,0
DA:632,0
DA:640,1
DA:641,0
DA:644,0
DA:645,0
DA:646,0
DA:648,0
DA:653,0
DA:654,0
DA:655,0
DA:658,0
DA:659,0
DA:662,0
DA:665,0
DA:666,0
DA:667,0
DA:668,0
DA:669,0
DA:670,0
DA:672,0
DA:673,0
DA:676,0
DA:679,0
DA:680,0
DA:685,0
DA:686,0
DA:695,1
DA:696,0
DA:697,0
DA:698,0
DA:699,0
DA:701,0
DA:706,0
DA:707,0
DA:716,1
DA:717,0
DA:720,0
DA:722,0
DA:723,0
DA:730,1
DA:731,0
DA:732,0
DA:733,0
DA:734,0
DA:735,0
DA:743,1
DA:744,0
DA:745,0
DA:746,0
DA:747,0
DA:749,0
DA:750,0
DA:751,0
DA:752,0
DA:753,0
DA:754,0
DA:755,0
DA:756,0
DA:757,0
DA:758,0
DA:760,0
DA:761,0
DA:763,0
DA:764,0
DA:765,0
DA:766,0
DA:767,0
DA:768,0
DA:769,0
DA:770,0
DA:772,0
DA:773,0
DA:775,0
DA:776,0
DA:780,0
DA:783,0
DA:791,1
DA:792,0
DA:796,0
DA:797,0
DA:798,0
DA:801,0
DA:802,0
DA:807,0
DA:808,0
DA:809,0
DA:810,0
DA:811,0
DA:812,0
DA:814,0
DA:815,0
DA:816,0
DA:817,0
DA:818,0
DA:819,0
DA:820,0
DA:821,0
DA:823,0
DA:824,0
DA:827,0
DA:828,0
DA:833,0
DA:835,0
DA:836,0
DA:837,0
DA:843,0
DA:844,0
DA:845,0
DA:846,0
DA:848,0
DA:849,0
DA:850,0
DA:853,0
DA:854,0
DA:858,0
DA:860,0
DA:861,0
DA:862,0
DA:865,0
DA:868,0
DA:870,0
DA:872,0
DA:873,0
DA:876,0
DA:879,0
DA:881,0
DA:892,1
DA:893,0
DA:894,0
DA:903,0
DA:904,0
DA:905,0
DA:906,0
DA:907,0
DA:909,0
DA:910,0
DA:911,0
DA:912,0
DA:913,0
DA:914,0
DA:915,0
DA:917,0
DA:920,0
DA:929,1
DA:930,0
DA:931,0
DA:941,0
DA:942,0
DA:943,0
DA:944,0
DA:947,0
DA:948,0
DA:949,0
DA:950,0
DA:951,0
DA:952,0
DA:954,0
DA:956,0
DA:959,0
DA:965,1
DA:966,0
DA:968,0
DA:969,0
DA:970,0
DA:971,0
DA:972,0
DA:973,0
DA:974,0
DA:976,0
DA:978,0
DA:979,0
DA:988,0
DA:991,0
DA:992,0
DA:993,0
DA:995,0
DA:996,0
DA:997,0
DA:1000,0
DA:1002,0
DA:1003,0
DA:1004,0
DA:1005,0
DA:1006,0
DA:1007,0
DA:1009,0
DA:1010,0
DA:1012,0
DA:1013,0
DA:1018,0
DA:1019,0
DA:1027,0
DA:1028,0
DA:1029,0
DA:1030,0
DA:1031,0
DA:1032,0
DA:1035,0
DA:1036,0
DA:1039,0
DA:1040,0
DA:1043,0
DA:1045,0
DA:1046,0
DA:1047,0
DA:1049,0
DA:1050,0
DA:1051,0
DA:1052,0
DA:1053,0
DA:1054,0
DA:1056,0
DA:1060,0
DA:1061,0
DA:1062,0
DA:1074,1
DA:1075,0
DA:1076,0
DA:1077,0
DA:1078,0
DA:1083,0
DA:1085,0
DA:1086,0
DA:1087,0
DA:1090,0
DA:1092,0
DA:1093,0
DA:1094,0
DA:1096,0
DA:1097,0
DA:1099,0
DA:1102,0
DA:1105,0
DA:1113,1
DA:1114,0
DA:1115,0
DA:1116,0
DA:1117,0
DA:1119,0
DA:1121,0
DA:1122,0
DA:1124,0
DA:1125,0
DA:1128,0
DA:1131,0
DA:1132,0
DA:1133,0
DA:1136,0
DA:1138,0
DA:1140,0
DA:1142,0
DA:1144,0
DA:1145,0
DA:1146,0
DA:1150,0
DA:1151,0
DA:1152,0
DA:1153,0
DA:1156,0
DA:1161,0
DA:1162,0
DA:1163,0
DA:1164,0
DA:1165,0
DA:1170,0
DA:1171,0
DA:1173,0
DA:1183,1
DA:1184,0
DA:1185,0
DA:1186,0
DA:1187,0
DA:1188,0
DA:1189,0
DA:1190,0
DA:1191,0
DA:1195,0
DA:1196,0
DA:1213,1
DA:1214,0
DA:1216,0
DA:1218,0
DA:1219,0
DA:1221,0
DA:1233,1
DA:1234,0
DA:1235,0
DA:1236,0
DA:1237,0
DA:1239,0
DA:1240,0
DA:1241,0
DA:1245,0
DA:1246,0
DA:1249,0
DA:1250,0
DA:1255,0
DA:1260,1
DA:1261,0
DA:1265,1
DA:1266,0
DA:1267,0
DA:1268,0
DA:1269,0
DA:1271,0
DA:1273,0
DA:1275,0
DA:1276,0
DA:1285,1
DA:1286,0
DA:1287,0
DA:1288,0
DA:1291,0
DA:1296,0
DA:1297,0
DA:1298,0
DA:1300,0
DA:1303,0
DA:1304,0
DA:1305,0
DA:1308,0
DA:1309,0
DA:1312,0
DA:1315,0
DA:1316,0
DA:1320,0
DA:1321,0
DA:1322,0
DA:1323,0
DA:1324,0
DA:1327,0
DA:1328,0
DA:1331,0
DA:1333,0
DA:1334,0
DA:1341,0
DA:1342,0
DA:1343,0
DA:1344,0
DA:1349,0
DA:1350,0
DA:1353,0
DA:1360,1
LF:622
LH:67
BRDA:38,1,0,1
BRDA:38,1,1,1
BRDA:39,2,0,1
BRDA:39,2,1,0
BRDA:42,3,0,1
BRDA:42,3,1,0
BRDA:103,4,0,0
BRDA:103,4,1,0
BRDA:106,5,0,0
BRDA:106,5,1,0
BRDA:136,6,0,0
BRDA:136,6,1,2
BRDA:162,7,0,0
BRDA:162,7,1,0
BRDA:168,8,0,0
BRDA:168,8,1,0
BRDA:198,9,0,0
BRDA:198,9,1,0
BRDA:203,10,0,0
BRDA:203,10,1,0
BRDA:221,11,0,0
BRDA:221,11,1,0
BRDA:229,12,0,0
BRDA:229,12,1,0
BRDA:234,13,0,0
BRDA:234,13,1,0
BRDA:239,14,0,0
BRDA:239,14,1,0
BRDA:253,15,0,0
BRDA:253,15,1,0
BRDA:272,16,0,0
BRDA:272,16,1,0
BRDA:317,17,0,0
BRDA:317,17,1,0
BRDA:358,18,0,0
BRDA:358,18,1,0
BRDA:359,19,0,0
BRDA:359,19,1,0
BRDA:364,20,0,0
BRDA:364,20,1,0
BRDA:373,21,0,0
BRDA:373,21,1,0
BRDA:404,22,0,0
BRDA:404,22,1,0
BRDA:414,23,0,0
BRDA:414,23,1,0
BRDA:418,24,0,0
BRDA:418,24,1,0
BRDA:424,25,0,0
BRDA:424,25,1,0
BRDA:466,26,0,0
BRDA:466,26,1,0
BRDA:482,27,0,0
BRDA:482,27,1,0
BRDA:483,28,0,0
BRDA:483,28,1,0
BRDA:496,29,0,0
BRDA:496,29,1,0
BRDA:497,30,0,0
BRDA:497,30,1,0
BRDA:530,31,0,0
BRDA:530,31,1,0
BRDA:554,32,0,0
BRDA:554,32,1,0
BRDA:568,33,0,0
BRDA:568,33,1,0
BRDA:578,34,0,0
BRDA:578,34,1,0
BRDA:617,35,0,0
BRDA:617,35,1,0
BRDA:653,36,0,0
BRDA:653,36,1,0
BRDA:658,37,0,0
BRDA:658,37,1,0
BRDA:667,38,0,0
BRDA:667,38,1,0
BRDA:668,39,0,0
BRDA:668,39,1,0
BRDA:733,40,0,0
BRDA:733,40,1,0
BRDA:752,41,0,0
BRDA:752,41,1,0
BRDA:763,42,0,0
BRDA:763,42,1,0
BRDA:765,43,0,0
BRDA:765,43,1,0
BRDA:767,44,0,0
BRDA:767,44,1,0
BRDA:772,45,0,0
BRDA:772,45,1,0
BRDA:780,46,0,0
BRDA:780,46,1,0
BRDA:796,47,0,0
BRDA:796,47,1,0
BRDA:807,48,0,0
BRDA:807,48,1,0
BRDA:811,49,0,0
BRDA:811,49,1,0
BRDA:820,50,0,0
BRDA:820,50,1,0
BRDA:823,51,0,0
BRDA:823,51,1,0
BRDA:848,52,0,0
BRDA:848,52,1,0
BRDA:849,53,0,0
BRDA:849,53,1,0
BRDA:853,54,0,0
BRDA:853,54,1,0
BRDA:861,55,0,0
BRDA:861,55,1,0
BRDA:872,56,0,0
BRDA:872,56,1,0
BRDA:906,57,0,0
BRDA:906,57,1,0
BRDA:915,58,0,0
BRDA:915,58,1,0
BRDA:943,59,0,0
BRDA:943,59,1,0
BRDA:954,60,0,0
BRDA:954,60,1,0
BRDA:978,61,0,0
BRDA:978,61,1,0
BRDA:995,62,0,0
BRDA:995,62,1,0
BRDA:1018,63,0,0
BRDA:1018,63,1,0
BRDA:1035,64,0,0
BRDA:1035,64,1,0
BRDA:1085,65,0,0
BRDA:1085,65,1,0
BRDA:1093,66,0,0
BRDA:1093,66,1,0
BRDA:1096,67,0,0
BRDA:1096,67,1,0
BRDA:1124,68,0,0
BRDA:1124,68,1,0
BRDA:1132,69,0,0
BRDA:1132,69,1,0
BRDA:1144,70,0,0
BRDA:1144,70,1,0
BRDA:1152,71,0,0
BRDA:1152,71,1,0
BRDA:1161,72,0,0
BRDA:1161,72,1,0
BRDA:1190,73,0,0
BRDA:1190,73,1,0
BRDA:1195,74,0,0
BRDA:1195,74,1,0
BRDA:1239,75,0,0
BRDA:1239,75,1,0
BRDA:1267,76,0,0
BRDA:1267,76,1,0
BRDA:1287,77,0,0
BRDA:1287,77,1,0
BRDA:1296,78,0,0
BRDA:1296,78,1,0
BRDA:1296,79,0,0
BRDA:1296,79,1,0
BRDA:1304,80,0,0
BRDA:1304,80,1,0
BRDA:1308,81,0,0
BRDA:1308,81,1,0
BRDA:1323,82,0,0
BRDA:1323,82,1,0
BRDA:1327,83,0,0
BRDA:1327,83,1,0
BRDA:1341,84,0,0
BRDA:1341,84,1,0
BRDA:1341,85,0,0
BRDA:1341,85,1,0
BRDA:1343,86,0,0
BRDA:1343,86,1,0
BRDA:1349,87,0,0
BRDA:1349,87,1,0
BRF:174
BRH:5
end_of_record
TN:
SF:/Users/philip/github/pipo/server/models/keyid.js
FN:10,getMasterKeyId
FN:13,(anonymous_2)
FN:17,(anonymous_3)
FN:26,createMasterKeyId
FN:31,(anonymous_5)
FN:41,incrementMasterKeyId
FN:43,(anonymous_7)
FN:49,(anonymous_8)
FNF:8
FNH:0
FNDA:0,getMasterKeyId
FNDA:0,(anonymous_2)
FNDA:0,(anonymous_3)
FNDA:0,createMasterKeyId
FNDA:0,(anonymous_5)
FNDA:0,incrementMasterKeyId
FNDA:0,(anonymous_7)
FNDA:0,(anonymous_8)
DA:1,1
DA:2,1
DA:4,1
DA:10,1
DA:11,0
DA:12,0
DA:13,0
DA:14,0
DA:15,0
DA:16,0
DA:17,0
DA:20,0
DA:21,0
DA:26,1
DA:27,0
DA:32,0
DA:33,0
DA:35,0
DA:36,0
DA:41,1
DA:42,0
DA:43,0
DA:44,0
DA:45,0
DA:47,0
DA:48,0
DA:49,0
DA:50,0
DA:51,0
DA:53,0
DA:60,1
LF:31
LH:7
BRDA:14,1,0,0
BRDA:14,1,1,0
BRDA:16,2,0,0
BRDA:16,2,1,0
BRDA:16,3,0,0
BRDA:16,3,1,0
BRDA:32,4,0,0
BRDA:32,4,1,0
BRDA:44,5,0,0
BRDA:44,5,1,0
BRDA:50,6,0,0
BRDA:50,6,1,0
BRF:12
BRH:0
end_of_record
TN:
SF:/Users/philip/github/pipo/server/models/keypair.js
FN:21,regenerateMasterKeyPair
FN:24,(anonymous_2)
FN:27,(anonymous_3)
FN:38,generateMasterKeyPair
FN:41,(anonymous_5)
FN:46,(anonymous_6)
FN:60,updateMasterKeyPairForAllUsers
FN:65,(anonymous_8)
FN:68,(anonymous_9)
FN:69,(anonymous_10)
FN:74,(anonymous_11)
FN:80,checkMasterKeyPairForAllUsers
FN:81,(anonymous_13)
FN:86,(anonymous_14)
FN:87,(anonymous_15)
FN:104,updateMasterKeyPairForUser
FN:113,(anonymous_17)
FN:114,(anonymous_18)
FN:118,(anonymous_19)
FN:132,generateKeyPair
FN:136,(anonymous_21)
FN:163,(anonymous_22)
FN:166,(anonymous_23)
FN:171,(anonymous_24)
FN:174,(anonymous_25)
FNF:25
FNH:0
FNDA:0,regenerateMasterKeyPair
FNDA:0,(anonymous_2)
FNDA:0,(anonymous_3)
FNDA:0,generateMasterKeyPair
FNDA:0,(anonymous_5)
FNDA:0,(anonymous_6)
FNDA:0,updateMasterKeyPairForAllUsers
FNDA:0,(anonymous_8)
FNDA:0,(anonymous_9)
FNDA:0,(anonymous_10)
FNDA:0,(anonymous_11)
FNDA:0,checkMasterKeyPairForAllUsers
FNDA:0,(anonymous_13)
FNDA:0,(anonymous_14)
FNDA:0,(anonymous_15)
FNDA:0,updateMasterKeyPairForUser
FNDA:0,(anonymous_17)
FNDA:0,(anonymous_18)
FNDA:0,(anonymous_19)
FNDA:0,generateKeyPair
FNDA:0,(anonymous_21)
FNDA:0,(anonymous_22)
FNDA:0,(anonymous_23)
FNDA:0,(anonymous_24)
FNDA:0,(anonymous_25)
DA:1,1
DA:3,1
DA:4,1
DA:5,1
DA:6,1
DA:7,1
DA:8,1
DA:9,1
DA:11,1
DA:21,1
DA:22,0
DA:23,0
DA:24,0
DA:25,0
DA:27,0
DA:28,0
DA:29,0
DA:30,0
DA:32,0
DA:33,0
DA:38,1
DA:39,0
DA:40,0
DA:41,0
DA:42,0
DA:43,0
DA:44,0
DA:46,0
DA:47,0
DA:48,0
DA:49,0
DA:51,0
DA:52,0
DA:60,1
DA:61,0
DA:62,0
DA:63,0
DA:65,0
DA:66,0
DA:67,0
DA:68,0
DA:69,0
DA:70,0
DA:72,0
DA:75,0
DA:80,1
DA:81,0
DA:82,0
DA:83,0
DA:85,0
DA:86,0
DA:87,0
DA:89,0
DA:90,0
DA:91,0
DA:92,0
DA:94,0
DA:95,0
DA:98,0
DA:104,1
DA:108,0
DA:109,0
DA:110,0
DA:111,0
DA:113,0
DA:114,0
DA:115,0
DA:116,0
DA:117,0
DA:118,0
DA:122,0
DA:127,0
DA:128,0
DA:132,1
DA:133,0
DA:135,0
DA:141,0
DA:142,0
DA:163,0
DA:164,0
DA:166,0
DA:169,0
DA:173,0
DA:174,0
DA:176,0
DA:177,0
DA:181,0
DA:213,1
LF:88
LH:16
BRDA:28,1,0,0
BRDA:28,1,1,0
BRDA:43,2,0,0
BRDA:43,2,1,0
BRDA:47,3,0,0
BRDA:47,3,1,0
BRDA:70,4,0,0
BRDA:70,4,1,0
BRDA:82,5,0,0
BRDA:82,5,1,0
BRDA:89,6,0,0
BRDA:89,6,1,0
BRDA:89,7,0,0
BRDA:89,7,1,0
BRDA:91,8,0,0
BRDA:91,8,1,0
BRDA:108,9,0,0
BRDA:108,9,1,0
BRDA:164,10,0,0
BRDA:164,10,1,0
BRF:20
BRH:0
end_of_record
TN:
SF:/Users/philip/github/pipo/server/models/pfile.js
FN:29,create
FN:37,(anonymous_2)
FN:61,finish
FN:66,(anonymous_4)
FN:73,(anonymous_5)
FN:92,(anonymous_6)
FN:98,(anonymous_7)
FN:115,get
FN:118,(anonymous_9)
FN:135,getChunk
FN:136,isRequestedChunk
FN:152,addChunk
FN:164,(anonymous_13)
FN:167,(anonymous_14)
FN:190,(anonymous_15)
FN:204,(anonymous_16)
FN:214,(anonymous_17)
FN:221,(anonymous_18)
FN:231,(anonymous_19)
FN:246,verify
FNF:20
FNH:0
FNDA:0,create
FNDA:0,(anonymous_2)
FNDA:0,finish
FNDA:0,(anonymous_4)
FNDA:0,(anonymous_5)
FNDA:0,(anonymous_6)
FNDA:0,(anonymous_7)
FNDA:0,get
FNDA:0,(anonymous_9)
FNDA:0,getChunk
FNDA:0,isRequestedChunk
FNDA:0,addChunk
FNDA:0,(anonymous_13)
FNDA:0,(anonymous_14)
FNDA:0,(anonymous_15)
FNDA:0,(anonymous_16)
FNDA:0,(anonymous_17)
FNDA:0,(anonymous_18)
FNDA:0,(anonymous_19)
FNDA:0,verify
DA:1,1
DA:2,1
DA:3,1
DA:4,1
DA:5,1
DA:6,1
DA:7,1
DA:8,1
DA:10,1
DA:29,1
DA:30,0
DA:31,0
DA:32,0
DA:33,0
DA:34,0
DA:37,0
DA:38,0
DA:39,0
DA:40,0
DA:46,0
DA:57,0
DA:59,0
DA:61,0
DA:62,0
DA:63,0
DA:66,0
DA:67,0
DA:68,0
DA:69,0
DA:70,0
DA:73,0
DA:74,0
DA:75,0
DA:78,0
DA:82,0
DA:85,0
DA:91,0
DA:92,0
DA:93,0
DA:94,0
DA:95,0
DA:97,0
DA:98,0
DA:99,0
DA:100,0
DA:101,0
DA:104,0
DA:115,1
DA:116,0
DA:118,0
DA:119,0
DA:120,0
DA:121,0
DA:124,0
DA:125,0
DA:126,0
DA:129,0
DA:131,0
DA:135,1
DA:136,0
DA:137,0
DA:140,0
DA:143,0
DA:144,0
DA:147,0
DA:149,0
DA:152,1
DA:153,0
DA:159,0
DA:160,0
DA:164,0
DA:165,0
DA:167,0
DA:168,0
DA:169,0
DA:172,0
DA:173,0
DA:176,0
DA:177,0
DA:182,0
DA:183,0
DA:185,0
DA:186,0
DA:187,0
DA:190,0
DA:191,0
DA:193,0
DA:205,0
DA:206,0
DA:209,0
DA:214,0
DA:215,0
DA:218,0
DA:219,0
DA:220,0
DA:221,0
DA:222,0
DA:223,0
DA:226,0
DA:227,0
DA:231,0
DA:232,0
DA:233,0
DA:236,0
DA:246,1
DA:248,0
DA:251,1
LF:107
LH:15
BRDA:38,1,0,0
BRDA:38,1,1,0
BRDA:62,2,0,0
BRDA:62,2,1,0
BRDA:68,3,0,0
BRDA:68,3,1,0
BRDA:74,4,0,0
BRDA:74,4,1,0
BRDA:91,5,0,0
BRDA:91,5,1,0
BRDA:97,6,0,0
BRDA:97,6,1,0
BRDA:119,7,0,0
BRDA:119,7,1,0
BRDA:124,8,0,0
BRDA:124,8,1,0
BRDA:165,9,0,0
BRDA:165,9,1,0
BRDA:168,10,0,0
BRDA:168,10,1,0
BRDA:172,11,0,0
BRDA:172,11,1,0
BRDA:182,12,0,0
BRDA:182,12,1,0
BRDA:185,13,0,0
BRDA:185,13,1,0
BRDA:205,14,0,0
BRDA:205,14,1,0
BRDA:218,15,0,0
BRDA:218,15,1,0
BRDA:222,16,0,0
BRDA:222,16,1,0
BRDA:232,17,0,0
BRDA:232,17,1,0
BRF:34
BRH:0
end_of_record
TN:
SF:/Users/philip/github/pipo/server/js/managers/file.js
FN:7,FileManager
FN:8,(anonymous_2)
FN:56,handleChunk
FN:73,(anonymous_4)
FN:92,(anonymous_5)
FN:99,handleGetFile
FN:108,(anonymous_7)
FN:119,(anonymous_8)
FNF:8
FNH:1
FNDA:1,FileManager
FNDA:0,(anonymous_2)
FNDA:0,handleChunk
FNDA:0,(anonymous_4)
FNDA:0,(anonymous_5)
FNDA:0,handleGetFile
FNDA:0,(anonymous_7)
FNDA:0,(anonymous_8)
DA:1,1
DA:2,1
DA:3,1
DA:4,1
DA:5,1
DA:7,1
DA:8,1
DA:9,0
DA:10,0
DA:11,0
DA:12,0
DA:15,0
DA:22,0
DA:23,0
DA:27,0
DA:28,0
DA:29,0
DA:30,0
DA:31,0
DA:34,0
DA:35,0
DA:36,0
DA:37,0
DA:38,0
DA:41,0
DA:50,0
DA:53,0
DA:56,1
DA:57,0
DA:58,0
DA:59,0
DA:60,0
DA:61,0
DA:62,0
DA:63,0
DA:64,0
DA:66,0
DA:67,0
DA:73,0
DA:74,0
DA:76,0
DA:77,0
DA:81,0
DA:82,0
DA:85,0
DA:90,0
DA:92,0
DA:93,0
DA:99,1
DA:101,0
DA:102,0
DA:103,0
DA:105,0
DA:108,0
DA:109,0
DA:110,0
DA:115,0
DA:119,0
DA:120,0
DA:121,0
DA:129,0
DA:132,0
DA:133,0
DA:142,1
LF:64
LH:10
BRDA:22,1,0,0
BRDA:22,1,1,0
BRDA:27,2,0,0
BRDA:27,2,1,0
BRDA:34,3,0,0
BRDA:34,3,1,0
BRDA:76,4,0,0
BRDA:76,4,1,0
BRDA:81,5,0,0
BRDA:81,5,1,0
BRDA:90,6,0,0
BRDA:90,6,1,0
BRDA:90,7,0,0
BRDA:90,7,1,0
BRF:14
BRH:0
end_of_record
TN:
SF:/Users/philip/github/pipo/server/js/managers/notify.js
FN:6,NotifyManager
FN:7,(anonymous_2)
FN:17,(anonymous_3)
FN:24,(anonymous_4)
FN:29,finish
FN:34,(anonymous_6)
FN:38,(anonymous_7)
FNF:7
FNH:1
FNDA:1,NotifyManager
FNDA:0,(anonymous_2)
FNDA:0,(anonymous_3)
FNDA:0,(anonymous_4)
FNDA:0,finish
FNDA:0,(anonymous_6)
FNDA:0,(anonymous_7)
DA:1,1
DA:2,1
DA:3,1
DA:4,1
DA:6,1
DA:7,1
DA:8,0
DA:9,0
DA:10,0
DA:11,0
DA:12,0
DA:14,0
DA:15,0
DA:16,0
DA:17,0
DA:18,0
DA:22,0
DA:23,0
DA:24,0
DA:25,0
DA:29,0
DA:32,0
DA:34,0
DA:35,0
DA:38,0
DA:39,0
DA:40,0
DA:43,0
DA:49,0
DA:51,0
DA:52,0
DA:55,0
DA:56,0
DA:59,0
DA:65,1
LF:35
LH:7
BRDA:15,1,0,0
BRDA:15,1,1,0
BRDA:22,2,0,0
BRDA:22,2,1,0
BRDA:39,3,0,0
BRDA:39,3,1,0
BRDA:51,4,0,0
BRDA:51,4,1,0
BRDA:55,5,0,0
BRDA:55,5,1,0
BRF:10
BRH:0
end_of_record
TN:
SF:/Users/philip/github/pipo/server/server.js
FN:44,Server
FN:106,(anonymous_2)
FN:113,(anonymous_3)
FN:123,onError
FN:148,listening
FN:168,(anonymous_6)
FN:175,(anonymous_7)
FN:184,(anonymous_8)
FN:198,(anonymous_9)
FN:204,(anonymous_10)
FN:220,(anonymous_11)
FN:221,(anonymous_12)
FN:224,(anonymous_13)
FN:230,(anonymous_14)
FNF:14
FNH:9
FNDA:2,Server
FNDA:5,(anonymous_2)
FNDA:0,(anonymous_3)
FNDA:0,onError
FNDA:1,listening
FNDA:1,(anonymous_6)
FNDA:1,(anonymous_7)
FNDA:0,(anonymous_8)
FNDA:0,(anonymous_9)
FNDA:0,(anonymous_10)
FNDA:1,(anonymous_11)
FNDA:1,(anonymous_12)
FNDA:1,(anonymous_13)
FNDA:1,(anonymous_14)
DA:2,1
DA:3,1
DA:4,1
DA:5,1
DA:8,1
DA:9,1
DA:10,1
DA:11,1
DA:12,1
DA:13,1
DA:14,1
DA:15,1
DA:16,1
DA:17,1
DA:18,1
DA:19,1
DA:20,1
DA:23,1
DA:26,1
DA:29,1
DA:30,1
DA:31,1
DA:32,1
DA:33,1
DA:36,1
DA:37,1
DA:38,1
DA:39,1
DA:42,1
DA:44,1
DA:45,2
DA:46,2
DA:47,1
DA:50,1
DA:51,1
DA:54,0
DA:55,0
DA:59,1
DA:61,1
DA:62,0
DA:64,1
DA:67,1
DA:68,1
DA:71,1
DA:72,1
DA:73,1
DA:76,1
DA:77,1
DA:78,1
DA:82,1
DA:88,1
DA:89,1
DA:90,1
DA:91,1
DA:92,1
DA:93,1
DA:95,1
DA:98,1
DA:101,1
DA:102,1
DA:104,1
DA:106,1
DA:107,5
DA:108,5
DA:110,5
DA:113,1
DA:114,0
DA:118,1
DA:123,1
DA:124,0
DA:125,0
DA:128,0
DA:129,0
DA:134,0
DA:136,0
DA:137,0
DA:138,0
DA:140,0
DA:141,0
DA:142,0
DA:144,0
DA:148,1
DA:149,1
DA:150,1
DA:153,1
DA:156,1
DA:158,1
DA:165,1
DA:168,1
DA:169,1
DA:170,1
DA:171,1
DA:172,1
DA:175,1
DA:176,1
DA:177,1
DA:180,0
DA:182,0
DA:184,0
DA:185,0
DA:186,0
DA:187,0
DA:191,0
DA:194,1
DA:196,1
DA:198,1
DA:199,0
DA:200,0
DA:201,0
DA:204,1
DA:205,0
DA:206,0
DA:210,0
DA:212,1
DA:214,0
DA:215,0
DA:220,1
DA:221,1
DA:222,1
DA:224,1
DA:225,1
DA:226,1
DA:231,1
DA:232,0
DA:234,1
DA:240,1
LF:126
LH:94
BRDA:46,1,0,1
BRDA:46,1,1,1
BRDA:61,2,0,0
BRDA:61,2,1,1
BRDA:124,3,0,0
BRDA:124,3,1,0
BRDA:129,4,0,0
BRDA:129,4,1,0
BRDA:134,5,0,0
BRDA:134,5,1,0
BRDA:134,5,2,0
BRDA:150,6,0,0
BRDA:150,6,1,1
BRDA:177,7,0,0
BRDA:177,7,1,1
BRDA:177,7,2,0
BRDA:231,8,0,0
BRDA:231,8,1,1
BRF:18
BRH:6
end_of_record
TN:
SF:/Users/philip/github/pipo/server/js/managers/authentication.js
FN:7,AuthenticationManager
FN:8,(anonymous_2)
FN:12,(anonymous_3)
FN:16,(anonymous_4)
FN:17,(anonymous_5)
FN:27,(anonymous_6)
FN:28,(anonymous_7)
FN:36,(anonymous_8)
FNF:8
FNH:2
FNDA:1,AuthenticationManager
FNDA:1,(anonymous_2)
FNDA:0,(anonymous_3)
FNDA:0,(anonymous_4)
FNDA:0,(anonymous_5)
FNDA:0,(anonymous_6)
FNDA:0,(anonymous_7)
FNDA:0,(anonymous_8)
DA:1,1
DA:2,1
DA:3,1
DA:4,1
DA:5,1
DA:7,1
DA:8,1
DA:9,1
DA:10,1
DA:12,1
DA:13,0
DA:16,1
DA:17,0
DA:18,0
DA:24,1
DA:27,1
DA:28,0
DA:29,0
DA:30,0
DA:32,0
DA:33,0
DA:35,0
DA:36,0
DA:37,0
DA:39,0
DA:41,0
DA:42,0
DA:43,0
DA:44,0
DA:46,0
DA:53,1
LF:31
LH:14
BRDA:29,1,0,0
BRDA:29,1,1,0
BRDA:30,2,0,0
BRDA:30,2,1,0
BRDA:37,3,0,0
BRDA:37,3,1,0
BRDA:41,4,0,0
BRDA:41,4,1,0
BRF:8
BRH:0
end_of_record
TN:
SF:/Users/philip/github/pipo/server/js/database.js
FN:10,(anonymous_1)
FN:12,(anonymous_2)
FN:21,(anonymous_3)
FNF:3
FNH:2
FNDA:1,(anonymous_1)
FNDA:1,(anonymous_2)
FNDA:0,(anonymous_3)
DA:2,1
DA:5,1
DA:8,1
DA:10,1
DA:11,1
DA:12,1
DA:13,1
DA:14,1
DA:15,0
DA:16,0
DA:21,1
DA:22,0
DA:25,1
LF:13
LH:10
BRDA:14,1,0,0
BRDA:14,1,1,1
BRF:2
BRH:1
end_of_record
TN:
SF:/Users/philip/github/pipo/config/database.js
FNF:0
FNH:0
DA:2,1
DA:4,1
LF:2
LH:2
BRF:0
BRH:0
end_of_record
TN:
SF:/Users/philip/github/pipo/config/markdown.js
FN:12,(anonymous_1)
FNF:1
FNH:0
FNDA:0,(anonymous_1)
DA:1,1
DA:3,1
DA:13,0
LF:3
LH:2
BRF:0
BRH:0
end_of_record
TN:
SF:/Users/philip/github/pipo/config/http.js
FNF:0
FNH:0
DA:1,1
LF:1
LH:1
BRF:0
BRH:0
end_of_record
TN:
SF:/Users/philip/github/pipo/server/routes/auth.js
FN:4,Auth
FN:7,(anonymous_2)
FN:15,(anonymous_3)
FNF:3
FNH:1
FNDA:1,Auth
FNDA:0,(anonymous_2)
FNDA:0,(anonymous_3)
DA:1,1
DA:4,1
DA:5,1
DA:8,0
DA:9,0
DA:13,1
DA:16,0
DA:17,0
DA:22,1
LF:9
LH:5
BRF:0
BRH:0
end_of_record
TN:
SF:/Users/philip/github/pipo/server/routes/client.js
FN:5,(anonymous_1)
FN:12,(anonymous_2)
FN:16,(anonymous_3)
FN:21,(anonymous_4)
FNF:4
FNH:1
FNDA:1,(anonymous_1)
FNDA:0,(anonymous_2)
FNDA:0,(anonymous_3)
FNDA:0,(anonymous_4)
DA:2,1
DA:3,1
DA:5,1
DA:12,1
DA:13,0
DA:14,0
DA:16,0
DA:17,0
DA:19,0
DA:21,0
DA:22,0
DA:24,0
DA:26,0
LF:13
LH:4
BRDA:17,1,0,0
BRDA:17,1,1,0
BRDA:22,2,0,0
BRDA:22,2,1,0
BRF:4
BRH:0
end_of_record
TN:
SF:/Users/philip/github/pipo/server/routes/keys.js
FN:9,(anonymous_1)
FN:10,(anonymous_2)
FN:14,(anonymous_3)
FN:28,(anonymous_4)
FN:39,(anonymous_5)
FN:45,(anonymous_6)
FN:54,(anonymous_7)
FN:76,(anonymous_8)
FN:80,(anonymous_9)
FN:98,generateKeyPair
FN:104,(anonymous_11)
FN:112,(anonymous_12)
FN:117,showKeys
FNF:13
FNH:1
FNDA:1,(anonymous_1)
FNDA:0,(anonymous_2)
FNDA:0,(anonymous_3)
FNDA:0,(anonymous_4)
FNDA:0,(anonymous_5)
FNDA:0,(anonymous_6)
FNDA:0,(anonymous_7)
FNDA:0,(anonymous_8)
FNDA:0,(anonymous_9)
FNDA:0,generateKeyPair
FNDA:0,(anonymous_11)
FNDA:0,(anonymous_12)
FNDA:0,showKeys
DA:1,1
DA:2,1
DA:3,1
DA:4,1
DA:5,1
DA:6,1
DA:7,1
DA:9,1
DA:10,1
DA:11,0
DA:12,0
DA:13,0
DA:14,0
DA:15,0
DA:16,0
DA:17,0
DA:18,0
DA:19,0
DA:20,0
DA:21,0
DA:23,0
DA:24,0
DA:28,1
DA:30,0
DA:32,0
DA:33,0
DA:34,0
DA:36,0
DA:37,0
DA:39,0
DA:40,0
DA:41,0
DA:42,0
DA:46,0
DA:47,0
DA:49,0
DA:53,0
DA:54,0
DA:55,0
DA:56,0
DA:57,0
DA:59,0
DA:63,0
DA:69,0
DA:70,0
DA:74,1
DA:78,0
DA:79,0
DA:80,0
DA:81,0
DA:82,0
DA:88,0
DA:89,0
DA:91,0
DA:92,0
DA:98,1
DA:99,0
DA:104,0
DA:105,0
DA:106,0
DA:107,0
DA:111,0
DA:113,0
DA:117,1
DA:118,0
LF:65
LH:13
BRDA:15,1,0,0
BRDA:15,1,1,0
BRDA:16,2,0,0
BRDA:16,2,1,0
BRDA:19,3,0,0
BRDA:19,3,1,0
BRDA:36,4,0,0
BRDA:36,4,1,0
BRDA:36,5,0,0
BRDA:36,5,1,0
BRDA:40,6,0,0
BRDA:40,6,1,0
BRDA:46,7,0,0
BRDA:46,7,1,0
BRDA:55,8,0,0
BRDA:55,8,1,0
BRDA:81,9,0,0
BRDA:81,9,1,0
BRDA:88,10,0,0
BRDA:88,10,1,0
BRDA:88,11,0,0
BRDA:88,11,1,0
BRF:22
BRH:0
end_of_record
TN:
SF:/Users/philip/github/pipo/server/routes/membership.js
FN:4,(anonymous_1)
FN:5,(anonymous_2)
FNF:2
FNH:1
FNDA:1,(anonymous_1)
FNDA:0,(anonymous_2)
DA:1,1
DA:2,1
DA:4,1
DA:5,1
LF:4
LH:4
BRF:0
BRH:0
end_of_record
TN:
SF:/Users/philip/github/pipo/server/routes/user.js
FN:3,(anonymous_1)
FN:6,(anonymous_2)
FNF:2
FNH:1
FNDA:1,(anonymous_1)
FNDA:0,(anonymous_2)
DA:1,1
DA:3,1
DA:4,1
DA:7,0
DA:8,0
DA:9,0
DA:11,0
LF:7
LH:3
BRF:0
BRH:0
end_of_record
